Starting up round ID Fish463-18.21.33.
-------------------------
GAME: Saved mode is 'extended'
GAME: Loaded Station in 6.6s!
GAME: Loaded smallforest in 3.2s!
GAME: Loaded Box Station in 0s!
GAME: Loaded smallswamp in 2s!
GAME: Loaded underworld in 0.5s!
EMOTE: *no key*/(saiga) smiles. (rockhill basin (13, 66, 4))
EMOTE: *no key*/(saiga) smiles. (rockhill basin (13, 66, 4))
EMOTE: *no key*/(chicken) smiles. (rockhill basin (60, 56, 4))
EMOTE: *no key*/(chicken) smiles. (rockhill basin (61, 54, 4))
EMOTE: *no key*/(chicken) smiles. (wilderness (66, 100, 8))
EMOTE: *no key*/(chicken) smiles. (wilderness (67, 98, 8))
EMOTE: *no key*/(saiga) smiles. (rockhill basin (66, 69, 8))
EMOTE: *no key*/(saiga) smiles. (rockhill basin (66, 69, 8))
ACCESS: Login: TheGodGuy from 127.0.0.1-2234830288 || BYOND v515.1636
ACCESS: Mob Login: TheGodGuy/(TheGodGuy) was assigned to a /mob/dead/new_player
GAME: TheGodGuy/(TheGodGuy) Client TheGodGuy/(TheGodGuy) has taken ownership of mob TheGodGuy(/mob/dead/new_player) (start area (14, 108, 1))
GAME: HEY! LISTEN! 4.1 seconds were wasted processing 526 turf(s) (connected to 61686 other turfs) with atmos differences at round start.
ACCESS: Logout: TheGodGuy/(TheGodGuy)
GAME: TheGodGuy[DC]/(TheGodGuy) TheGodGuy[DC]/(TheGodGuy) is no longer owning mob TheGodGuy(/mob/dead/new_player) (start area (14, 108, 1))
