/obj/screen/zone_sel => 526.1242676ms (5200) (avg:0.101177744567394256591796875)
/turf/closed/mineral/rogue/bedrock => 384.994873ms (44539) (avg:0.00864399410784244537353515625)
/mob/living/carbon/human => 352.2359924ms (1119) (avg:0.3147774636745452880859375)
/turf/closed/mineral/random/rogue => 233.5189819ms (28165) (avg:0.008291105739772319793701171875)
/obj/screen/stress => 157.0489044ms (11794) (avg:0.01331599988043308258056640625)
/turf/open/floor/rogue/underworld/road => 150.6817017ms (15798) (avg:0.009538023732602596282958984375)
/obj/structure/flora/newtree => 63.26735687ms (9914) (avg:0.0063816173933446407318115234375)
/turf/open/transparent/openspace => 46.91856003ms (6330) (avg:0.0074120946228504180908203125)
/turf/closed/mineral/rogue/coal => 44.2593956ms (5050) (avg:0.0087642371654510498046875)
/turf/open/floor/rogue/dirt/road => 43.43911362ms (6176) (avg:0.007033535279333591461181640625)
/turf/open/floor/rogue/dirt => 31.80033302ms (5576) (avg:0.0057030725292861461639404296875)
/turf/closed/mineral/rogue/iron => 29.93642426ms (3365) (avg:0.008896411396563053131103515625)
/obj/structure/flora/newbranch => 28.52862358ms (4355) (avg:0.0065507744438946247100830078125)
/obj/effect/overlay/water => 25.5741806ms (4657) (avg:0.0054915570653975009918212890625)
/turf/closed/mineral/random/rogue/med => 25.56157494ms (2867) (avg:0.00891579128801822662353515625)
/obj/effect/overlay/water/top => 23.95196915ms (4657) (avg:0.005143218673765659332275390625)
/turf/closed/wall/mineral/rogue/stone => 22.78545761ms (2363) (avg:0.0096425972878932952880859375)
/turf/open/floor/rogue/blocks => 21.04537773ms (2027) (avg:0.010382524691522121429443359375)
/obj/screen/act_intent/rogintent => 18.07038879ms (338) (avg:0.0534626878798007965087890625)
/turf/open/water/swamp => 17.870224ms (2727) (avg:0.00655307061970233917236328125)
/turf/closed/wall/mineral/rogue/craftstone => 16.45426941ms (1728) (avg:0.009522146545350551605224609375)
/obj/structure/flora/newbranch/leafless => 15.70797348ms (3361) (avg:0.004673601128160953521728515625)
/mob/living/carbon/human/dummy => 14.54499531ms (307) (avg:0.0473778359591960906982421875)
/turf/closed/mineral/random/rogue/high => 12.61500072ms (1319) (avg:0.009564064443111419677734375)
/obj/screen/inventory => 10.53409863ms (556) (avg:0.01894622109830379486083984375)
/turf/closed/mineral/rogue/salt => 9.935926437ms (1098) (avg:0.009049112908542156219482421875)
/turf/open/floor/rogue/wood => 9.444364548ms (838) (avg:0.0112701244652271270751953125)
/turf/open/water/cleanshallow => 8.550233841ms (1420) (avg:0.0060212914831936359405517578125)
/turf/open/floor/rogue/woodturned => 8.477567673ms (763) (avg:0.011110835708677768707275390625)
/turf/closed/wall/mineral/rogue/stonebrick => 6.290193558ms (613) (avg:0.0102613270282745361328125)
/obj/structure/flora/newbranch/connector => 6.162593842ms (925) (avg:0.006662263534963130950927734375)
/turf/closed/wall/mineral/rogue/stone/moss => 5.311154366ms (507) (avg:0.010475649498403072357177734375)
/obj/screen/parallax_layer/rogue => 5.120000362ms (32) (avg:0.16000001132488250732421875)
/turf/open/floor/rogue/tile => 4.749034882ms (475) (avg:0.009997968561947345733642578125)
/obj/screen/parallax_layer/rogue/fog => 4.096501827ms (32) (avg:0.12801568210124969482421875)
/turf/closed/wall/mineral/rogue/wood => 3.796127081ms (340) (avg:0.011165079660713672637939453125)
/turf/closed/wall/mineral/rogue/decostone/long => 3.11087656ms (268) (avg:0.011607748456299304962158203125)
/turf/open/floor/rogue/cobblerock => 2.530790091ms (435) (avg:0.0058179083280265331268310546875)
/obj/screen/inventory/hand => 2.526900768ms (191) (avg:0.013229846954345703125)
/turf/open/floor/rogue/carpet => 2.524818897ms (239) (avg:0.010564095340669155120849609375)
/turf/open/floor/carpet/royalblack => 2.129625082ms (175) (avg:0.01216928660869598388671875)
/turf/open/floor/rogue/herringbone => 2.111309052ms (251) (avg:0.0084115900099277496337890625)
/turf/closed/indestructible/riveted => 2.079890251ms (223) (avg:0.00932686217129230499267578125)
/mob/living/carbon/spirit => 2.017199516ms (38) (avg:0.0530841983854770660400390625)
/turf/closed/mineral/rogue => 1.91897583ms (187) (avg:0.01026190258562564849853515625)
/turf/open/floor/rogue/volcanic => 1.839394569ms (157) (avg:0.01171588897705078125)
/obj/machinery/door/airlock/maniac => 1.630401611ms (2) (avg:0.8152008056640625)
/turf/open/floor/rogue/blocks/stonered => 1.614978909ms (174) (avg:0.00928148813545703887939453125)
/obj/item/bodypart/r_arm => 1.600796938ms (122) (avg:0.01312128640711307525634765625)
/turf/open/water/river => 1.385013342ms (232) (avg:0.0059698852710425853729248046875)
/obj/item/bodypart/l_arm => 1.212197542ms (123) (avg:0.00985526479780673980712890625)
/turf/open/floor/rogue/blocks/stonered/tiny => 1.19240582ms (125) (avg:0.00953924655914306640625)
/turf/closed/mineral/rogue/gold => 1.155587196ms (114) (avg:0.010136730037629604339599609375)
/turf/open/floor/rogue/cobble => 0.9269886613ms (148) (avg:0.00626343674957752227783203125)
/turf/open/water/swamp/deep => 0.9096934795ms (149) (avg:0.006105325184762477874755859375)
/turf/closed/wall/mineral/rogue/decostone => 0.8993027806ms (84) (avg:0.010705985128879547119140625)
/turf/open/floor/rogue/tile/masonic => 0.8242040873ms (51) (avg:0.0161608643829822540283203125)
/turf/open/floor/rogue/concrete => 0.8101935387ms (71) (avg:0.01141117699444293975830078125)
/turf/closed/wall/mineral/rogue/pipe => 0.7162055969ms (56) (avg:0.01278938539326190948486328125)
/obj/effect/decal/cleanable/trail_holder => 0.6949996948ms (50) (avg:0.013899994082748889923095703125)
/turf/open/floor/rogue/metal => 0.6612994671ms (57) (avg:0.011601745150983333587646484375)
/turf/open/floor/carpet/purple => 0.642493248ms (52) (avg:0.012355639599263668060302734375)
/turf/open/floor/carpet/inn => 0.6346751451ms (71) (avg:0.008939086459577083587646484375)
/obj/structure/mineral_door/wood => 0.6041977406ms (107) (avg:0.0056467079557478427886962890625)
/obj/screen/movable/action_button => 0.5854998231ms (10) (avg:0.0585499815642833709716796875)
/mob/living/simple_animal/hostile/retaliate/rogue/bigrat => 0.5771998167ms (25) (avg:0.02308799326419830322265625)
/turf/open/floor/carpet/stellar => 0.5744976997ms (45) (avg:0.012766615487635135650634765625)
/turf/open/lava => 0.5612827539ms (84) (avg:0.0066819377243518829345703125)
/turf/open/floor/rogue/cobble/mossy => 0.4845106602ms (84) (avg:0.0057679838500916957855224609375)
/turf/open/water/bath => 0.4769153595ms (72) (avg:0.0066238245926797389984130859375)
/turf/open/floor/rogue/carpet/lord/right => 0.4684927464ms (38) (avg:0.012328756041824817657470703125)
/turf/open/floor/rogue/carpet/lord/left => 0.4537061453ms (38) (avg:0.01193963550031185150146484375)
/turf/open/water/sewer => 0.4426012039ms (57) (avg:0.00776493363082408905029296875)
/turf/open/floor/rogue/hexstone => 0.4260047972ms (66) (avg:0.0064546181820333003997802734375)
/obj/item/reagent_containers/food/snacks/grown/apple => 0.3668000996ms (5) (avg:0.073360018432140350341796875)
/turf/open/floor/rogue/carpet/lord/center => 0.3543028831ms (32) (avg:0.01107196509838104248046875)
/obj/screen/rmbintent => 0.3520004749ms (21) (avg:0.01676192693412303924560546875)
/turf/open/floor/carpet/red => 0.3146133423ms (28) (avg:0.0112361907958984375)
/turf/open/space => 0.3133999109ms (97) (avg:0.00323092681355774402618408203125)
/turf/closed/wall/mineral/rogue/decostone/center => 0.3094034195ms (27) (avg:0.01145938597619533538818359375)
/turf/open/floor/rogue/blocks/newstone/alt => 0.3027973175ms (30) (avg:0.01009324379265308380126953125)
/turf/open/floor/rogue/blocks/paving => 0.2794914246ms (15) (avg:0.018632762134075164794921875)
/turf/open/floor/rogue/tile/tilerg => 0.2149887085ms (20) (avg:0.01074943505227565765380859375)
/obj/machinery/light/small => 0.1992990971ms (8) (avg:0.0249123871326446533203125)
/obj/structure/mineral_door/wood/deadbolt => 0.1942975521ms (32) (avg:0.006071798503398895263671875)
/turf/closed/wall/mineral/rogue/decostone/end => 0.178691864ms (15) (avg:0.01191279105842113494873046875)
/obj/item/reagent_containers/food/snacks/grown/rogue/sweetleaf => 0.1507001221ms (23) (avg:0.006552179343998432159423828125)
/obj/structure/mineral_door/bars => 0.1459963322ms (24) (avg:0.0060831806622445583343505859375)
/turf/open/floor/rogue/tile/bath => 0.1410961151ms (14) (avg:0.01007829420268535614013671875)
/turf/open/floor/rogue/blocks/bluestone => 0.1402988434ms (16) (avg:0.00876867771148681640625)
/turf/open/floor/rogue/tile/checker => 0.1390113831ms (16) (avg:0.0086882114410400390625)
/obj/structure/closet/dirthole/grave => 0.1335997581ms (21) (avg:0.006361893378198146820068359375)
/obj/structure/mineral_door/wood/fancywood => 0.1319012642ms (14) (avg:0.009421519003808498382568359375)
/obj/structure/mineral_door/wood/donjon => 0.1068007946ms (22) (avg:0.0048545817844569683074951171875)
/obj/item/needle/thorn => 0.1014002562ms (12) (avg:0.008450021035969257354736328125)
/turf/closed/wall/mineral/rogue/decostone/cand => 0.09350585938ms (8) (avg:0.011688232421875)
/obj/structure/fluff/railing/fence => 0.09219574928ms (16) (avg:0.00576223433017730712890625)
/obj/item/reagent_containers/food/snacks/smallrat => 0.09129996598ms (4) (avg:0.0228249914944171905517578125)
/obj/structure/table/finer => 0.07589972019ms (3) (avg:0.02529990673065185546875)
/turf/open/floor/plating/ashplanet/rocky => 0.07579803467ms (6) (avg:0.012633006088435649871826171875)
/turf/open/floor/rogue/carpet/lord => 0.07339859009ms (3) (avg:0.02446619607508182525634765625)
/turf/open/floor/rogue/church => 0.06449401379ms (10) (avg:0.006449401378631591796875)
/obj/structure/closet/dirthole/closed/loot => 0.0589029789ms (14) (avg:0.0042073554359376430511474609375)
/obj/structure/mineral_door/wood/red => 0.05819511414ms (7) (avg:0.008313587866723537445068359375)
/turf/open/floor/rogue/churchmarble => 0.05809402466ms (7) (avg:0.008299146778881549835205078125)
/mob/living/simple_animal/hostile/retaliate/rogue/wolf => 0.05409963429ms (7) (avg:0.0077285193838179111480712890625)
/obj/structure/mineral_door/wood/window => 0.05249929428ms (10) (avg:0.005249929614365100860595703125)
/obj/effect/decal/cleanable/blood/footprints => 0.04799997807ms (4) (avg:0.0119999945163726806640625)
/obj/item/bodypart/r_leg => 0.04730021954ms (2) (avg:0.023650109767913818359375)
/obj/structure/mineral_door/wood/donjon/stone => 0.04690170288ms (9) (avg:0.005211300216615200042724609375)
/obj/item/bodypart/head => 0.04279965162ms (2) (avg:0.0213998258113861083984375)
/obj/item/reagent_containers/glass/bottle/rogue/wine => 0.04200053215ms (6) (avg:0.00700008869171142578125)
/turf/closed/wall/mineral/rogue/stone/window => 0.04040145874ms (2) (avg:0.0202007293701171875)
/obj/item/reagent_containers/glass/bottle/rogue/healthpot => 0.0402007103ms (6) (avg:0.0067001185379922389984130859375)
/obj/item/rogueweapon/shovel => 0.03999999166ms (1) (avg:0.0399999916553497314453125)
/obj/structure/fireaxecabinet/south => 0.03900051117ms (2) (avg:0.019500255584716796875)
/obj/structure/closet/dirthole/closed => 0.03840065002ms (10) (avg:0.0038400650955736637115478515625)
/obj/item/dice/d6 => 0.03659915924ms (4) (avg:0.0091497898101806640625)
/area/space => 0.03600001335ms (1) (avg:0.0360000133514404296875)
/obj/item/gun/ballistic/revolver/grenadelauncher/bow => 0.03519892693ms (13) (avg:0.00270760967396199703216552734375)
/obj/item/bodypart/l_leg => 0.03319996595ms (2) (avg:0.0165999829769134521484375)
/obj/item/clothing/suit/roguetown/armor/gambeson => 0.03279972076ms (1) (avg:0.03279972076416015625)
/obj/item/rogueweapon/huntingknife => 0.03110000491ms (1) (avg:0.0311000049114227294921875)
/obj/item/roguebin/water => 0.03079891205ms (5) (avg:0.00615978240966796875)
/obj/structure/roguemachine/mail => 0.03009939194ms (4) (avg:0.00752484798431396484375)
/obj/item/storage/box/matches => 0.02979969978ms (4) (avg:0.007449924945831298828125)
/obj/item/gun/ballistic/revolver/grenadelauncher/crossbow => 0.02920079231ms (10) (avg:0.00292007927782833576202392578125)
/obj/machinery/computer => 0.02800369263ms (3) (avg:0.009334564208984375)
/obj/structure/gate/bars => 0.02769804001ms (4) (avg:0.00692451000213623046875)
/turf/open/floor/rogue/churchrough => 0.02669906616ms (3) (avg:0.008899688720703125)
/turf/open/lava/acid => 0.02470111847ms (4) (avg:0.0061752796173095703125)
/obj/item/roguebin/water/gross => 0.02339982986ms (4) (avg:0.00584995746612548828125)
/obj/item/needle => 0.02260005474ms (3) (avg:0.0075333514250814914703369140625)
/turf/open/floor/rogue/tile/masonic/spiral => 0.02179718018ms (2) (avg:0.010898590087890625)
/obj/structure/table/reinforced => 0.01709938049ms (1) (avg:0.0170993804931640625)
/obj/item/gun/ballistic/revolver/last_resort => 0.01689910889ms (1) (avg:0.01689910888671875)
/obj/item/rogueweapon/sword => 0.01609998941ms (1) (avg:0.016099989414215087890625)
/obj/item/rogueweapon/sickle => 0.01580002904ms (1) (avg:0.0158000290393829345703125)
/area/start => 0.01289749146ms (1) (avg:0.012897491455078125)
/obj/item/dice/d4 => 0.01280021667ms (2) (avg:0.00640010833740234375)
/obj/item/clothing/suit/roguetown/armor/plate => 0.01199996471ms (2) (avg:0.005999982357025146484375)
/obj/item/reagent_containers/glass/bottle/rogue/manapot => 0.01180028915ms (2) (avg:0.0059001445770263671875)
/obj/item/dice/d8 => 0.01179981232ms (2) (avg:0.005899906158447265625)
/obj/item/dice/d12 => 0.0110001564ms (2) (avg:0.0055000782012939453125)
/obj/item/bodypart/l_arm/spirit => 0.01080000401ms (1) (avg:0.01080000400543212890625)
/obj/item/dice/d10 => 0.01060056686ms (2) (avg:0.0053002834320068359375)
/obj/item/dice/d20 => 0.01030015945ms (2) (avg:0.0051500797271728515625)
/obj/item/clothing/suit/roguetown/armor/leather => 0.01010036469ms (1) (avg:0.01010036468505859375)
/obj/item/clothing/cloak/raincloak/mortus => 0.01009994745ms (1) (avg:0.010099947452545166015625)
/obj/structure/closet/crate/secure/weapon => 0.01000213623ms (1) (avg:0.01000213623046875)
/obj/structure/roguemachine/vendor/inn => 0.009099960327ms (1) (avg:0.0090999603271484375)
/obj/item/clothing/cloak/stabard/bog => 0.008400022984ms (1) (avg:0.008400022983551025390625)
/obj/structure/roguemachine/mail/r => 0.008000135422ms (1) (avg:0.0080001354217529296875)
/obj/structure/gate => 0.007899999619ms (1) (avg:0.0078999996185302734375)
/obj/item/dice => 0.007300376892ms (1) (avg:0.00730037689208984375)
/turf/open/floor/rogue/dirt/ambush => 0.007099151611ms (1) (avg:0.007099151611328125)
/obj/structure/roguemachine/merchantvend => 0.006999969482ms (1) (avg:0.006999969482421875)
/obj/item/clothing/gloves/roguetown/fingerless => 0.006999969482ms (1) (avg:0.006999969482421875)
/turf/open/floor/rogue/naturalstone => 0.00670003891ms (2) (avg:0.0033500194549560546875)
/obj/structure/roguemachine/mail/l => 0.005800247192ms (1) (avg:0.0058002471923828125)
/obj/item/clothing/shoes/roguetown/boots/leather => 0.003900051117ms (1) (avg:0.003900051116943359375)
/obj/item/clothing/under/roguetown/trou/leather => 0.003500044346ms (1) (avg:0.003500044345855712890625)
/obj/item/clothing/neck/roguetown/psicross/astrata => 0.003399968147ms (1) (avg:0.00339996814727783203125)
/obj/item/clothing/wrists/roguetown/bracers/leather => 0.003300011158ms (1) (avg:0.003300011157989501953125)
