Starting up round ID Gem853-18.27.47.
-------------------------
Running /tg/ revision: 
No commit information
Initialized Title Screen subsystem within 0.1 seconds!
Initialized Database subsystem within 0 seconds!
Initialized Blackbox subsystem within 0 seconds!
Initialized Server Tasks subsystem within 0 seconds!
Initialized Input subsystem within 0 seconds!
Initialized Vis contents overlays subsystem within 0 seconds!
Initialized Triumphs subsystem within 0 seconds!
Initialized Achievements subsystem within 0 seconds!
Initialized Materials subsystem within 0 seconds!
Initialized Research subsystem within 0 seconds!
Initialized Events subsystem within 0 seconds!
Initialized Jobs subsystem within 0 seconds!
Initialized Quirks subsystem within 0 seconds!
Initialized Ticker subsystem within 0.1 seconds!
runtime error: json_decode error: Expected comma or } at ",
    "map_file": "smalldecap (character 67)
proc name: LoadConfig (/datum/map_config/proc/LoadConfig)
  source file: code/datums/map_config.dm,65
  usr: null
  src: /datum/map_config (/datum/map_config)
  call stack:
/datum/map_config (/datum/map_config): LoadConfig("_maps/map_files/otherz/smallde...", 1)
load map config("_maps/map_files/otherz/smallde...", null, null, 1)
Mapping (/datum/controller/subsystem/mapping): loadWorld()
Mapping (/datum/controller/subsystem/mapping): Initialize(628684)
Master (/datum/controller/master): Initialize(10, 0, 1)

RED ALERT! The following map files failed to load: _maps/map_files/BoxStation/BoxStation.dmm. Yell at your server host!
Initialized Mapping subsystem within 13.4 seconds!
Initialized Networks subsystem within 0 seconds!
Initialized Economy subsystem within 0 seconds!
Initialized Atoms subsystem within 41.9 seconds!
Initialized Language subsystem within 0 seconds!
Initialized Machines subsystem within 0 seconds!
Initialized treesetup subsystem within 1.2 seconds!
Initialized Skills subsystem within 0 seconds!
Initialized Atmos Adjacency subsystem within 0.6 seconds!
Initialized Disease subsystem within 0 seconds!
Initialized Night Shift subsystem within 0 seconds!
Initialized Parallax subsystem within 0 seconds!
Initialized Runechat subsystem within 0 seconds!
Initialized Traumas subsystem within 0.1 seconds!
Initialized Weather subsystem within 0 seconds!
Initialized humannpc subsystem within 0 seconds!
Initialized treasury subsystem within 0 seconds!
## WARNING: 
Initialized Atmospherics subsystem within 24.4 seconds!
Initialized Assets subsystem within 0 seconds!
Initialized Icon Smoothing subsystem within 13.6 seconds!
Initialized Overlay subsystem within 2 seconds!
Initialized XKeyScore subsystem within 0 seconds!
Initialized PRISM subsystem within 0 seconds!
Initialized Lighting subsystem within 11.2 seconds!
## WARNING: couldn't find dock with id: supply_home in code/controllers/subsystem/shuttle.dm at line 179 src: Shuttle usr: .
## WARNING: No /obj/docking_port/mobile/arrivals placed on the map! in code/controllers/subsystem/shuttle.dm at line 83 src: Shuttle usr: .
## WARNING: No /obj/docking_port/mobile/emergency placed on the map! in code/controllers/subsystem/shuttle.dm at line 85 src: Shuttle usr: .
Initialized Shuttle subsystem within 0.3 seconds!
Initialized Minor Mapping subsystem within 0 seconds!
Initialized Librarian subsystem within 0 seconds!
Initialized Pathfinder subsystem within 0 seconds!
Initialized Discord subsystem within 0 seconds!
Loaded 0 engraved messages on map Roguetown 2
Initialized Persistence subsystem within 0 seconds!
Initialized Chat subsystem within 0 seconds!
Initializations complete within 109.1 seconds!
## WARNING: couldn't find dock with id: supply_home in code/controllers/subsystem/shuttle.dm at line 179 src: Shuttle usr: .
Found a null in player_list!
runtime error: undefined variable /mob/dead/observer/rogue/var/mob
proc name: Journey to the Underworld (/client/proc/descend)
  source file: code/modules/underworld/underworld.dm,8
  usr: (src)
  src: the gabriela rivergard (/mob/dead/observer/rogue)
  src.loc: the floor (77,83,4) (/turf/open/floor/rogue/cobble)
  call stack:
the gabriela rivergard (/mob/dead/observer/rogue): Journey to the Underworld()

runtime error: Cannot execute null.switch intent().
verb name: mmb-change (/mob/verb/mmb_intent_change)
  source file: code/modules/mob/mob_helpers.dm,533
  usr: (src)
  src: Wanderer (/mob/living/carbon/spirit)
  src.loc: the ash (61,110,11) (/turf/open/floor/rogue/underworld/road)
  call stack:
Wanderer (/mob/living/carbon/spirit): mmb-change(1)
intent_bite (/datum/keybinding/carbon/bite_intent): down(Gabriel_do_drip (/client))
Gabriel_do_drip (/client): keyDown("H")

runtime error: Cannot execute null.switch intent().
verb name: mmb-change (/mob/verb/mmb_intent_change)
  source file: code/modules/mob/mob_helpers.dm,533
  usr: (src)
  src: Wanderer (/mob/living/carbon/spirit)
  src.loc: the ash (61,110,11) (/turf/open/floor/rogue/underworld/road)
  call stack:
Wanderer (/mob/living/carbon/spirit): mmb-change(null)
intent_bite (/datum/keybinding/carbon/bite_intent): down(Gabriel_do_drip (/client))
Gabriel_do_drip (/client): keyDown("H")

runtime error: Cannot execute null.switch intent().
verb name: mmb-change (/mob/verb/mmb_intent_change)
  source file: code/modules/mob/mob_helpers.dm,533
  usr: (src)
  src: Wanderer (/mob/living/carbon/spirit)
  src.loc: the ash (61,110,11) (/turf/open/floor/rogue/underworld/road)
  call stack:
Wanderer (/mob/living/carbon/spirit): mmb-change(1)
intent_bite (/datum/keybinding/carbon/bite_intent): down(Gabriel_do_drip (/client))
Gabriel_do_drip (/client): keyDown("H")

runtime error: Cannot execute null.switch intent().
verb name: mmb-change (/mob/verb/mmb_intent_change)
  source file: code/modules/mob/mob_helpers.dm,533
  usr: (src)
  src: Wanderer (/mob/living/carbon/spirit)
  src.loc: the ash (64,108,11) (/turf/open/floor/rogue/underworld/road)
  call stack:
Wanderer (/mob/living/carbon/spirit): mmb-change(null)
intent_bite (/datum/keybinding/carbon/bite_intent): down(Gabriel_do_drip (/client))
Gabriel_do_drip (/client): keyDown("H")

runtime error: Cannot execute null.switch intent().
verb name: mmb-change (/mob/verb/mmb_intent_change)
  source file: code/modules/mob/mob_helpers.dm,533
  usr: (src)
  src: Wanderer (/mob/living/carbon/spirit)
  src.loc: the ash (62,108,11) (/turf/open/floor/rogue/underworld/road)
  call stack:
Wanderer (/mob/living/carbon/spirit): mmb-change(1)
intent_bite (/datum/keybinding/carbon/bite_intent): down(Gabriel_do_drip (/client))
Gabriel_do_drip (/client): keyDown("H")

runtime error: Cannot execute null.switch intent().
verb name: mmb-change (/mob/verb/mmb_intent_change)
  source file: code/modules/mob/mob_helpers.dm,533
  usr: (src)
  src: Wanderer (/mob/living/carbon/spirit)
  src.loc: the ash (62,108,11) (/turf/open/floor/rogue/underworld/road)
  call stack:
Wanderer (/mob/living/carbon/spirit): mmb-change(null)
intent_bite (/datum/keybinding/carbon/bite_intent): down(Gabriel_do_drip (/client))
Gabriel_do_drip (/client): keyDown("H")

runtime error: Cannot execute null.switch intent().
verb name: mmb-change (/mob/verb/mmb_intent_change)
  source file: code/modules/mob/mob_helpers.dm,533
  usr: (src)
  src: Wanderer (/mob/living/carbon/spirit)
  src.loc: the ash (62,108,11) (/turf/open/floor/rogue/underworld/road)
  call stack:
Wanderer (/mob/living/carbon/spirit): mmb-change(1)
intent_bite (/datum/keybinding/carbon/bite_intent): down(Gabriel_do_drip (/client))
Gabriel_do_drip (/client): keyDown("H")

runtime error: Cannot read null.species
proc name: attach limb (/obj/item/bodypart/proc/attach_limb)
  source file: code/modules/surgery/bodyparts/dismemberment.dm,346
  usr: Devron (/mob/dead/observer)
  src: the left arm (/obj/item/bodypart/l_arm)
  usr.loc: the floor (106,19,8) (/turf/open/floor/rogue/cobblerock)
  src.loc: null
  call stack:
the left arm (/obj/item/bodypart/l_arm): attach limb(Mourner (/mob/living/carbon/spirit), 1)
Mourner (/mob/living/carbon/spirit): regenerate limb("l_arm", null)
Mourner (/mob/living/carbon/spirit): regenerate limbs(null, null)
Mourner (/mob/living/carbon/spirit): fully heal(1)
Mourner (/mob/living/carbon/spirit): revive(1, 1)
jessemller\'s admin datum (Gam... (/datum/admins): Topic("_src_=holder;admin_token=66683...", /list (/list))
Jesse mller (/client): Topic("_src_=holder;admin_token=66683...", /list (/list), jessemller\'s admin datum (Gam... (/datum/admins))
Jesse mller (/client): Topic("_src_=holder;admin_token=66683...", /list (/list), jessemller\'s admin datum (Gam... (/datum/admins))

runtime error: Cannot execute null.update remote sight().
proc name: update sight (/mob/living/simple_animal/update_sight)
  source file: code/modules/mob/living/simple_animal/simple_animal.dm,667
  usr: (src)
  src: Mourner (/mob/living/simple_animal/pet/dog/corgi/Ian)
  src.loc: null
  call stack:
Mourner (/mob/living/simple_animal/pet/dog/corgi/Ian): update sight()
Mourner (/mob/living/simple_animal/pet/dog/corgi/Ian): reset perspective(null)
Mourner (/mob/living/simple_animal/pet/dog/corgi/Ian): Login()
Mourner (/mob/living/simple_animal/pet/dog/corgi/Ian): Login()
/datum/mind (/datum/mind): transfer to(Mourner (/mob/living/simple_animal/pet/dog/corgi/Ian), 1)
Mourner (/mob/living/carbon/spirit): change mob type(/mob/living/simple_animal/pet/... (/mob/living/simple_animal/pet/dog/corgi/Ian), null, null, 1)
jessemller\'s admin datum (Gam... (/datum/admins): Topic("_src_=holder;admin_token=66683...", /list (/list))
Jesse mller (/client): Topic("_src_=holder;admin_token=66683...", /list (/list), jessemller\'s admin datum (Gam... (/datum/admins))
Jesse mller (/client): Topic("_src_=holder;admin_token=66683...", /list (/list), jessemller\'s admin datum (Gam... (/datum/admins))

runtime error: addtimer called with a callback assigned to a qdeleted object. In the future such timers will not be supported and may refuse to run or run with a 0 wait
proc name: stack trace (/proc/stack_trace)
  source file: code/__HELPERS/unsorted.dm,1238
  usr: Mourner (/mob/living/simple_animal/pet/dog/corgi/Ian)
  src: null
  usr.loc: null
  call stack:
stack trace("addtimer called with a callbac...")
addtimer(/datum/callback (/datum/callback), 30, 0)
Mourner (/mob/living/simple_animal/pet/dog/corgi/Ian): do time change()
Mourner (/mob/living/simple_animal/pet/dog/corgi/Ian): login fade()

Found a null in player_list!
Saved 0 engraved messages on map Roguetown 2
Shutting down Chat subsystem...
Shutting down Persistence subsystem...
Shutting down Discord subsystem...
Shutting down Pathfinder subsystem...
Shutting down Librarian subsystem...
Shutting down Minor Mapping subsystem...
Shutting down Shuttle subsystem...
Shutting down Lighting subsystem...
Shutting down XKeyScore subsystem...
Shutting down PRISM subsystem...
Shutting down Overlay subsystem...
Shutting down Icon Smoothing subsystem...
Shutting down Assets subsystem...
Shutting down Atmospherics subsystem...
Shutting down Wet floors subsystem...
Shutting down Weather subsystem...
Shutting down waterlevel subsystem...
Shutting down Vote subsystem...
Shutting down treasury subsystem...
Shutting down Traumas subsystem...
Shutting down todchange subsystem...
Shutting down Time Tracking subsystem...
Shutting down Throwing subsystem...
Shutting down tgui subsystem...
Shutting down Sun subsystem...
Shutting down Space Drift subsystem...
Shutting down soundloopers subsystem...
Shutting down Runechat subsystem...
Shutting down roguerot subsystem...
Shutting down roguemachine subsystem...
Shutting down rogpollutants subsystem...
Shutting down Radio subsystem...
Shutting down Radiation subsystem...
Shutting down Projectiles subsystem...
Shutting down Processing subsystem...
Shutting down Pollutants subsystem...
Shutting down Ping subsystem...
Shutting down Parallax subsystem...
Shutting down pAI subsystem...
Shutting down Objects subsystem...
Shutting down NPC Pool subsystem...
Shutting down Night Shift subsystem...
Shutting down Nanites subsystem...
Shutting down mouse charging prog subsystem...
Shutting down Mood subsystem...
Shutting down Mobs subsystem...
Shutting down mapgen subsystem...
Shutting down Lobbyrefresh subsystem...
Shutting down incone subsystem...
Shutting down Idling NPC Pool subsystem...
Shutting down humannpc subsystem...
Shutting down HUD updates subsystem...
Shutting down haunting subsystem...
Shutting down Fluids subsystem...
Shutting down Fire Burning subsystem...
Shutting down Fields subsystem...
Shutting down Fast Processing subsystem...
Shutting down Droning subsystem...
Shutting down Disease subsystem...
Shutting down Datum Component System subsystem...
Shutting down damoverlays subsystem...
Shutting down crediticons subsystem...
Shutting down Communications subsystem...
Shutting down Augury subsystem...
Shutting down Atmos Adjacency subsystem...
Shutting down Ambience subsystem...
Shutting down Acid subsystem...
Shutting down Timer subsystem...
Shutting down Skills subsystem...
Shutting down treesetup subsystem...
Shutting down Machines subsystem...
Shutting down Language subsystem...
Shutting down Atoms subsystem...
Shutting down Economy subsystem...
Shutting down Networks subsystem...
Shutting down Mapping subsystem...
Shutting down Ticker subsystem...
Shutting down Quirks subsystem...
Shutting down Jobs subsystem...
Shutting down Events subsystem...
Shutting down Research subsystem...
Shutting down Materials subsystem...
Shutting down Achievements subsystem...
Shutting down Triumphs subsystem...
Shutting down Vis contents overlays subsystem...
Shutting down Input subsystem...
Shutting down Server Tasks subsystem...
Shutting down Blackbox subsystem...
Shutting down Database subsystem...
Shutting down Garbage subsystem...
Shutting down Title Screen subsystem...
Shutdown complete
World rebooted at 20:05:37
