/turf/closed/mineral/rogue/bedrock => 391.5516357ms (44539) (avg:0.0087912082672119140625)
/turf/closed/mineral/random/rogue => 247.0697021ms (28366) (avg:0.008710064925253391265869140625)
/turf/open/floor/rogue/underworld/road => 150.9975891ms (15798) (avg:0.009558019228279590606689453125)
/obj/structure/flora/newtree => 66.61717224ms (10079) (avg:0.006609502248466014862060546875)
/turf/open/transparent/openspace => 48.85198593ms (6330) (avg:0.0077175335027277469635009765625)
/turf/closed/mineral/rogue/coal => 44.56621933ms (4898) (avg:0.009098860435187816619873046875)
/turf/open/floor/rogue/dirt/road => 44.23321915ms (6106) (avg:0.007244221866130828857421875)
/turf/open/floor/rogue/dirt => 31.93570518ms (5614) (avg:0.0056885830126702785491943359375)
/turf/closed/mineral/rogue/iron => 30.73506165ms (3324) (avg:0.009246408008038997650146484375)
/obj/structure/flora/newbranch => 29.55323792ms (4359) (avg:0.006779820658266544342041015625)
/turf/closed/mineral/random/rogue/med => 27.04165459ms (2891) (avg:0.009353737346827983856201171875)
/obj/effect/overlay/water => 26.9532032ms (4618) (avg:0.0058365534059703350067138671875)
/obj/effect/overlay/water/top => 25.36428642ms (4618) (avg:0.0054924828000366687774658203125)
/turf/closed/wall/mineral/rogue/stone => 22.63176918ms (2363) (avg:0.00957755744457244873046875)
/turf/open/floor/rogue/blocks => 20.59909821ms (2027) (avg:0.0101623572409152984619140625)
/turf/open/water/swamp => 18.92735863ms (2692) (avg:0.0070309652946889400482177734375)
/obj/screen/zone_sel => 18.83719635ms (169) (avg:0.11146269738674163818359375)
/mob/living/carbon/human => 17.92110062ms (9) (avg:1.991233348846435546875)
/turf/closed/wall/mineral/rogue/craftstone => 16.71661568ms (1728) (avg:0.009673967026174068450927734375)
/obj/structure/flora/newbranch/leafless => 16.61611938ms (3410) (avg:0.0048727621324360370635986328125)
/turf/closed/mineral/random/rogue/high => 12.42738342ms (1327) (avg:0.009365021251142024993896484375)
/turf/closed/mineral/rogue/salt => 10.20659828ms (1069) (avg:0.0095477998256683349609375)
/turf/open/floor/rogue/wood => 9.123289108ms (838) (avg:0.01088698022067546844482421875)
/turf/open/water/cleanshallow => 8.742967606ms (1420) (avg:0.0061570196412503719329833984375)
/turf/open/floor/rogue/woodturned => 7.986382961ms (760) (avg:0.010508398525416851043701171875)
/obj/structure/flora/newbranch/connector => 6.593610764ms (957) (avg:0.0068898755125701427459716796875)
/turf/closed/wall/mineral/rogue/stonebrick => 6.464199066ms (613) (avg:0.010545185767114162445068359375)
/obj/screen/stress => 5.882300377ms (167) (avg:0.035223357379436492919921875)
/turf/closed/wall/mineral/rogue/stone/moss => 5.269496441ms (507) (avg:0.010393484495580196380615234375)
/turf/open/floor/rogue/tile => 5.131598473ms (475) (avg:0.010803365148603916168212890625)
/turf/closed/wall/mineral/rogue/wood => 3.767884254ms (340) (avg:0.0110820122063159942626953125)
/turf/closed/wall/mineral/rogue/decostone/long => 2.82241106ms (268) (avg:0.0105313844978809356689453125)
/turf/open/floor/rogue/cobblerock => 2.579190254ms (432) (avg:0.0059703476727008819580078125)
/turf/open/floor/rogue/carpet => 2.353904247ms (239) (avg:0.009848971851170063018798828125)
/turf/open/floor/carpet/royalblack => 2.0937047ms (175) (avg:0.0119640268385410308837890625)
/turf/open/floor/rogue/herringbone => 1.94901073ms (251) (avg:0.007764982990920543670654296875)
/turf/closed/indestructible/riveted => 1.902389526ms (223) (avg:0.00853089429438114166259765625)
/turf/closed/mineral/rogue => 1.860203028ms (187) (avg:0.009947610087692737579345703125)
/turf/open/floor/rogue/blocks/stonered => 1.649207592ms (174) (avg:0.009478204883635044097900390625)
/turf/open/floor/rogue/volcanic => 1.618585587ms (157) (avg:0.010309462435543537139892578125)
/turf/open/water/river => 1.364021778ms (230) (avg:0.0059305294416844844818115234375)
/turf/open/floor/rogue/blocks/stonered/tiny => 1.31969595ms (125) (avg:0.01055756770074367523193359375)
/obj/machinery/door/airlock/maniac => 1.11169982ms (2) (avg:0.55584990978240966796875)
/turf/closed/mineral/rogue/gold => 1.079788089ms (103) (avg:0.010483379475772380828857421875)
/turf/closed/wall/mineral/rogue/decostone => 1.040894508ms (84) (avg:0.012391601689159870147705078125)
/turf/open/water/swamp/deep => 0.9175112247ms (147) (avg:0.00624157302081584930419921875)
/turf/open/floor/rogue/concrete => 0.8769989014ms (71) (avg:0.012352096848189830780029296875)
/turf/open/floor/rogue/cobble => 0.8569816351ms (147) (avg:0.0058298069052398204803466796875)
/turf/open/floor/rogue/metal => 0.7813968658ms (57) (avg:0.013708717189729213714599609375)
/obj/screen/parallax_layer/rogue => 0.7442998886ms (3) (avg:0.24809996783733367919921875)
/turf/closed/wall/mineral/rogue/pipe => 0.736297369ms (56) (avg:0.013148167170584201812744140625)
/turf/open/floor/carpet/purple => 0.6707873344ms (52) (avg:0.01289975643157958984375)
/turf/open/floor/carpet/inn => 0.6694107056ms (71) (avg:0.009428319521248340606689453125)
/obj/structure/mineral_door/wood => 0.643099308ms (107) (avg:0.0060102739371359348297119140625)
/obj/screen/movable/action_button => 0.6421999931ms (4) (avg:0.16054999828338623046875)
/obj/screen/parallax_layer/rogue/fog => 0.6247000694ms (3) (avg:0.208233356475830078125)
/turf/open/floor/rogue/tile/masonic => 0.6059970856ms (51) (avg:0.01188229583203792572021484375)
/turf/open/lava => 0.6008945704ms (84) (avg:0.0071535068564116954803466796875)
/turf/open/floor/rogue/cobble/mossy => 0.5897941589ms (84) (avg:0.007021359167993068695068359375)
/turf/open/floor/carpet/stellar => 0.5373029709ms (45) (avg:0.0119400657713413238525390625)
/turf/open/water/bath => 0.475402832ms (72) (avg:0.006602817215025424957275390625)
/turf/open/space => 0.4480999708ms (97) (avg:0.0046195872128009796142578125)
/turf/open/floor/rogue/hexstone => 0.4345035553ms (66) (avg:0.00658338703215122222900390625)
/turf/open/floor/rogue/carpet/lord/left => 0.4319052696ms (38) (avg:0.011365927755832672119140625)
/turf/open/floor/rogue/carpet/lord/right => 0.3892884254ms (38) (avg:0.010244431905448436737060546875)
/mob/living/carbon/human/dummy => 0.3844991326ms (8) (avg:0.048062391579151153564453125)
/turf/open/water/sewer => 0.3830989003ms (57) (avg:0.0067210332490503787994384765625)
/turf/open/floor/rogue/carpet/lord/center => 0.3579044342ms (32) (avg:0.011184513568878173828125)
/turf/open/floor/carpet/red => 0.3516950607ms (28) (avg:0.012560538016259670257568359375)
/turf/closed/wall/mineral/rogue/decostone/center => 0.3007011414ms (27) (avg:0.0111370794475078582763671875)
/turf/open/floor/rogue/blocks/newstone/alt => 0.2779022455ms (30) (avg:0.009263408370316028594970703125)
/turf/open/floor/rogue/blocks/paving => 0.2695045471ms (15) (avg:0.01796696893870830535888671875)
/obj/machinery/light/small => 0.2428001165ms (8) (avg:0.03035001456737518310546875)
/obj/screen/act_intent/rogintent => 0.240100354ms (5) (avg:0.048020072281360626220703125)
/turf/open/floor/rogue/tile/tilerg => 0.2256031036ms (20) (avg:0.01128015480935573577880859375)
/obj/structure/mineral_door/wood/deadbolt => 0.2136999369ms (32) (avg:0.0066781230270862579345703125)
/turf/closed/wall/mineral/rogue/decostone/end => 0.1780948639ms (15) (avg:0.011872990988194942474365234375)
/turf/open/floor/rogue/tile/checker => 0.161195755ms (16) (avg:0.01007473468780517578125)
/turf/open/floor/rogue/blocks/bluestone => 0.1515016556ms (16) (avg:0.009468853473663330078125)
/obj/screen/inventory => 0.1510999799ms (4) (avg:0.03777499496936798095703125)
/obj/structure/mineral_door/wood/donjon => 0.1487998962ms (22) (avg:0.00676363147795200347900390625)
/obj/structure/mineral_door/bars => 0.1413037777ms (24) (avg:0.0058876574039459228515625)
/turf/open/floor/rogue/tile/bath => 0.1215019226ms (14) (avg:0.008678709156811237335205078125)
/turf/open/floor/rogue/church => 0.1059017181ms (10) (avg:0.01059017144143581390380859375)
/obj/structure/fluff/railing/fence => 0.09899997711ms (16) (avg:0.006187498569488525390625)
/obj/structure/closet/dirthole/grave => 0.09209775925ms (21) (avg:0.0043856077827513217926025390625)
/obj/item/bodypart/r_arm => 0.09039969742ms (5) (avg:0.0180799402296543121337890625)
/turf/closed/wall/mineral/rogue/decostone/cand => 0.0894947052ms (8) (avg:0.0111868381500244140625)
/obj/item/reagent_containers/glass/bottle/rogue/healthpot => 0.08419895172ms (6) (avg:0.014033158309757709503173828125)
/obj/item/needle/thorn => 0.08199989796ms (12) (avg:0.0068333246745169162750244140625)
/obj/structure/mineral_door/wood/fancywood => 0.08180093765ms (14) (avg:0.0058429241180419921875)
/obj/structure/closet/dirthole/closed/loot => 0.08020687103ms (18) (avg:0.00445593707263469696044921875)
/turf/open/floor/plating/ashplanet/rocky => 0.07899951935ms (6) (avg:0.013166586868464946746826171875)
/obj/structure/table/finer => 0.07050132751ms (3) (avg:0.0235004425048828125)
/obj/item/bodypart/l_arm => 0.06330096722ms (5) (avg:0.012660193257033824920654296875)
/obj/structure/mineral_door/wood/window => 0.05360221863ms (10) (avg:0.0053602219559252262115478515625)
/obj/item/gun/ballistic/revolver/grenadelauncher/bow => 0.05300009251ms (13) (avg:0.0040769302286207675933837890625)
/obj/structure/mineral_door/wood/donjon/stone => 0.04769945145ms (9) (avg:0.00529993884265422821044921875)
/turf/open/floor/rogue/churchmarble => 0.04550170898ms (7) (avg:0.006500244140625)
/obj/structure/closet/dirthole/closed => 0.04239940643ms (10) (avg:0.0042399405501782894134521484375)
/obj/item/reagent_containers/glass/bottle/rogue/wine => 0.04170036316ms (6) (avg:0.0069500603713095188140869140625)
/obj/structure/mineral_door/wood/red => 0.03939926624ms (7) (avg:0.00562846660614013671875)
/turf/closed/wall/mineral/rogue/stone/window => 0.03790009022ms (2) (avg:0.018950045108795166015625)
/turf/open/floor/rogue/carpet/lord => 0.03149795532ms (3) (avg:0.010499318130314350128173828125)
/mob/living/simple_animal/hostile/retaliate/rogue/wolf => 0.03100001812ms (3) (avg:0.010333339683711528778076171875)
/obj/item/storage/box/matches => 0.03039956093ms (4) (avg:0.007599890232086181640625)
/obj/structure/gate/bars => 0.02980041504ms (4) (avg:0.007450103759765625)
/obj/structure/roguemachine/mail => 0.02979850769ms (4) (avg:0.007449626922607421875)
/obj/item/roguebin/water => 0.02959990501ms (5) (avg:0.005919980816543102264404296875)
/obj/item/roguebin/water/gross => 0.02669978142ms (4) (avg:0.006674945354461669921875)
/turf/open/lava/acid => 0.02659988403ms (4) (avg:0.00664997100830078125)
/obj/machinery/computer => 0.02580010891ms (3) (avg:0.008600036613643169403076171875)
/turf/open/floor/rogue/churchrough => 0.02560043335ms (3) (avg:0.008533477783203125)
/turf/open/floor/rogue/tile/masonic/spiral => 0.02449798584ms (2) (avg:0.012248992919921875)
/obj/item/gun/ballistic/revolver/grenadelauncher/crossbow => 0.02419805527ms (8) (avg:0.003024756908416748046875)
/obj/item/dice/d6 => 0.02409934998ms (4) (avg:0.006024837493896484375)
/obj/structure/fireaxecabinet/south => 0.02109992504ms (2) (avg:0.010549962520599365234375)
/obj/item/needle => 0.02039992809ms (3) (avg:0.0067999758757650852203369140625)
/obj/structure/table/reinforced => 0.01740264893ms (1) (avg:0.01740264892578125)
/obj/item/dice/d4 => 0.01399993896ms (2) (avg:0.006999969482421875)
/area/space => 0.01260000467ms (1) (avg:0.012600004673004150390625)
/obj/item/gun/ballistic/revolver/last_resort => 0.0123000145ms (1) (avg:0.012300014495849609375)
/obj/item/dice/d10 => 0.01220035553ms (2) (avg:0.006100177764892578125)
/obj/item/reagent_containers/glass/bottle/rogue/manapot => 0.01219987869ms (2) (avg:0.0060999393463134765625)
/obj/item/dice/d8 => 0.01200008392ms (2) (avg:0.006000041961669921875)
/obj/item/dice/d12 => 0.01189994812ms (2) (avg:0.00594997406005859375)
/obj/item/dice/d20 => 0.01139974594ms (2) (avg:0.0056998729705810546875)
/area/start => 0.01040005684ms (1) (avg:0.0104000568389892578125)
/obj/structure/roguemachine/mail/r => 0.008899927139ms (1) (avg:0.0088999271392822265625)
/obj/structure/roguemachine/merchantvend => 0.008800029755ms (1) (avg:0.008800029754638671875)
/turf/open/floor/rogue/dirt/ambush => 0.008699417114ms (1) (avg:0.0086994171142578125)
/mob/living/simple_animal/hostile/retaliate/rogue/bigrat => 0.008400082588ms (1) (avg:0.00840008258819580078125)
/obj/structure/closet/crate/secure/weapon => 0.008299946785ms (1) (avg:0.00829994678497314453125)
/obj/structure/gate => 0.007800102234ms (1) (avg:0.00780010223388671875)
/obj/structure/roguemachine/vendor/inn => 0.00779914856ms (1) (avg:0.0077991485595703125)
/obj/structure/roguemachine/mail/l => 0.006999969482ms (1) (avg:0.006999969482421875)
/obj/screen/rmbintent => 0.006500005722ms (1) (avg:0.0065000057220458984375)
/obj/screen/inventory/hand => 0.006200015545ms (1) (avg:0.006200015544891357421875)
/obj/item/dice => 0.005399703979ms (1) (avg:0.0053997039794921875)
