Starting up round ID Spear365-11.27.11.
-------------------------
GAME: Saved mode is 'extended'
ACCESS: Login: Guest-2572434201 from 127.0.0.1-2572434201 || BYOND v515.1636
ACCESS: Mob Login: Guest-2572434201/(Guest-2572434201) was assigned to a /mob/dead/new_player
GAME: Loaded Station in 7.1s!
GAME: Guest-2572434201/(Guest-2572434201) Client Guest-2572434201/(Guest-2572434201) has taken ownership of mob Guest-2572434201(/mob/dead/new_player) (start area (14, 108, 1))
GAME: Loaded smallforest in 3.7s!
GAME: Loaded Box Station in 0s!
GAME: Loaded smallswamp in 2.1s!
GAME: Loaded underworld in 0.5s!
EMOTE: *no key*/(saiga) smiles. (rockhill basin (13, 66, 4))
EMOTE: *no key*/(saiga) smiles. (rockhill basin (13, 66, 4))
EMOTE: *no key*/(chicken) smiles. (rockhill basin (60, 56, 4))
EMOTE: *no key*/(chicken) smiles. (rockhill basin (61, 54, 4))
EMOTE: *no key*/(chicken) smiles. (wilderness (66, 100, 8))
EMOTE: *no key*/(chicken) smiles. (wilderness (67, 98, 8))
EMOTE: *no key*/(saiga) smiles. (rockhill basin (66, 69, 8))
EMOTE: *no key*/(saiga) smiles. (rockhill basin (66, 69, 8))
ACCESS: Logout: Guest-2572434201/(Guest-2572434201)
GAME: Guest-2572434201[DC]/(Guest-2572434201) Guest-2572434201[DC]/(Guest-2572434201) is no longer owning mob Guest-2572434201(/mob/dead/new_player) (start area (14, 108, 1))
GAME: HEY! LISTEN! 3.8 seconds were wasted processing 526 turf(s) (connected to 61686 other turfs) with atmos differences at round start.
GAME: supply boat loaded at 8,8,12
