ASSET: Sending asset pterra.ttf to client TheGodGuy
ASSET: Sending asset chiseld.ttf to client TheGodGuy
ASSET: Sending asset blackmoor.ttf to client TheGodGuy
ASSET: Sending asset handwrite.ttf to client TheGodGuy
ASSET: Sending asset book1.ttf to client TheGodGuy
ASSET: Sending asset book2.ttf to client TheGodGuy
ASSET: Sending asset book3.ttf to client TheGodGuy
ASSET: Sending asset book4.ttf to client TheGodGuy
ASSET: Sending asset dwarf.ttf to client TheGodGuy
ASSET: Sending asset elf.ttf to client TheGodGuy
ASSET: Sending asset hell.ttf to client TheGodGuy
ASSET: Sending asset orc.ttf to client TheGodGuy
ASSET: Sending asset sand.ttf to client TheGodGuy
ASSET: Sending asset undead.ttf to client TheGodGuy
ASSET: Sending asset common.css to client TheGodGuy
ASSET: Sending asset pterra.ttf to client TheGodGuy
ASSET: Sending asset chiseld.ttf to client TheGodGuy
ASSET: Sending asset blackmoor.ttf to client TheGodGuy
ASSET: Sending asset handwrite.ttf to client TheGodGuy
ASSET: Sending asset book1.ttf to client TheGodGuy
ASSET: Sending asset book2.ttf to client TheGodGuy
ASSET: Sending asset book3.ttf to client TheGodGuy
ASSET: Sending asset book4.ttf to client TheGodGuy
ASSET: Sending asset dwarf.ttf to client TheGodGuy
ASSET: Sending asset elf.ttf to client TheGodGuy
ASSET: Sending asset hell.ttf to client TheGodGuy
ASSET: Sending asset orc.ttf to client TheGodGuy
ASSET: Sending asset sand.ttf to client TheGodGuy
ASSET: Sending asset undead.ttf to client TheGodGuy
ASSET: Sending asset common.css to client TheGodGuy
ASSET: Sending asset pterra.ttf to client Jesse mller
ASSET: Sending asset chiseld.ttf to client Jesse mller
ASSET: Sending asset blackmoor.ttf to client Jesse mller
ASSET: Sending asset handwrite.ttf to client Jesse mller
ASSET: Sending asset book1.ttf to client Jesse mller
ASSET: Sending asset book2.ttf to client Jesse mller
ASSET: Sending asset book3.ttf to client Jesse mller
ASSET: Sending asset book4.ttf to client Jesse mller
ASSET: Sending asset dwarf.ttf to client Jesse mller
ASSET: Sending asset elf.ttf to client Jesse mller
ASSET: Sending asset hell.ttf to client Jesse mller
ASSET: Sending asset orc.ttf to client Jesse mller
ASSET: Sending asset sand.ttf to client Jesse mller
ASSET: Sending asset undead.ttf to client Jesse mller
