Starting up round ID Sparrow600-18.23.47.
-------------------------
GAME: Saved mode is 'extended'
GAME: Loaded Station in 15.5s!
GAME: Loaded smallforest in 3.2s!
GAME: Loaded Box Station in 0s!
GAME: Loaded smallswamp in 2s!
GAME: Loaded underworld in 0.5s!
EMOTE: *no key*/(saiga) smiles. (rockhill basin (13, 66, 4))
EMOTE: *no key*/(saiga) smiles. (rockhill basin (13, 66, 4))
EMOTE: *no key*/(chicken) smiles. (rockhill basin (60, 56, 4))
EMOTE: *no key*/(chicken) smiles. (rockhill basin (61, 54, 4))
EMOTE: *no key*/(chicken) smiles. (wilderness (66, 100, 8))
EMOTE: *no key*/(chicken) smiles. (wilderness (67, 98, 8))
EMOTE: *no key*/(saiga) smiles. (rockhill basin (66, 69, 8))
EMOTE: *no key*/(saiga) smiles. (rockhill basin (66, 69, 8))
ACCESS: Login: TheGodGuy from 127.0.0.1-2234830288 || BYOND v515.1636
ACCESS: Mob Login: TheGodGuy/(TheGodGuy) was assigned to a /mob/dead/new_player
GAME: TheGodGuy/(TheGodGuy) Client TheGodGuy/(TheGodGuy) has taken ownership of mob TheGodGuy(/mob/dead/new_player) (start area (14, 108, 1))
ACCESS: Logout: TheGodGuy/(TheGodGuy)
GAME: TheGodGuy[DC]/(TheGodGuy) TheGodGuy[DC]/(TheGodGuy) is no longer owning mob TheGodGuy(/mob/dead/new_player) (start area (14, 108, 1))
GAME: HEY! LISTEN! 4.6 seconds were wasted processing 526 turf(s) (connected to 61686 other turfs) with atmos differences at round start.
ACCESS: Login: TheGodGuy from 127.0.0.1-2234830288 || BYOND v515.1636
ACCESS: Mob Login: TheGodGuy/(TheGodGuy) was assigned to a /mob/dead/new_player
GAME: TheGodGuy/(TheGodGuy) Client TheGodGuy/(TheGodGuy) has taken ownership of mob TheGodGuy(/mob/dead/new_player) (start area (14, 108, 1))
ADMIN: TheGodGuy re-adminned themselves.
GAME: supply boat loaded at 8,8,12
ACCESS: Login: Jesse mller from 152.244.35.218-2331870330 || BYOND v515.1636
ACCESS: Mob Login: Jesse mller/(Jesse mller) was assigned to a /mob/dead/new_player
ACCESS: Logout: Jesse mller/(Jesse mller)
GAME: Jesse mller[DC]/(Jesse mller) Jesse mller[DC]/(Jesse mller) is no longer owning mob Jesse mller(/mob/dead/new_player) (start area (14, 108, 1))
ACCESS: Logout: Anriquegame
ACCESS: Logout: TheGodGuy/(TheGodGuy)
GAME: TheGodGuy[DC]/(TheGodGuy) TheGodGuy[DC]/(TheGodGuy) is no longer owning mob TheGodGuy(/mob/dead/new_player) (start area (14, 108, 1))
ACCESS: Logout: Niconato
