Starting up round ID Shroom559-23.13.34.
-------------------------
ATTACK: TheGodGuy/(Aquila) has attacked [rat] with the cudgel (outdoors (77, 72, 4))
ATTACK: TheGodGuy/(Aquila) has attacked [rat] with the cudgel (outdoors (77, 72, 4))
ATTACK: TheGodGuy/(Aquila) has attacked [wooden window] with the cudgel (outdoors (77, 72, 4))
ATTACK: TheGodGuy/(Aquila) has attacked [door] with the cudgel (outdoors (62, 86, 4))
ATTACK: TheGodGuy/(Aquila) has attacked [stone wall] with the cudgel (indoors rt (20, 71, 4))
ATTACK: TheGodGuy/(Aquila) has attacked [door] with the cudgel (indoors rt (18, 71, 4))
ATTACK: TheGodGuy/(Aquila) has attacked TheGodGuy/(Aquila) with cudgel (INTENT: STRIKE) (DAMTYPE: BRUTE) (NEWHP: 100)  (indoors rt (17, 70, 4))
ATTACK: *no key*/(rous) has attacked P1wewe/(Vereniz Blach) (NEWHP: 100)  (the bog (10, 106, 10))
ATTACK: *no key*/(rous) has attacked P1wewe/(Vereniz Blach) (NEWHP: 100)  (the bog (13, 107, 10))
ATTACK: *no key*/(rous) has attacked P1wewe/(Vereniz Blach) (NEWHP: 100)  (the bog (16, 108, 10))
ATTACK: *no key*/(rous) has attacked P1wewe/(Vereniz Blach) (NEWHP: 100)  (the bog (17, 110, 10))
ATTACK: P1wewe/(Vereniz Blach) has attacked *no key*/(rous) with steel dagger (INTENT: CUT) (DAMTYPE: BRUTE) (NEWHP: 51)  (the bog (23, 110, 10))
ATTACK: *no key*/(rous) has attacked P1wewe/(Vereniz Blach) (NEWHP: 100)  (the bog (24, 110, 10))
ATTACK: P1wewe/(Vereniz Blach) has attacked *no key*/(rous) with steel dagger (INTENT: CUT) (DAMTYPE: BRUTE) (NEWHP: 37)  (the bog (25, 110, 10))
ATTACK: *no key*/(rous) has attacked P1wewe/(Vereniz Blach) (NEWHP: 100)  (the bog (27, 110, 10))
ATTACK: P1wewe/(Vereniz Blach) has attacked *no key*/(rous) with steel dagger (INTENT: CUT) (DAMTYPE: BRUTE) (NEWHP: 23)  (the bog (32, 110, 10))
ATTACK: *no key*/(rous) has attacked P1wewe/(Vereniz Blach) (NEWHP: 100)  (the bog (32, 110, 10))
ATTACK: *no key*/(rous) has attacked P1wewe/(Vereniz Blach) (NEWHP: 100)  (the bog (34, 110, 10))
ATTACK: P1wewe/(Vereniz Blach) has attacked *no key*/(rous) with steel dagger (INTENT: CUT) (DAMTYPE: BRUTE) (NEWHP: 9)  (the bog (35, 110, 10))
ATTACK: *no key*/(rous) has attacked P1wewe/(Vereniz Blach) (NEWHP: 100)  (the bog (36, 111, 10))
ATTACK: P1wewe/(Vereniz Blach) has attacked *no key*/(rous) with steel dagger (INTENT: CUT) (DAMTYPE: BRUTE) (NEWHP: 51)  (the bog (36, 113, 10))
ATTACK: *no key*/(rous) has attacked P1wewe/(Vereniz Blach) (NEWHP: 100)  (the bog (35, 112, 10))
ATTACK: *no key*/(rous) has attacked P1wewe/(Vereniz Blach) (NEWHP: 100)  (the bog (34, 114, 10))
ATTACK: P1wewe/(Vereniz Blach) has attacked *no key*/(rous) with steel dagger (INTENT: CUT) (DAMTYPE: BRUTE) (NEWHP: 37)  (the bog (34, 117, 10))
ATTACK: *no key*/(rous) has attacked P1wewe/(Vereniz Blach) (NEWHP: 100)  (the bog (34, 116, 10))
ATTACK: P1wewe/(Vereniz Blach) has attacked *no key*/(rous) with steel dagger (INTENT: CUT) (DAMTYPE: BRUTE) (NEWHP: 23)  (the bog (34, 119, 10))
ATTACK: P1wewe/(Vereniz Blach) has attacked *no key*/(rous) with steel dagger (INTENT: CUT) (DAMTYPE: BRUTE) (NEWHP: 9)  (the bog (34, 121, 10))
ATTACK: P1wewe/(Vereniz Blach) has attacked *no key*/(rous) with steel dagger (INTENT: CUT) (DAMTYPE: BRUTE) (NEWHP: 0)  (the bog (33, 121, 10))
ATTACK: P1wewe/(Vereniz Blach) has attacked *no key*/(rous) with steel dagger (INTENT: CUT) (DAMTYPE: BRUTE) (NEWHP: 0)  (the bog (34, 121, 10))
ATTACK: *no key*/(rous) has attacked P1wewe/(Vereniz Blach) (NEWHP: 100)  (the bog (34, 111, 10))
ATTACK: *no key*/(rous) has attacked P1wewe/(Vereniz Blach) (NEWHP: 100)  (the bog (34, 117, 10))
ATTACK: *no key*/(rous) has attacked P1wewe/(Vereniz Blach) (NEWHP: 100)  (the bog (33, 118, 10))
ATTACK: *no key*/(rous) has attacked P1wewe/(Vereniz Blach) (NEWHP: 100)  (the bog (32, 120, 10))
ATTACK: *no key*/(rous) has attacked P1wewe/(Vereniz Blach) (NEWHP: 96.5)  (the bog (31, 127, 10))
ATTACK: *no key*/(rous) has attacked P1wewe/(Vereniz Blach) (NEWHP: 91)  (the bog (30, 125, 10))
ATTACK: *no key*/(rous) has attacked P1wewe/(Vereniz Blach) (NEWHP: 92.5)  (the bog (29, 125, 10))
ATTACK: *no key*/(rous) has attacked P1wewe/(Vereniz Blach) (NEWHP: 95.5)  (the bog (30, 124, 10))
ATTACK: *no key*/(rous) has attacked P1wewe/(Vereniz Blach) (NEWHP: 97)  (the bog (31, 123, 10))
ATTACK: P1wewe/(Vereniz Blach) has punched P1wewe/(Vereniz Blach) (NEWHP: 100)  (the bog (33, 123, 10))
ATTACK: *no key*/(rous) has attacked P1wewe/(Vereniz Blach) (NEWHP: 100)  (the bog (32, 124, 10))
ATTACK: P1wewe/(Vereniz Blach) has attacked *no key*/(rous) (NEWHP: 0.599998)  (the bog (34, 123, 10))
ATTACK: *no key*/(rous) has attacked P1wewe/(Vereniz Blach) (NEWHP: 100)  (the bog (34, 123, 10))
ATTACK: P1wewe/(Vereniz Blach) has died (BRUTE: 275.2, BURN: 0, TOX: 0, OXY: 200, CLONE: 0) (the bog (32, 122, 10))
ATTACK: p1wewe/(Pilgrim) has thrown the shrunken lamp (underworld (61, 112, 11))
ATTACK: TheGodGuy/(Aquila) has attacked TheGodGuy/(Aquila) with cudgel (INTENT: STRIKE) (DAMTYPE: BRUTE) (NEWHP: 100)  (cave (27, 104, 3))
ATTACK: TheGodGuy/(Aquila) has attacked TheGodGuy/(Aquila) with cudgel (INTENT: STRIKE) (DAMTYPE: BRUTE) (NEWHP: 100)  (cave (27, 103, 3))
ATTACK: TheGodGuy/(Aquila) has attacked TheGodGuy/(Aquila) with cudgel (INTENT: STRIKE) (DAMTYPE: BRUTE) (NEWHP: 100)  (cave (27, 103, 3))
ATTACK: TheGodGuy/(Aquila) has attacked TheGodGuy/(Aquila) with cudgel (INTENT: STRIKE) (DAMTYPE: BRUTE) (NEWHP: 100)  (cave (27, 103, 3))
ATTACK: TheGodGuy/(Aquila) has attacked TheGodGuy/(Aquila) with cudgel (INTENT: STRIKE) (DAMTYPE: BRUTE) (NEWHP: 100)  (cave (27, 103, 3))
ATTACK: TheGodGuy/(Aquila) has attacked TheGodGuy/(Aquila) with cudgel (INTENT: TOUCH) (DAMTYPE: BRUTE) (NEWHP: 100)  (cave (28, 102, 3))
ATTACK: *no key*/(rous) has attacked *no key*/(Vereniz Blach) (NEWHP: 100)  (the bog (39, 117, 10))
ATTACK: *no key*/(rous) has attacked *no key*/(Vereniz Blach) (NEWHP: 100)  (the bog (39, 118, 10))
ATTACK: *no key*/(rous) has attacked *no key*/(Vereniz Blach) (NEWHP: 100)  (the bog (39, 118, 10))
ATTACK: *no key*/(rous) has attacked *no key*/(Vereniz Blach) (NEWHP: 100)  (the bog (39, 118, 10))
ATTACK: *no key*/(rous) has attacked *no key*/(Vereniz Blach) (NEWHP: 100)  (the bog (39, 118, 10))
ATTACK: *no key*/(rous) has attacked *no key*/(Vereniz Blach) (NEWHP: 100)  (the bog (39, 118, 10))
ATTACK: *no key*/(rous) has attacked *no key*/(Vereniz Blach) (NEWHP: 100)  (the bog (39, 118, 10))
ATTACK: *no key*/(rous) has attacked *no key*/(Vereniz Blach) (NEWHP: 100)  (the bog (39, 118, 10))
ATTACK: *no key*/(rous) has attacked *no key*/(Vereniz Blach) (NEWHP: 100)  (the bog (39, 118, 10))
ATTACK: *no key*/(rous) has attacked *no key*/(Vereniz Blach) (NEWHP: 100)  (the bog (39, 118, 10))
ATTACK: *no key*/(rous) has attacked *no key*/(Vereniz Blach) (NEWHP: 100)  (the bog (39, 118, 10))
ATTACK: *no key*/(rous) has attacked *no key*/(Vereniz Blach) (NEWHP: 100)  (the bog (39, 118, 10))
ATTACK: *no key*/(rous) has attacked *no key*/(Vereniz Blach) (NEWHP: 100)  (the bog (39, 118, 10))
ATTACK: *no key*/(rous) has attacked *no key*/(Vereniz Blach) (NEWHP: 100)  (the bog (39, 118, 10))
ATTACK: *no key*/(rous) has attacked *no key*/(Vereniz Blach) (NEWHP: 100)  (the bog (39, 118, 10))
ATTACK: *no key*/(rous) has attacked *no key*/(Vereniz Blach) (NEWHP: 100)  (the bog (39, 118, 10))
ATTACK: *no key*/(rous) has attacked *no key*/(Vereniz Blach) (NEWHP: 100)  (the bog (39, 118, 10))
ATTACK: *no key*/(rous) has attacked *no key*/(Vereniz Blach) (NEWHP: 100)  (the bog (39, 118, 10))
ATTACK: *no key*/(rous) has attacked *no key*/(Vereniz Blach) (NEWHP: 100)  (the bog (39, 118, 10))
ATTACK: *no key*/(rous) has attacked *no key*/(Vereniz Blach) (NEWHP: 100)  (the bog (39, 118, 10))
ATTACK: *no key*/(rous) has attacked *no key*/(Vereniz Blach) (NEWHP: 100)  (the bog (39, 118, 10))
ATTACK: *no key*/(rous) has attacked *no key*/(Vereniz Blach) (NEWHP: 100)  (the bog (39, 118, 10))
ATTACK: *no key*/(rous) has attacked *no key*/(Vereniz Blach) (NEWHP: 100)  (the bog (39, 118, 10))
ATTACK: *no key*/(rous) has attacked *no key*/(Vereniz Blach) (NEWHP: 100)  (the bog (39, 118, 10))
ATTACK: *no key*/(rous) has attacked *no key*/(Vereniz Blach) (NEWHP: 100)  (the bog (39, 118, 10))
ATTACK: *no key*/(rous) has attacked *no key*/(Vereniz Blach) (NEWHP: 100)  (the bog (39, 118, 10))
ATTACK: *no key*/(rous) has attacked *no key*/(Vereniz Blach) (NEWHP: 100)  (the bog (39, 118, 10))
ATTACK: *no key*/(rous) has attacked *no key*/(Vereniz Blach) (NEWHP: 100)  (the bog (39, 118, 10))
ATTACK: *no key*/(rous) has attacked *no key*/(Vereniz Blach) (NEWHP: 100)  (the bog (39, 118, 10))
ATTACK: p1wewe/(Veronica) has attacked [hunting knife] with the torch (sophia's cry (126, 74, 3))
ATTACK: *no key*/(rous) has attacked *no key*/(Vereniz Blach) (NEWHP: 100)  (the bog (39, 118, 10))
ATTACK: *no key*/(rous) has attacked *no key*/(Vereniz Blach) (NEWHP: 100)  (the bog (39, 118, 10))
ATTACK: *no key*/(rous) has attacked *no key*/(Vereniz Blach) (NEWHP: 100)  (the bog (39, 118, 10))
ATTACK: *no key*/(rous) has attacked *no key*/(Vereniz Blach) (NEWHP: 100)  (the bog (39, 118, 10))
ATTACK: *no key*/(rous) has attacked *no key*/(Vereniz Blach) (NEWHP: 100)  (the bog (39, 118, 10))
ATTACK: *no key*/(rous) has attacked *no key*/(Vereniz Blach) (NEWHP: 100)  (the bog (39, 118, 10))
ATTACK: *no key*/(rous) has attacked *no key*/(Vereniz Blach) (NEWHP: 100)  (the bog (39, 118, 10))
ATTACK: *no key*/(rous) has attacked *no key*/(Vereniz Blach) (NEWHP: 100)  (the bog (39, 118, 10))
ATTACK: *no key*/(rous) has attacked *no key*/(Vereniz Blach) (NEWHP: 100)  (the bog (39, 118, 10))
ATTACK: *no key*/(rous) has attacked *no key*/(Vereniz Blach) (NEWHP: 100)  (the bog (39, 118, 10))
ATTACK: *no key*/(rous) has attacked *no key*/(Vereniz Blach) (NEWHP: 100)  (the bog (39, 118, 10))
ATTACK: *no key*/(rous) has attacked *no key*/(Vereniz Blach) (NEWHP: 100)  (the bog (39, 118, 10))
ATTACK: *no key*/(rous) has attacked *no key*/(Vereniz Blach) (NEWHP: 100)  (the bog (39, 118, 10))
ATTACK: *no key*/(rous) has attacked *no key*/(Vereniz Blach) (NEWHP: 100)  (the bog (39, 118, 10))
ATTACK: *no key*/(rous) has attacked *no key*/(Vereniz Blach) (NEWHP: 100)  (the bog (39, 118, 10))
ATTACK: *no key*/(rous) has attacked *no key*/(Vereniz Blach) (NEWHP: 100)  (the bog (39, 118, 10))
ATTACK: *no key*/(rous) has attacked *no key*/(Vereniz Blach) (NEWHP: 100)  (the bog (39, 118, 10))
ATTACK: *no key*/(rous) has attacked *no key*/(Vereniz Blach) (NEWHP: 100)  (the bog (39, 118, 10))
ATTACK: *no key*/(rous) has attacked *no key*/(Vereniz Blach) (NEWHP: 100)  (the bog (39, 118, 10))
ATTACK: *no key*/(rous) has attacked *no key*/(Vereniz Blach) (NEWHP: 100)  (the bog (39, 118, 10))
ATTACK: *no key*/(rous) has attacked *no key*/(Vereniz Blach) (NEWHP: 100)  (the bog (39, 118, 10))
ATTACK: *no key*/(rous) has attacked *no key*/(Vereniz Blach) (NEWHP: 100)  (the bog (39, 118, 10))
ATTACK: *no key*/(rous) has attacked *no key*/(Vereniz Blach) (NEWHP: 100)  (the bog (39, 118, 10))
ATTACK: *no key*/(rous) has attacked *no key*/(Vereniz Blach) (NEWHP: 100)  (the bog (39, 118, 10))
ATTACK: *no key*/(rous) has attacked *no key*/(Vereniz Blach) (NEWHP: 100)  (the bog (39, 118, 10))
ATTACK: *no key*/(rous) has attacked *no key*/(Vereniz Blach) (NEWHP: 100)  (the bog (39, 118, 10))
ATTACK: *no key*/(rous) has attacked *no key*/(Vereniz Blach) (NEWHP: 100)  (the bog (39, 118, 10))
ATTACK: *no key*/(rous) has attacked *no key*/(Vereniz Blach) (NEWHP: 100)  (the bog (39, 118, 10))
ATTACK: *no key*/(rous) has attacked *no key*/(Vereniz Blach) (NEWHP: 100)  (the bog (39, 118, 10))
ATTACK: *no key*/(rous) has attacked *no key*/(Vereniz Blach) (NEWHP: 100)  (the bog (39, 118, 10))
ATTACK: *no key*/(rous) has attacked *no key*/(Vereniz Blach) (NEWHP: 100)  (the bog (39, 118, 10))
ATTACK: *no key*/(rous) has attacked *no key*/(Vereniz Blach) (NEWHP: 100)  (the bog (39, 118, 10))
ATTACK: *no key*/(rous) has attacked *no key*/(Vereniz Blach) (NEWHP: 100)  (the bog (39, 118, 10))
ATTACK: *no key*/(rous) has attacked *no key*/(Vereniz Blach) (NEWHP: 100)  (the bog (39, 118, 10))
ATTACK: *no key*/(rous) has attacked *no key*/(Vereniz Blach) (NEWHP: 100)  (the bog (39, 118, 10))
ATTACK: *no key*/(rous) has attacked *no key*/(Vereniz Blach) (NEWHP: 100)  (the bog (39, 118, 10))
ATTACK: *no key*/(rous) has attacked *no key*/(Vereniz Blach) (NEWHP: 100)  (the bog (39, 118, 10))
ATTACK: *no key*/(rous) has attacked *no key*/(Vereniz Blach) (NEWHP: 100)  (the bog (39, 118, 10))
ATTACK: *no key*/(rous) has attacked *no key*/(Vereniz Blach) (NEWHP: 100)  (the bog (39, 118, 10))
ATTACK: *no key*/(rous) has attacked *no key*/(Vereniz Blach) (NEWHP: 100)  (the bog (39, 118, 10))
ATTACK: *no key*/(rous) has attacked *no key*/(Vereniz Blach) (NEWHP: 100)  (the bog (39, 118, 10))
ATTACK: *no key*/(rous) has attacked *no key*/(Vereniz Blach) (NEWHP: 100)  (the bog (39, 118, 10))
ATTACK: *no key*/(rous) has attacked *no key*/(Vereniz Blach) (NEWHP: 100)  (the bog (39, 118, 10))
ATTACK: *no key*/(rous) has attacked *no key*/(Vereniz Blach) (NEWHP: 100)  (the bog (39, 118, 10))
ATTACK: *no key*/(rous) has attacked *no key*/(Vereniz Blach) (NEWHP: 100)  (the bog (39, 118, 10))
ATTACK: *no key*/(rous) has attacked *no key*/(Vereniz Blach) (NEWHP: 100)  (the bog (39, 118, 10))
ATTACK: *no key*/(rous) has attacked *no key*/(Vereniz Blach) (NEWHP: 100)  (the bog (39, 118, 10))
ATTACK: *no key*/(rous) has attacked *no key*/(Vereniz Blach) (NEWHP: 100)  (the bog (39, 118, 10))
ATTACK: *no key*/(rous) has attacked *no key*/(Vereniz Blach) (NEWHP: 100)  (the bog (39, 118, 10))
ATTACK: *no key*/(rous) has attacked *no key*/(Vereniz Blach) (NEWHP: 100)  (the bog (39, 118, 10))
ATTACK: *no key*/(rous) has attacked *no key*/(Vereniz Blach) (NEWHP: 100)  (the bog (39, 118, 10))
ATTACK: p1wewe/(Veronica) has attacked [brazier] with the torch (outdoors (93, 73, 4))
ATTACK: *no key*/(rous) has attacked *no key*/(Vereniz Blach) (NEWHP: 100)  (the bog (39, 118, 10))
ATTACK: *no key*/(rous) has attacked *no key*/(Vereniz Blach) (NEWHP: 100)  (the bog (39, 118, 10))
ATTACK: *no key*/(rous) has attacked *no key*/(Vereniz Blach) (NEWHP: 100)  (the bog (39, 118, 10))
ATTACK: *no key*/(rous) has attacked *no key*/(Vereniz Blach) (NEWHP: 100)  (the bog (39, 118, 10))
ATTACK: *no key*/(rous) has attacked *no key*/(Vereniz Blach) (NEWHP: 100)  (the bog (39, 118, 10))
ATTACK: *no key*/(rous) has attacked *no key*/(Vereniz Blach) (NEWHP: 100)  (the bog (39, 118, 10))
ATTACK: *no key*/(rous) has attacked *no key*/(Vereniz Blach) (NEWHP: 100)  (the bog (39, 118, 10))
ATTACK: *no key*/(rous) has attacked *no key*/(Vereniz Blach) (NEWHP: 100)  (the bog (39, 118, 10))
ATTACK: *no key*/(rous) has attacked *no key*/(Vereniz Blach) (NEWHP: 100)  (the bog (39, 118, 10))
ATTACK: *no key*/(rous) has attacked *no key*/(Vereniz Blach) (NEWHP: 100)  (the bog (39, 118, 10))
ATTACK: *no key*/(rous) has attacked *no key*/(Vereniz Blach) (NEWHP: 100)  (the bog (39, 118, 10))
ATTACK: *no key*/(rous) has attacked *no key*/(Vereniz Blach) (NEWHP: 100)  (the bog (39, 118, 10))
ATTACK: *no key*/(rous) has attacked *no key*/(Vereniz Blach) (NEWHP: 100)  (the bog (39, 118, 10))
ATTACK: *no key*/(rous) has attacked *no key*/(Vereniz Blach) (NEWHP: 100)  (the bog (39, 118, 10))
ATTACK: *no key*/(rous) has attacked *no key*/(Vereniz Blach) (NEWHP: 100)  (the bog (39, 118, 10))
ATTACK: *no key*/(rous) has attacked *no key*/(Vereniz Blach) (NEWHP: 100)  (the bog (39, 118, 10))
ATTACK: *no key*/(rous) has attacked *no key*/(Vereniz Blach) (NEWHP: 100)  (the bog (39, 118, 10))
ATTACK: *no key*/(rous) has attacked *no key*/(Vereniz Blach) (NEWHP: 100)  (the bog (39, 118, 10))
ATTACK: *no key*/(rous) has attacked *no key*/(Vereniz Blach) (NEWHP: 100)  (the bog (39, 118, 10))
ATTACK: *no key*/(rous) has attacked *no key*/(Vereniz Blach) (NEWHP: 100)  (the bog (39, 118, 10))
ATTACK: *no key*/(rous) has attacked *no key*/(Vereniz Blach) (NEWHP: 100)  (the bog (37, 118, 10))
ATTACK: *no key*/(rous) has attacked *no key*/(Vereniz Blach) (NEWHP: 100)  (the bog (38, 118, 10))
ATTACK: *no key*/(rous) has attacked *no key*/(Vereniz Blach) (NEWHP: 100)  (the bog (38, 118, 10))
ATTACK: *no key*/(rous) has attacked *no key*/(Vereniz Blach) (NEWHP: 100)  (the bog (38, 118, 10))
ATTACK: *no key*/(rous) has attacked *no key*/(Vereniz Blach) (NEWHP: 100)  (the bog (38, 117, 10))
ATTACK: *no key*/(rous) has attacked *no key*/(Vereniz Blach) (NEWHP: 100)  (the bog (38, 118, 10))
ATTACK: *no key*/(rous) has attacked *no key*/(Vereniz Blach) (NEWHP: 100)  (the bog (38, 118, 10))
ATTACK: *no key*/(rous) has attacked *no key*/(Vereniz Blach) (NEWHP: 100)  (the bog (35, 118, 10))
ATTACK: *no key*/(rous) has attacked *no key*/(Vereniz Blach) (NEWHP: 100)  (the bog (35, 118, 10))
ATTACK: *no key*/(rous) has attacked *no key*/(Vereniz Blach) (NEWHP: 100)  (the bog (35, 118, 10))
ATTACK: *no key*/(rous) has attacked *no key*/(Vereniz Blach) (NEWHP: 100)  (the bog (35, 118, 10))
ATTACK: *no key*/(rous) has attacked *no key*/(Vereniz Blach) (NEWHP: 100)  (the bog (35, 118, 10))
ATTACK: *no key*/(rous) has attacked *no key*/(Vereniz Blach) (NEWHP: 100)  (the bog (35, 118, 10))
ATTACK: *no key*/(rous) has attacked *no key*/(Vereniz Blach) (NEWHP: 100)  (the bog (35, 118, 10))
ATTACK: *no key*/(rous) has attacked *no key*/(Vereniz Blach) (NEWHP: 100)  (the bog (35, 118, 10))
ATTACK: *no key*/(rous) has attacked *no key*/(Vereniz Blach) (NEWHP: 100)  (the bog (35, 118, 10))
ATTACK: *no key*/(rous) has attacked *no key*/(Vereniz Blach) (NEWHP: 100)  (the bog (35, 118, 10))
ATTACK: *no key*/(rous) has attacked *no key*/(Vereniz Blach) (NEWHP: 100)  (the bog (35, 118, 10))
ATTACK: *no key*/(rous) has attacked *no key*/(Vereniz Blach) (NEWHP: 100)  (the bog (35, 118, 10))
ATTACK: *no key*/(rous) has attacked *no key*/(Vereniz Blach) (NEWHP: 100)  (the bog (35, 118, 10))
ATTACK: *no key*/(rous) has attacked *no key*/(Vereniz Blach) (NEWHP: 100)  (the bog (35, 118, 10))
ATTACK: *no key*/(rous) has attacked *no key*/(Vereniz Blach) (NEWHP: 100)  (the bog (35, 118, 10))
ATTACK: *no key*/(rous) has attacked *no key*/(Vereniz Blach) (NEWHP: 100)  (the bog (35, 118, 10))
ATTACK: *no key*/(rous) has attacked *no key*/(Vereniz Blach) (NEWHP: 100)  (the bog (35, 118, 10))
ATTACK: *no key*/(rous) has attacked *no key*/(Vereniz Blach) (NEWHP: 100)  (the bog (35, 118, 10))
ATTACK: *no key*/(rous) has attacked *no key*/(Vereniz Blach) (NEWHP: 100)  (the bog (35, 118, 10))
ATTACK: *no key*/(rous) has attacked *no key*/(Vereniz Blach) (NEWHP: 100)  (the bog (35, 118, 10))
ATTACK: *no key*/(rous) has attacked *no key*/(Vereniz Blach) (NEWHP: 100)  (the bog (35, 118, 10))
ATTACK: *no key*/(rous) has attacked *no key*/(Vereniz Blach) (NEWHP: 100)  (the bog (35, 118, 10))
ATTACK: *no key*/(rous) has attacked *no key*/(Vereniz Blach) (NEWHP: 100)  (the bog (35, 118, 10))
ATTACK: *no key*/(rous) has attacked *no key*/(Vereniz Blach) (NEWHP: 100)  (the bog (35, 118, 10))
ATTACK: *no key*/(rous) has attacked *no key*/(Vereniz Blach) (NEWHP: 100)  (the bog (35, 118, 10))
ATTACK: *no key*/(rous) has attacked *no key*/(Vereniz Blach) (NEWHP: 100)  (the bog (35, 118, 10))
ATTACK: *no key*/(rous) has attacked *no key*/(Vereniz Blach) (NEWHP: 100)  (the bog (35, 118, 10))
ATTACK: *no key*/(rous) has attacked *no key*/(Vereniz Blach) (NEWHP: 100)  (the bog (35, 118, 10))
ATTACK: *no key*/(rous) has attacked *no key*/(Vereniz Blach) (NEWHP: 100)  (the bog (35, 118, 10))
ATTACK: p1wewe/(Veronica) has thrown the rat (outdoors (94, 109, 4))
ATTACK: *no key*/(rous) has attacked *no key*/(Vereniz Blach) (NEWHP: 100)  (the bog (35, 118, 10))
ATTACK: *no key*/(rous) has attacked *no key*/(Vereniz Blach) (NEWHP: 100)  (the bog (35, 118, 10))
ATTACK: *no key*/(rous) has attacked *no key*/(Vereniz Blach) (NEWHP: 100)  (the bog (35, 118, 10))
ATTACK: *no key*/(rous) has attacked *no key*/(Vereniz Blach) (NEWHP: 100)  (the bog (35, 118, 10))
ATTACK: *no key*/(rous) has attacked *no key*/(Vereniz Blach) (NEWHP: 100)  (the bog (35, 118, 10))
ATTACK: *no key*/(rous) has attacked *no key*/(Vereniz Blach) (NEWHP: 100)  (the bog (35, 118, 10))
ATTACK: *no key*/(rous) has attacked *no key*/(Vereniz Blach) (NEWHP: 100)  (the bog (35, 118, 10))
ATTACK: *no key*/(rous) has attacked *no key*/(Vereniz Blach) (NEWHP: 100)  (the bog (35, 118, 10))
ATTACK: p1wewe/(Veronica) has thrown the rat (indoors rt (96, 108, 4))
ATTACK: *no key*/(rous) has attacked *no key*/(Vereniz Blach) (NEWHP: 100)  (the bog (35, 118, 10))
ATTACK: *no key*/(rous) has attacked *no key*/(Vereniz Blach) (NEWHP: 100)  (the bog (35, 118, 10))
ATTACK: *no key*/(rous) has attacked *no key*/(Vereniz Blach) (NEWHP: 100)  (the bog (35, 118, 10))
ATTACK: *no key*/(rous) has attacked *no key*/(Vereniz Blach) (NEWHP: 100)  (the bog (35, 118, 10))
ATTACK: *no key*/(rous) has attacked *no key*/(Vereniz Blach) (NEWHP: 100)  (the bog (35, 118, 10))
ATTACK: *no key*/(rous) has attacked *no key*/(Vereniz Blach) (NEWHP: 100)  (the bog (35, 118, 10))
ATTACK: *no key*/(rous) has attacked *no key*/(Vereniz Blach) (NEWHP: 100)  (the bog (35, 118, 10))
ATTACK: *no key*/(rous) has attacked *no key*/(Vereniz Blach) (NEWHP: 100)  (the bog (35, 118, 10))
ATTACK: *no key*/(rous) has attacked *no key*/(Vereniz Blach) (NEWHP: 100)  (the bog (35, 118, 10))
ATTACK: *no key*/(rous) has attacked *no key*/(Vereniz Blach) (NEWHP: 100)  (the bog (35, 118, 10))
ATTACK: *no key*/(rous) has attacked *no key*/(Vereniz Blach) (NEWHP: 100)  (the bog (35, 118, 10))
ATTACK: *no key*/(rous) has attacked *no key*/(Vereniz Blach) (NEWHP: 100)  (the bog (35, 118, 10))
ATTACK: *no key*/(rous) has attacked *no key*/(Vereniz Blach) (NEWHP: 100)  (the bog (35, 118, 10))
ATTACK: *no key*/(rous) has attacked *no key*/(Vereniz Blach) (NEWHP: 100)  (the bog (35, 118, 10))
ATTACK: *no key*/(rous) has attacked *no key*/(Vereniz Blach) (NEWHP: 100)  (the bog (35, 118, 10))
ATTACK: *no key*/(rous) has attacked *no key*/(Vereniz Blach) (NEWHP: 100)  (the bog (35, 118, 10))
ATTACK: *no key*/(rous) has attacked *no key*/(Vereniz Blach) (NEWHP: 100)  (the bog (35, 118, 10))
ATTACK: *no key*/(rous) has attacked *no key*/(Vereniz Blach) (NEWHP: 100)  (the bog (35, 118, 10))
ATTACK: *no key*/(rous) has attacked *no key*/(Vereniz Blach) (NEWHP: 100)  (the bog (35, 118, 10))
ATTACK: *no key*/(rous) has attacked *no key*/(Vereniz Blach) (NEWHP: 100)  (the bog (35, 118, 10))
ATTACK: *no key*/(rous) has attacked *no key*/(Vereniz Blach) (NEWHP: 100)  (the bog (35, 118, 10))
ATTACK: *no key*/(rous) has attacked *no key*/(Vereniz Blach) (NEWHP: 100)  (the bog (35, 118, 10))
ATTACK: *no key*/(rous) has attacked *no key*/(Vereniz Blach) (NEWHP: 100)  (the bog (35, 118, 10))
ATTACK: *no key*/(rous) has attacked *no key*/(Vereniz Blach) (NEWHP: 100)  (the bog (35, 118, 10))
ATTACK: *no key*/(rous) has attacked *no key*/(Vereniz Blach) (NEWHP: 100)  (the bog (35, 118, 10))
ATTACK: *no key*/(rous) has attacked *no key*/(Vereniz Blach) (NEWHP: 100)  (the bog (35, 118, 10))
ATTACK: *no key*/(rous) has attacked *no key*/(Vereniz Blach) (NEWHP: 100)  (the bog (35, 118, 10))
ATTACK: *no key*/(rous) has attacked *no key*/(Vereniz Blach) (NEWHP: 100)  (the bog (35, 118, 10))
ATTACK: *no key*/(rous) has attacked *no key*/(Vereniz Blach) (NEWHP: 100)  (the bog (35, 118, 10))
ATTACK: *no key*/(rous) has attacked *no key*/(Vereniz Blach) (NEWHP: 100)  (the bog (35, 118, 10))
ATTACK: *no key*/(rous) has attacked *no key*/(Vereniz Blach) (NEWHP: 100)  (the bog (35, 118, 10))
ATTACK: *no key*/(rous) has attacked *no key*/(Vereniz Blach) (NEWHP: 100)  (the bog (35, 118, 10))
ATTACK: *no key*/(rous) has attacked *no key*/(Vereniz Blach) (NEWHP: 100)  (the bog (35, 118, 10))
ATTACK: *no key*/(rous) has attacked *no key*/(Vereniz Blach) (NEWHP: 100)  (the bog (35, 118, 10))
ATTACK: *no key*/(rous) has attacked *no key*/(Vereniz Blach) (NEWHP: 100)  (the bog (35, 118, 10))
ATTACK: *no key*/(rous) has attacked *no key*/(Vereniz Blach) (NEWHP: 100)  (the bog (35, 118, 10))
ATTACK: *no key*/(rous) has attacked *no key*/(Vereniz Blach) (NEWHP: 100)  (the bog (35, 118, 10))
ATTACK: *no key*/(rous) has attacked *no key*/(Vereniz Blach) (NEWHP: 100)  (the bog (35, 118, 10))
ATTACK: *no key*/(rous) has attacked *no key*/(Vereniz Blach) (NEWHP: 100)  (the bog (35, 118, 10))
ATTACK: *no key*/(rous) has attacked *no key*/(Vereniz Blach) (NEWHP: 100)  (the bog (36, 118, 10))
ATTACK: *no key*/(rous) has attacked *no key*/(Vereniz Blach) (NEWHP: 100)  (the bog (36, 118, 10))
ATTACK: *no key*/(rous) has attacked *no key*/(Vereniz Blach) (NEWHP: 100)  (the bog (36, 118, 10))
ATTACK: *no key*/(rous) has attacked *no key*/(Vereniz Blach) (NEWHP: 100)  (the bog (37, 118, 10))
ATTACK: *no key*/(rous) has attacked *no key*/(Vereniz Blach) (NEWHP: 100)  (the bog (38, 118, 10))
ATTACK: *no key*/(rous) has attacked *no key*/(Vereniz Blach) (NEWHP: 100)  (the bog (38, 118, 10))
ATTACK: *no key*/(rous) has attacked *no key*/(Vereniz Blach) (NEWHP: 100)  (the bog (38, 118, 10))
ATTACK: *no key*/(rous) has attacked *no key*/(Vereniz Blach) (NEWHP: 100)  (the bog (38, 118, 10))
ATTACK: *no key*/(rous) has attacked *no key*/(Vereniz Blach) (NEWHP: 100)  (the bog (38, 118, 10))
ATTACK: *no key*/(rous) has attacked *no key*/(Vereniz Blach) (NEWHP: 100)  (the bog (38, 118, 10))
ATTACK: *no key*/(rous) has attacked *no key*/(Vereniz Blach) (NEWHP: 100)  (the bog (38, 118, 10))
ATTACK: *no key*/(rous) has attacked *no key*/(Vereniz Blach) (NEWHP: 100)  (the bog (38, 118, 10))
ATTACK: *no key*/(rous) has attacked *no key*/(Vereniz Blach) (NEWHP: 100)  (the bog (38, 118, 10))
ATTACK: *no key*/(rous) has attacked *no key*/(Vereniz Blach) (NEWHP: 100)  (the bog (38, 118, 10))
ATTACK: *no key*/(rous) has attacked *no key*/(Vereniz Blach) (NEWHP: 100)  (the bog (38, 118, 10))
ATTACK: *no key*/(rous) has attacked *no key*/(Vereniz Blach) (NEWHP: 100)  (the bog (38, 118, 10))
ATTACK: *no key*/(rous) has attacked *no key*/(Vereniz Blach) (NEWHP: 100)  (the bog (38, 118, 10))
ATTACK: *no key*/(rous) has attacked *no key*/(Vereniz Blach) (NEWHP: 100)  (the bog (38, 118, 10))
ATTACK: *no key*/(rous) has attacked *no key*/(Vereniz Blach) (NEWHP: 100)  (the bog (38, 118, 10))
ATTACK: *no key*/(rous) has attacked *no key*/(Vereniz Blach) (NEWHP: 100)  (the bog (38, 118, 10))
ATTACK: *no key*/(rous) has attacked *no key*/(Vereniz Blach) (NEWHP: 100)  (the bog (38, 118, 10))
ATTACK: *no key*/(rous) has attacked *no key*/(Vereniz Blach) (NEWHP: 100)  (the bog (38, 118, 10))
ATTACK: *no key*/(rous) has attacked *no key*/(Vereniz Blach) (NEWHP: 100)  (the bog (38, 118, 10))
ATTACK: *no key*/(rous) has attacked *no key*/(Vereniz Blach) (NEWHP: 100)  (the bog (38, 118, 10))
ATTACK: *no key*/(rous) has attacked *no key*/(Vereniz Blach) (NEWHP: 100)  (the bog (38, 118, 10))
ATTACK: *no key*/(rous) has attacked *no key*/(Vereniz Blach) (NEWHP: 100)  (the bog (38, 118, 10))
ATTACK: *no key*/(rous) has attacked *no key*/(Vereniz Blach) (NEWHP: 100)  (the bog (38, 118, 10))
ATTACK: *no key*/(rous) has attacked *no key*/(Vereniz Blach) (NEWHP: 100)  (the bog (38, 118, 10))
ATTACK: *no key*/(rous) has attacked *no key*/(Vereniz Blach) (NEWHP: 100)  (the bog (38, 118, 10))
ATTACK: *no key*/(rous) has attacked *no key*/(Vereniz Blach) (NEWHP: 100)  (the bog (38, 118, 10))
ATTACK: *no key*/(rous) has attacked *no key*/(Vereniz Blach) (NEWHP: 100)  (the bog (38, 118, 10))
ATTACK: *no key*/(rous) has attacked *no key*/(Vereniz Blach) (NEWHP: 100)  (the bog (38, 118, 10))
ATTACK: *no key*/(rous) has attacked *no key*/(Vereniz Blach) (NEWHP: 100)  (the bog (38, 118, 10))
ATTACK: *no key*/(rous) has attacked *no key*/(Vereniz Blach) (NEWHP: 100)  (the bog (38, 118, 10))
ATTACK: *no key*/(rous) has attacked *no key*/(Vereniz Blach) (NEWHP: 100)  (the bog (38, 118, 10))
ATTACK: *no key*/(rous) has attacked *no key*/(Vereniz Blach) (NEWHP: 100)  (the bog (38, 118, 10))
ATTACK: *no key*/(rous) has attacked *no key*/(Vereniz Blach) (NEWHP: 100)  (the bog (38, 118, 10))
ATTACK: *no key*/(rous) has attacked *no key*/(Vereniz Blach) (NEWHP: 100)  (the bog (37, 118, 10))
ATTACK: *no key*/(rous) has attacked *no key*/(Vereniz Blach) (NEWHP: 100)  (the bog (37, 118, 10))
ATTACK: *no key*/(rous) has attacked *no key*/(Vereniz Blach) (NEWHP: 100)  (the bog (37, 118, 10))
ATTACK: *no key*/(rous) has attacked *no key*/(Vereniz Blach) (NEWHP: 100)  (the bog (37, 118, 10))
ATTACK: *no key*/(rous) has attacked *no key*/(Vereniz Blach) (NEWHP: 100)  (the bog (37, 118, 10))
ATTACK: *no key*/(rous) has attacked *no key*/(Vereniz Blach) (NEWHP: 100)  (the bog (37, 118, 10))
ATTACK: *no key*/(rous) has attacked *no key*/(Vereniz Blach) (NEWHP: 100)  (the bog (37, 118, 10))
ATTACK: *no key*/(rous) has attacked *no key*/(Vereniz Blach) (NEWHP: 100)  (the bog (37, 118, 10))
ATTACK: *no key*/(rous) has attacked *no key*/(Vereniz Blach) (NEWHP: 100)  (the bog (37, 118, 10))
ATTACK: *no key*/(rous) has attacked *no key*/(Vereniz Blach) (NEWHP: 100)  (the bog (37, 118, 10))
ATTACK: *no key*/(rous) has attacked *no key*/(Vereniz Blach) (NEWHP: 100)  (the bog (37, 118, 10))
ATTACK: *no key*/(rous) has attacked *no key*/(Vereniz Blach) (NEWHP: 100)  (the bog (37, 118, 10))
ATTACK: *no key*/(rous) has attacked *no key*/(Vereniz Blach) (NEWHP: 100)  (the bog (37, 118, 10))
ATTACK: *no key*/(rous) has attacked *no key*/(Vereniz Blach) (NEWHP: 100)  (the bog (37, 118, 10))
ATTACK: *no key*/(rous) has attacked *no key*/(Vereniz Blach) (NEWHP: 100)  (the bog (37, 118, 10))
ATTACK: *no key*/(rous) has attacked *no key*/(Vereniz Blach) (NEWHP: 100)  (the bog (37, 118, 10))
ATTACK: *no key*/(rous) has attacked *no key*/(Vereniz Blach) (NEWHP: 100)  (the bog (37, 118, 10))
ATTACK: *no key*/(rous) has attacked *no key*/(Vereniz Blach) (NEWHP: 100)  (the bog (37, 118, 10))
ATTACK: *no key*/(rous) has attacked *no key*/(Vereniz Blach) (NEWHP: 100)  (the bog (37, 118, 10))
ATTACK: *no key*/(rous) has attacked *no key*/(Vereniz Blach) (NEWHP: 100)  (the bog (37, 118, 10))
ATTACK: *no key*/(rous) has attacked *no key*/(Vereniz Blach) (NEWHP: 100)  (the bog (37, 118, 10))
ATTACK: *no key*/(rous) has attacked *no key*/(Vereniz Blach) (NEWHP: 100)  (the bog (37, 118, 10))
ATTACK: *no key*/(rous) has attacked *no key*/(Vereniz Blach) (NEWHP: 100)  (the bog (37, 118, 10))
ATTACK: *no key*/(rous) has attacked *no key*/(Vereniz Blach) (NEWHP: 100)  (the bog (37, 118, 10))
ATTACK: *no key*/(rous) has attacked *no key*/(Vereniz Blach) (NEWHP: 100)  (the bog (37, 118, 10))
ATTACK: *no key*/(rous) has attacked *no key*/(Vereniz Blach) (NEWHP: 100)  (the bog (37, 118, 10))
ATTACK: *no key*/(rous) has attacked *no key*/(Vereniz Blach) (NEWHP: 100)  (the bog (37, 118, 10))
ATTACK: *no key*/(rous) has attacked *no key*/(Vereniz Blach) (NEWHP: 100)  (the bog (37, 118, 10))
ATTACK: *no key*/(rous) has attacked *no key*/(Vereniz Blach) (NEWHP: 100)  (the bog (38, 118, 10))
ATTACK: *no key*/(rous) has attacked *no key*/(Vereniz Blach) (NEWHP: 100)  (the bog (38, 118, 10))
ATTACK: *no key*/(rous) has attacked *no key*/(Vereniz Blach) (NEWHP: 100)  (the bog (38, 118, 10))
ATTACK: *no key*/(rous) has attacked *no key*/(Vereniz Blach) (NEWHP: 100)  (the bog (38, 118, 10))
ATTACK: *no key*/(rous) has attacked *no key*/(Vereniz Blach) (NEWHP: 100)  (the bog (38, 118, 10))
ATTACK: *no key*/(rous) has attacked *no key*/(Vereniz Blach) (NEWHP: 100)  (the bog (38, 118, 10))
ATTACK: *no key*/(rous) has attacked *no key*/(Vereniz Blach) (NEWHP: 100)  (the bog (38, 118, 10))
ATTACK: *no key*/(rous) has attacked *no key*/(Vereniz Blach) (NEWHP: 100)  (the bog (38, 118, 10))
ATTACK: *no key*/(rous) has attacked *no key*/(Vereniz Blach) (NEWHP: 100)  (the bog (38, 118, 10))
ATTACK: *no key*/(rous) has attacked *no key*/(Vereniz Blach) (NEWHP: 100)  (the bog (38, 118, 10))
ATTACK: *no key*/(rous) has attacked *no key*/(Vereniz Blach) (NEWHP: 100)  (the bog (38, 118, 10))
ATTACK: *no key*/(rous) has attacked *no key*/(Vereniz Blach) (NEWHP: 100)  (the bog (38, 118, 10))
ATTACK: *no key*/(rous) has attacked *no key*/(Vereniz Blach) (NEWHP: 100)  (the bog (38, 118, 10))
ATTACK: *no key*/(rous) has attacked *no key*/(Vereniz Blach) (NEWHP: 100)  (the bog (38, 118, 10))
ATTACK: *no key*/(rous) has attacked *no key*/(Vereniz Blach) (NEWHP: 100)  (the bog (38, 118, 10))
ATTACK: *no key*/(rous) has attacked *no key*/(Vereniz Blach) (NEWHP: 100)  (the bog (38, 118, 10))
ATTACK: *no key*/(rous) has attacked *no key*/(Vereniz Blach) (NEWHP: 100)  (the bog (38, 118, 10))
ATTACK: *no key*/(rous) has attacked *no key*/(Vereniz Blach) (NEWHP: 100)  (the bog (38, 118, 10))
ATTACK: *no key*/(rous) has attacked *no key*/(Vereniz Blach) (NEWHP: 100)  (the bog (38, 118, 10))
ATTACK: *no key*/(rous) has attacked *no key*/(Vereniz Blach) (NEWHP: 100)  (the bog (38, 118, 10))
ATTACK: *no key*/(rous) has attacked *no key*/(Vereniz Blach) (NEWHP: 100)  (the bog (38, 118, 10))
ATTACK: *no key*/(rous) has attacked *no key*/(Vereniz Blach) (NEWHP: 100)  (the bog (38, 118, 10))
ATTACK: *no key*/(rous) has attacked *no key*/(Vereniz Blach) (NEWHP: 100)  (the bog (38, 118, 10))
ATTACK: *no key*/(rous) has attacked *no key*/(Vereniz Blach) (NEWHP: 100)  (the bog (38, 118, 10))
ATTACK: *no key*/(rous) has attacked *no key*/(Vereniz Blach) (NEWHP: 100)  (the bog (38, 118, 10))
ATTACK: *no key*/(rous) has attacked *no key*/(Vereniz Blach) (NEWHP: 100)  (the bog (38, 118, 10))
ATTACK: *no key*/(rous) has attacked *no key*/(Vereniz Blach) (NEWHP: 100)  (the bog (38, 118, 10))
ATTACK: *no key*/(rous) has attacked *no key*/(Vereniz Blach) (NEWHP: 100)  (the bog (38, 118, 10))
ATTACK: *no key*/(rous) has attacked *no key*/(Vereniz Blach) (NEWHP: 100)  (the bog (38, 118, 10))
ATTACK: *no key*/(rous) has attacked *no key*/(Vereniz Blach) (NEWHP: 100)  (the bog (38, 118, 10))
ATTACK: *no key*/(rous) has attacked *no key*/(Vereniz Blach) (NEWHP: 100)  (the bog (38, 118, 10))
ATTACK: *no key*/(rous) has attacked *no key*/(Vereniz Blach) (NEWHP: 100)  (the bog (38, 118, 10))
ATTACK: *no key*/(rous) has attacked *no key*/(Vereniz Blach) (NEWHP: 100)  (the bog (38, 118, 10))
ATTACK: *no key*/(rous) has attacked *no key*/(Vereniz Blach) (NEWHP: 100)  (the bog (38, 118, 10))
ATTACK: *no key*/(rous) has attacked *no key*/(Vereniz Blach) (NEWHP: 100)  (the bog (38, 118, 10))
ATTACK: *no key*/(rous) has attacked *no key*/(Vereniz Blach) (NEWHP: 100)  (the bog (38, 118, 10))
ATTACK: *no key*/(rous) has attacked *no key*/(Vereniz Blach) (NEWHP: 100)  (the bog (38, 118, 10))
ATTACK: *no key*/(rous) has attacked *no key*/(Vereniz Blach) (NEWHP: 100)  (the bog (38, 118, 10))
ATTACK: *no key*/(rous) has attacked *no key*/(Vereniz Blach) (NEWHP: 100)  (the bog (38, 118, 10))
ATTACK: *no key*/(rous) has attacked *no key*/(Vereniz Blach) (NEWHP: 100)  (the bog (38, 118, 10))
ATTACK: *no key*/(rous) has attacked *no key*/(Vereniz Blach) (NEWHP: 100)  (the bog (38, 118, 10))
ATTACK: *no key*/(rous) has attacked *no key*/(Vereniz Blach) (NEWHP: 100)  (the bog (38, 118, 10))
ATTACK: *no key*/(rous) has attacked *no key*/(Vereniz Blach) (NEWHP: 100)  (the bog (38, 118, 10))
ATTACK: *no key*/(rous) has attacked *no key*/(Vereniz Blach) (NEWHP: 100)  (the bog (38, 118, 10))
ATTACK: *no key*/(rous) has attacked *no key*/(Vereniz Blach) (NEWHP: 100)  (the bog (38, 118, 10))
ATTACK: *no key*/(rous) has attacked *no key*/(Vereniz Blach) (NEWHP: 100)  (the bog (38, 118, 10))
ATTACK: *no key*/(rous) has attacked *no key*/(Vereniz Blach) (NEWHP: 100)  (the bog (38, 118, 10))
ATTACK: *no key*/(rous) has attacked *no key*/(Vereniz Blach) (NEWHP: 100)  (the bog (38, 118, 10))
ATTACK: *no key*/(rous) has attacked *no key*/(Vereniz Blach) (NEWHP: 100)  (the bog (38, 118, 10))
ATTACK: *no key*/(rous) has attacked *no key*/(Vereniz Blach) (NEWHP: 100)  (the bog (38, 118, 10))
ATTACK: *no key*/(rous) has attacked *no key*/(Vereniz Blach) (NEWHP: 100)  (the bog (38, 118, 10))
ATTACK: *no key*/(rous) has attacked *no key*/(Vereniz Blach) (NEWHP: 100)  (the bog (38, 118, 10))
ATTACK: *no key*/(rous) has attacked *no key*/(Vereniz Blach) (NEWHP: 100)  (the bog (38, 118, 10))
ATTACK: *no key*/(rous) has attacked *no key*/(Vereniz Blach) (NEWHP: 100)  (the bog (38, 118, 10))
ATTACK: *no key*/(rous) has attacked *no key*/(Vereniz Blach) (NEWHP: 100)  (the bog (38, 118, 10))
ATTACK: *no key*/(rous) has attacked *no key*/(Vereniz Blach) (NEWHP: 100)  (the bog (38, 118, 10))
ATTACK: *no key*/(rous) has attacked *no key*/(Vereniz Blach) (NEWHP: 100)  (the bog (38, 118, 10))
ATTACK: *no key*/(rous) has attacked *no key*/(Vereniz Blach) (NEWHP: 100)  (the bog (38, 118, 10))
ATTACK: *no key*/(rous) has attacked *no key*/(Vereniz Blach) (NEWHP: 100)  (the bog (39, 119, 10))
ATTACK: *no key*/(rous) has attacked *no key*/(Vereniz Blach) (NEWHP: 100)  (the bog (39, 119, 10))
ATTACK: *no key*/(rous) has attacked *no key*/(Vereniz Blach) (NEWHP: 100)  (the bog (39, 119, 10))
ATTACK: *no key*/(rous) has attacked *no key*/(Vereniz Blach) (NEWHP: 100)  (the bog (39, 119, 10))
ATTACK: *no key*/(rous) has attacked *no key*/(Vereniz Blach) (NEWHP: 100)  (the bog (39, 119, 10))
ATTACK: *no key*/(rous) has attacked *no key*/(Vereniz Blach) (NEWHP: 100)  (the bog (39, 119, 10))
ATTACK: *no key*/(rous) has attacked *no key*/(Vereniz Blach) (NEWHP: 100)  (the bog (39, 119, 10))
ATTACK: *no key*/(rous) has attacked *no key*/(Vereniz Blach) (NEWHP: 100)  (the bog (39, 119, 10))
ATTACK: *no key*/(rous) has attacked *no key*/(Vereniz Blach) (NEWHP: 100)  (the bog (39, 119, 10))
ATTACK: *no key*/(rous) has attacked *no key*/(Vereniz Blach) (NEWHP: 100)  (the bog (39, 119, 10))
ATTACK: *no key*/(rous) has attacked *no key*/(Vereniz Blach) (NEWHP: 100)  (the bog (39, 119, 10))
ATTACK: *no key*/(rous) has attacked *no key*/(Vereniz Blach) (NEWHP: 100)  (the bog (39, 119, 10))
ATTACK: *no key*/(rous) has attacked *no key*/(Vereniz Blach) (NEWHP: 100)  (the bog (39, 119, 10))
ATTACK: *no key*/(rous) has attacked *no key*/(Vereniz Blach) (NEWHP: 100)  (the bog (39, 119, 10))
ATTACK: *no key*/(rous) has attacked *no key*/(Vereniz Blach) (NEWHP: 100)  (the bog (39, 119, 10))
ATTACK: *no key*/(rous) has attacked *no key*/(Vereniz Blach) (NEWHP: 100)  (the bog (39, 119, 10))
ATTACK: *no key*/(rous) has attacked *no key*/(Vereniz Blach) (NEWHP: 100)  (the bog (39, 119, 10))
ATTACK: *no key*/(rous) has attacked *no key*/(Vereniz Blach) (NEWHP: 100)  (the bog (39, 119, 10))
ATTACK: *no key*/(rous) has attacked *no key*/(Vereniz Blach) (NEWHP: 100)  (the bog (39, 119, 10))
ATTACK: *no key*/(rous) has attacked *no key*/(Vereniz Blach) (NEWHP: 100)  (the bog (39, 119, 10))
ATTACK: *no key*/(rous) has attacked *no key*/(Vereniz Blach) (NEWHP: 100)  (the bog (39, 119, 10))
ATTACK: *no key*/(rous) has attacked *no key*/(Vereniz Blach) (NEWHP: 100)  (the bog (39, 119, 10))
ATTACK: *no key*/(rous) has attacked *no key*/(Vereniz Blach) (NEWHP: 100)  (the bog (39, 119, 10))
ATTACK: *no key*/(rous) has attacked *no key*/(Vereniz Blach) (NEWHP: 100)  (the bog (39, 119, 10))
ATTACK: *no key*/(rous) has attacked *no key*/(Vereniz Blach) (NEWHP: 100)  (the bog (39, 119, 10))
ATTACK: *no key*/(rous) has attacked *no key*/(Vereniz Blach) (NEWHP: 100)  (the bog (39, 119, 10))
ATTACK: *no key*/(rous) has attacked *no key*/(Vereniz Blach) (NEWHP: 100)  (the bog (39, 119, 10))
ATTACK: *no key*/(rous) has attacked *no key*/(Vereniz Blach) (NEWHP: 100)  (the bog (39, 119, 10))
ATTACK: *no key*/(rous) has attacked *no key*/(Vereniz Blach) (NEWHP: 100)  (the bog (39, 119, 10))
ATTACK: *no key*/(rous) has attacked *no key*/(Vereniz Blach) (NEWHP: 100)  (the bog (39, 119, 10))
ATTACK: *no key*/(rous) has attacked *no key*/(Vereniz Blach) (NEWHP: 100)  (the bog (39, 119, 10))
ATTACK: *no key*/(rous) has attacked *no key*/(Vereniz Blach) (NEWHP: 100)  (the bog (39, 119, 10))
ATTACK: *no key*/(rous) has attacked *no key*/(Vereniz Blach) (NEWHP: 100)  (the bog (39, 119, 10))
ATTACK: *no key*/(rous) has attacked *no key*/(Vereniz Blach) (NEWHP: 100)  (the bog (39, 119, 10))
ATTACK: *no key*/(rous) has attacked *no key*/(Vereniz Blach) (NEWHP: 100)  (the bog (39, 119, 10))
ATTACK: *no key*/(rous) has attacked *no key*/(Vereniz Blach) (NEWHP: 100)  (the bog (39, 119, 10))
ATTACK: *no key*/(rous) has attacked *no key*/(Vereniz Blach) (NEWHP: 100)  (the bog (39, 119, 10))
ATTACK: *no key*/(rous) has attacked *no key*/(Vereniz Blach) (NEWHP: 100)  (the bog (39, 119, 10))
ATTACK: *no key*/(rous) has attacked *no key*/(Vereniz Blach) (NEWHP: 100)  (the bog (39, 119, 10))
ATTACK: *no key*/(rous) has attacked *no key*/(Vereniz Blach) (NEWHP: 100)  (the bog (39, 119, 10))
ATTACK: *no key*/(rous) has attacked *no key*/(Vereniz Blach) (NEWHP: 100)  (the bog (39, 119, 10))
ATTACK: *no key*/(rous) has attacked *no key*/(Vereniz Blach) (NEWHP: 100)  (the bog (39, 119, 10))
ATTACK: *no key*/(rous) has attacked *no key*/(Vereniz Blach) (NEWHP: 100)  (the bog (39, 119, 10))
ATTACK: *no key*/(rous) has attacked *no key*/(Vereniz Blach) (NEWHP: 100)  (the bog (39, 119, 10))
ATTACK: *no key*/(rous) has attacked *no key*/(Vereniz Blach) (NEWHP: 100)  (the bog (38, 120, 10))
ATTACK: *no key*/(rous) has attacked *no key*/(Vereniz Blach) (NEWHP: 100)  (the bog (38, 120, 10))
ATTACK: *no key*/(rous) has attacked *no key*/(Vereniz Blach) (NEWHP: 100)  (the bog (38, 120, 10))
ATTACK: *no key*/(rous) has attacked *no key*/(Vereniz Blach) (NEWHP: 100)  (the bog (38, 120, 10))
ATTACK: *no key*/(rous) has attacked *no key*/(Vereniz Blach) (NEWHP: 100)  (the bog (38, 120, 10))
ATTACK: *no key*/(rous) has attacked *no key*/(Vereniz Blach) (NEWHP: 100)  (the bog (38, 120, 10))
ATTACK: *no key*/(rous) has attacked *no key*/(Vereniz Blach) (NEWHP: 100)  (the bog (38, 120, 10))
ATTACK: *no key*/(rous) has attacked *no key*/(Vereniz Blach) (NEWHP: 100)  (the bog (38, 120, 10))
ATTACK: *no key*/(rous) has attacked *no key*/(Vereniz Blach) (NEWHP: 100)  (the bog (38, 120, 10))
ATTACK: *no key*/(rous) has attacked *no key*/(Vereniz Blach) (NEWHP: 100)  (the bog (38, 120, 10))
ATTACK: *no key*/(rous) has attacked *no key*/(Vereniz Blach) (NEWHP: 100)  (the bog (38, 120, 10))
ATTACK: *no key*/(rous) has attacked *no key*/(Vereniz Blach) (NEWHP: 100)  (the bog (38, 120, 10))
ATTACK: *no key*/(rous) has attacked *no key*/(Vereniz Blach) (NEWHP: 100)  (the bog (38, 120, 10))
ATTACK: *no key*/(rous) has attacked *no key*/(Vereniz Blach) (NEWHP: 100)  (the bog (38, 119, 10))
ATTACK: *no key*/(rous) has attacked *no key*/(Vereniz Blach) (NEWHP: 100)  (the bog (38, 119, 10))
ATTACK: *no key*/(rous) has attacked *no key*/(Vereniz Blach) (NEWHP: 100)  (the bog (38, 119, 10))
ATTACK: *no key*/(rous) has attacked *no key*/(Vereniz Blach) (NEWHP: 100)  (the bog (38, 119, 10))
ATTACK: *no key*/(rous) has attacked *no key*/(Vereniz Blach) (NEWHP: 100)  (the bog (38, 119, 10))
ATTACK: *no key*/(rous) has attacked *no key*/(Vereniz Blach) (NEWHP: 100)  (the bog (38, 119, 10))
ATTACK: *no key*/(rous) has attacked *no key*/(Vereniz Blach) (NEWHP: 100)  (the bog (38, 119, 10))
ATTACK: *no key*/(rous) has attacked *no key*/(Vereniz Blach) (NEWHP: 100)  (the bog (38, 119, 10))
ATTACK: *no key*/(rous) has attacked *no key*/(Vereniz Blach) (NEWHP: 100)  (the bog (38, 119, 10))
ATTACK: *no key*/(rous) has attacked *no key*/(Vereniz Blach) (NEWHP: 100)  (the bog (38, 119, 10))
ATTACK: *no key*/(rous) has attacked *no key*/(Vereniz Blach) (NEWHP: 100)  (the bog (38, 119, 10))
ATTACK: *no key*/(rous) has attacked *no key*/(Vereniz Blach) (NEWHP: 100)  (the bog (38, 119, 10))
ATTACK: *no key*/(rous) has attacked *no key*/(Vereniz Blach) (NEWHP: 100)  (the bog (38, 119, 10))
ATTACK: *no key*/(rous) has attacked *no key*/(Vereniz Blach) (NEWHP: 100)  (the bog (38, 119, 10))
ATTACK: *no key*/(rous) has attacked *no key*/(Vereniz Blach) (NEWHP: 100)  (the bog (38, 119, 10))
ATTACK: *no key*/(rous) has attacked *no key*/(Vereniz Blach) (NEWHP: 100)  (the bog (38, 119, 10))
ATTACK: *no key*/(rous) has attacked *no key*/(Vereniz Blach) (NEWHP: 100)  (the bog (38, 119, 10))
ATTACK: *no key*/(rous) has attacked *no key*/(Vereniz Blach) (NEWHP: 100)  (the bog (38, 119, 10))
ATTACK: *no key*/(rous) has attacked *no key*/(Vereniz Blach) (NEWHP: 100)  (the bog (38, 119, 10))
ATTACK: *no key*/(rous) has attacked *no key*/(Vereniz Blach) (NEWHP: 100)  (the bog (38, 119, 10))
ATTACK: *no key*/(rous) has attacked *no key*/(Vereniz Blach) (NEWHP: 100)  (the bog (38, 119, 10))
ATTACK: *no key*/(rous) has attacked *no key*/(Vereniz Blach) (NEWHP: 100)  (the bog (38, 119, 10))
ATTACK: *no key*/(rous) has attacked *no key*/(Vereniz Blach) (NEWHP: 100)  (the bog (38, 119, 10))
ATTACK: *no key*/(rous) has attacked *no key*/(Vereniz Blach) (NEWHP: 100)  (the bog (38, 119, 10))
ATTACK: *no key*/(rous) has attacked *no key*/(Vereniz Blach) (NEWHP: 100)  (the bog (38, 119, 10))
ATTACK: TheGodGuy/(Gurnar) has attacked *no key*/(Aquila) with kilij scimitar (INTENT: STRIKE) (DAMTYPE: BRUTE) (NEWHP: 100)  (cave (28, 103, 3))
ATTACK: TheGodGuy/(Gurnar) has attacked *no key*/(Aquila) with kilij scimitar (INTENT: STRIKE) (DAMTYPE: BRUTE) (NEWHP: 100)  (cave (28, 103, 3))
ATTACK: *no key*/(rous) has attacked *no key*/(Vereniz Blach) (NEWHP: 100)  (the bog (38, 119, 10))
ATTACK: TheGodGuy/(Gurnar) has attacked *no key*/(Aquila) with kilij scimitar (INTENT: STRIKE) (DAMTYPE: BRUTE) (NEWHP: 100)  (cave (28, 103, 3))
ATTACK: *no key*/(rous) has attacked *no key*/(Vereniz Blach) (NEWHP: 100)  (the bog (38, 119, 10))
ATTACK: TheGodGuy/(Gurnar) has attacked *no key*/(Aquila) with kilij scimitar (INTENT: STRIKE) (DAMTYPE: BRUTE) (NEWHP: 100)  (cave (28, 103, 3))
ATTACK: *no key*/(rous) has attacked *no key*/(Vereniz Blach) (NEWHP: 100)  (the bog (38, 119, 10))
ATTACK: TheGodGuy/(Gurnar) has attacked *no key*/(Aquila) with kilij scimitar (INTENT: STRIKE) (DAMTYPE: BRUTE) (NEWHP: 100)  (cave (28, 103, 3))
ATTACK: TheGodGuy/(Gurnar) has attacked *no key*/(Aquila) with kilij scimitar (INTENT: STRIKE) (DAMTYPE: BRUTE) (NEWHP: 100)  (cave (28, 103, 3))
ATTACK: *no key*/(rous) has attacked *no key*/(Vereniz Blach) (NEWHP: 100)  (the bog (38, 119, 10))
ATTACK: TheGodGuy/(Gurnar) has attacked *no key*/(Aquila) with kilij scimitar (INTENT: STRIKE) (DAMTYPE: BRUTE) (NEWHP: 100)  (cave (28, 103, 3))
ATTACK: TheGodGuy/(Gurnar) has attacked *no key*/(Aquila) with kilij scimitar (INTENT: STRIKE) (DAMTYPE: BRUTE) (NEWHP: 100)  (cave (28, 103, 3))
ATTACK: *no key*/(rous) has attacked *no key*/(Vereniz Blach) (NEWHP: 100)  (the bog (38, 119, 10))
ATTACK: TheGodGuy/(Gurnar) has attacked *no key*/(Aquila) with kilij scimitar (INTENT: STRIKE) (DAMTYPE: BRUTE) (NEWHP: 100)  (cave (28, 103, 3))
ATTACK: *no key*/(rous) has attacked *no key*/(Vereniz Blach) (NEWHP: 100)  (the bog (38, 119, 10))
ATTACK: TheGodGuy/(Gurnar) has attacked *no key*/(Aquila) with kilij scimitar (INTENT: STRIKE) (DAMTYPE: BRUTE) (NEWHP: 100)  (cave (28, 103, 3))
ATTACK: TheGodGuy/(Gurnar) has attacked *no key*/(Aquila) with kilij scimitar (INTENT: STRIKE) (DAMTYPE: BRUTE) (NEWHP: 100)  (cave (28, 103, 3))
ATTACK: *no key*/(rous) has attacked *no key*/(Vereniz Blach) (NEWHP: 100)  (the bog (38, 119, 10))
ATTACK: TheGodGuy/(Gurnar) has attacked *no key*/(Aquila) with kilij scimitar (INTENT: STRIKE) (DAMTYPE: BRUTE) (NEWHP: 100)  (cave (28, 103, 3))
ATTACK: *no key*/(rous) has attacked *no key*/(Vereniz Blach) (NEWHP: 100)  (the bog (38, 119, 10))
ATTACK: TheGodGuy/(Gurnar) has attacked *no key*/(Aquila) with kilij scimitar (INTENT: STRIKE) (DAMTYPE: BRUTE) (NEWHP: 100)  (cave (28, 103, 3))
ATTACK: TheGodGuy/(Gurnar) has attacked *no key*/(Aquila) with kilij scimitar (INTENT: STRIKE) (DAMTYPE: BRUTE) (NEWHP: 100)  (cave (28, 103, 3))
ATTACK: *no key*/(rous) has attacked *no key*/(Vereniz Blach) (NEWHP: 100)  (the bog (38, 119, 10))
ATTACK: TheGodGuy/(Gurnar) has attacked *no key*/(Aquila) with kilij scimitar (INTENT: STRIKE) (DAMTYPE: BRUTE) (NEWHP: 100)  (cave (28, 103, 3))
ATTACK: *no key*/(rous) has attacked *no key*/(Vereniz Blach) (NEWHP: 100)  (the bog (38, 119, 10))
ATTACK: TheGodGuy/(Gurnar) has attacked *no key*/(Aquila) with kilij scimitar (INTENT: STRIKE) (DAMTYPE: BRUTE) (NEWHP: 100)  (cave (28, 103, 3))
ATTACK: TheGodGuy/(Gurnar) has attacked *no key*/(Aquila) with kilij scimitar (INTENT: STRIKE) (DAMTYPE: BRUTE) (NEWHP: 100)  (cave (28, 103, 3))
ATTACK: *no key*/(rous) has attacked *no key*/(Vereniz Blach) (NEWHP: 100)  (the bog (38, 119, 10))
ATTACK: *no key*/(rous) has attacked *no key*/(Vereniz Blach) (NEWHP: 100)  (the bog (38, 119, 10))
ATTACK: *no key*/(rous) has attacked *no key*/(Vereniz Blach) (NEWHP: 100)  (the bog (38, 119, 10))
ATTACK: *no key*/(rous) has attacked *no key*/(Vereniz Blach) (NEWHP: 100)  (the bog (38, 119, 10))
ATTACK: *no key*/(rous) has attacked *no key*/(Vereniz Blach) (NEWHP: 100)  (the bog (38, 119, 10))
ATTACK: *no key*/(rous) has attacked *no key*/(Vereniz Blach) (NEWHP: 100)  (the bog (38, 119, 10))
ATTACK: *no key*/(rous) has attacked *no key*/(Vereniz Blach) (NEWHP: 100)  (the bog (38, 119, 10))
ATTACK: *no key*/(rous) has attacked *no key*/(Vereniz Blach) (NEWHP: 100)  (the bog (38, 119, 10))
ATTACK: *no key*/(rous) has attacked *no key*/(Vereniz Blach) (NEWHP: 100)  (the bog (38, 119, 10))
ATTACK: *no key*/(rous) has attacked *no key*/(Vereniz Blach) (NEWHP: 100)  (the bog (38, 119, 10))
ATTACK: *no key*/(rous) has attacked *no key*/(Vereniz Blach) (NEWHP: 100)  (the bog (38, 119, 10))
ATTACK: *no key*/(rous) has attacked *no key*/(Vereniz Blach) (NEWHP: 100)  (the bog (38, 119, 10))
ATTACK: *no key*/(rous) has attacked *no key*/(Vereniz Blach) (NEWHP: 100)  (the bog (38, 119, 10))
ATTACK: *no key*/(rous) has attacked *no key*/(Vereniz Blach) (NEWHP: 100)  (the bog (38, 119, 10))
ATTACK: *no key*/(rous) has attacked *no key*/(Vereniz Blach) (NEWHP: 100)  (the bog (38, 119, 10))
ATTACK: *no key*/(rous) has attacked *no key*/(Vereniz Blach) (NEWHP: 100)  (the bog (38, 119, 10))
ATTACK: *no key*/(rous) has attacked *no key*/(Vereniz Blach) (NEWHP: 100)  (the bog (38, 119, 10))
ATTACK: *no key*/(rous) has attacked *no key*/(Vereniz Blach) (NEWHP: 100)  (the bog (38, 119, 10))
ATTACK: *no key*/(rous) has attacked *no key*/(Vereniz Blach) (NEWHP: 100)  (the bog (38, 119, 10))
ATTACK: *no key*/(rous) has attacked *no key*/(Vereniz Blach) (NEWHP: 100)  (the bog (38, 119, 10))
ATTACK: *no key*/(rous) has attacked *no key*/(Vereniz Blach) (NEWHP: 100)  (the bog (38, 119, 10))
ATTACK: *no key*/(rous) has attacked *no key*/(Vereniz Blach) (NEWHP: 100)  (the bog (38, 119, 10))
ATTACK: *no key*/(rous) has attacked *no key*/(Vereniz Blach) (NEWHP: 100)  (the bog (38, 119, 10))
ATTACK: *no key*/(rous) has attacked *no key*/(Vereniz Blach) (NEWHP: 100)  (the bog (38, 119, 10))
ATTACK: *no key*/(rous) has attacked *no key*/(Vereniz Blach) (NEWHP: 100)  (the bog (38, 119, 10))
ATTACK: *no key*/(rous) has attacked *no key*/(Vereniz Blach) (NEWHP: 100)  (the bog (38, 119, 10))
ATTACK: *no key*/(rous) has attacked *no key*/(Vereniz Blach) (NEWHP: 100)  (the bog (38, 119, 10))
ATTACK: *no key*/(rous) has attacked *no key*/(Vereniz Blach) (NEWHP: 100)  (the bog (38, 119, 10))
ATTACK: *no key*/(rous) has attacked *no key*/(Vereniz Blach) (NEWHP: 100)  (the bog (38, 119, 10))
ATTACK: *no key*/(rous) has attacked *no key*/(Vereniz Blach) (NEWHP: 100)  (the bog (38, 119, 10))
ATTACK: *no key*/(rous) has attacked *no key*/(Vereniz Blach) (NEWHP: 100)  (the bog (38, 119, 10))
ATTACK: *no key*/(rous) has attacked *no key*/(Vereniz Blach) (NEWHP: 100)  (the bog (38, 119, 10))
ATTACK: *no key*/(rous) has attacked *no key*/(Vereniz Blach) (NEWHP: 100)  (the bog (38, 119, 10))
ATTACK: *no key*/(rous) has attacked *no key*/(Vereniz Blach) (NEWHP: 100)  (the bog (38, 119, 10))
ATTACK: *no key*/(rous) has attacked *no key*/(Vereniz Blach) (NEWHP: 100)  (the bog (38, 119, 10))
ATTACK: *no key*/(rous) has attacked *no key*/(Vereniz Blach) (NEWHP: 100)  (the bog (38, 119, 10))
ATTACK: *no key*/(rous) has attacked *no key*/(Vereniz Blach) (NEWHP: 100)  (the bog (38, 119, 10))
ATTACK: *no key*/(rous) has attacked *no key*/(Vereniz Blach) (NEWHP: 100)  (the bog (38, 119, 10))
ATTACK: *no key*/(rous) has attacked *no key*/(Vereniz Blach) (NEWHP: 100)  (the bog (38, 119, 10))
ATTACK: *no key*/(rous) has attacked *no key*/(Vereniz Blach) (NEWHP: 100)  (the bog (38, 119, 10))
ATTACK: *no key*/(rous) has attacked *no key*/(Vereniz Blach) (NEWHP: 100)  (the bog (38, 119, 10))
ATTACK: *no key*/(rous) has attacked *no key*/(Vereniz Blach) (NEWHP: 100)  (the bog (38, 119, 10))
ATTACK: *no key*/(rous) has attacked *no key*/(Vereniz Blach) (NEWHP: 100)  (the bog (38, 119, 10))
ATTACK: *no key*/(rous) has attacked *no key*/(Vereniz Blach) (NEWHP: 100)  (the bog (38, 119, 10))
ATTACK: *no key*/(rous) has attacked *no key*/(Vereniz Blach) (NEWHP: 100)  (the bog (38, 119, 10))
ATTACK: *no key*/(rous) has attacked *no key*/(Vereniz Blach) (NEWHP: 100)  (the bog (38, 119, 10))
ATTACK: *no key*/(rous) has attacked *no key*/(Vereniz Blach) (NEWHP: 100)  (the bog (38, 119, 10))
ATTACK: *no key*/(rous) has attacked *no key*/(Vereniz Blach) (NEWHP: 100)  (the bog (38, 119, 10))
ATTACK: *no key*/(rous) has attacked *no key*/(Vereniz Blach) (NEWHP: 100)  (the bog (38, 119, 10))
ATTACK: *no key*/(rous) has attacked *no key*/(Vereniz Blach) (NEWHP: 100)  (the bog (38, 119, 10))
ATTACK: *no key*/(rous) has attacked *no key*/(Vereniz Blach) (NEWHP: 100)  (the bog (38, 119, 10))
ATTACK: *no key*/(rous) has attacked *no key*/(Vereniz Blach) (NEWHP: 100)  (the bog (38, 119, 10))
ATTACK: *no key*/(rous) has attacked *no key*/(Vereniz Blach) (NEWHP: 100)  (the bog (38, 119, 10))
ATTACK: *no key*/(rous) has attacked *no key*/(Vereniz Blach) (NEWHP: 100)  (the bog (38, 119, 10))
ATTACK: *no key*/(rous) has attacked *no key*/(Vereniz Blach) (NEWHP: 100)  (the bog (38, 119, 10))
ATTACK: *no key*/(rous) has attacked *no key*/(Vereniz Blach) (NEWHP: 100)  (the bog (38, 119, 10))
ATTACK: *no key*/(rous) has attacked *no key*/(Vereniz Blach) (NEWHP: 100)  (the bog (38, 119, 10))
ATTACK: *no key*/(rous) has attacked *no key*/(Vereniz Blach) (NEWHP: 100)  (the bog (38, 119, 10))
ATTACK: *no key*/(rous) has attacked *no key*/(Vereniz Blach) (NEWHP: 100)  (the bog (38, 119, 10))
ATTACK: *no key*/(rous) has attacked *no key*/(Vereniz Blach) (NEWHP: 100)  (the bog (38, 119, 10))
ATTACK: *no key*/(rous) has attacked *no key*/(Vereniz Blach) (NEWHP: 100)  (the bog (38, 119, 10))
ATTACK: *no key*/(rous) has attacked *no key*/(Vereniz Blach) (NEWHP: 100)  (the bog (38, 119, 10))
ATTACK: *no key*/(rous) has attacked *no key*/(Vereniz Blach) (NEWHP: 100)  (the bog (38, 119, 10))
ATTACK: *no key*/(rous) has attacked *no key*/(Vereniz Blach) (NEWHP: 100)  (the bog (38, 119, 10))
ATTACK: *no key*/(rous) has attacked *no key*/(Vereniz Blach) (NEWHP: 100)  (the bog (38, 119, 10))
ATTACK: *no key*/(rous) has attacked *no key*/(Vereniz Blach) (NEWHP: 100)  (the bog (38, 119, 10))
ATTACK: *no key*/(rous) has attacked *no key*/(Vereniz Blach) (NEWHP: 100)  (the bog (38, 119, 10))
ATTACK: *no key*/(rous) has attacked *no key*/(Vereniz Blach) (NEWHP: 100)  (the bog (38, 119, 10))
ATTACK: *no key*/(rous) has attacked *no key*/(Vereniz Blach) (NEWHP: 100)  (the bog (38, 119, 10))
ATTACK: *no key*/(rous) has attacked *no key*/(Vereniz Blach) (NEWHP: 100)  (the bog (38, 119, 10))
ATTACK: *no key*/(rous) has attacked *no key*/(Vereniz Blach) (NEWHP: 100)  (the bog (38, 119, 10))
ATTACK: *no key*/(rous) has attacked *no key*/(Vereniz Blach) (NEWHP: 100)  (the bog (38, 119, 10))
ATTACK: *no key*/(rous) has attacked *no key*/(Vereniz Blach) (NEWHP: 100)  (the bog (38, 119, 10))
ATTACK: *no key*/(rous) has attacked *no key*/(Vereniz Blach) (NEWHP: 100)  (the bog (38, 119, 10))
ATTACK: *no key*/(rous) has attacked *no key*/(Vereniz Blach) (NEWHP: 100)  (the bog (38, 119, 10))
ATTACK: *no key*/(rous) has attacked *no key*/(Vereniz Blach) (NEWHP: 100)  (the bog (38, 119, 10))
ATTACK: *no key*/(rous) has attacked *no key*/(Vereniz Blach) (NEWHP: 100)  (the bog (38, 119, 10))
ATTACK: *no key*/(rous) has attacked *no key*/(Vereniz Blach) (NEWHP: 100)  (the bog (38, 119, 10))
ATTACK: *no key*/(rous) has attacked *no key*/(Vereniz Blach) (NEWHP: 100)  (the bog (38, 119, 10))
ATTACK: *no key*/(rous) has attacked *no key*/(Vereniz Blach) (NEWHP: 100)  (the bog (38, 119, 10))
ATTACK: *no key*/(Aquila) has died (BRUTE: 143.4, BURN: 0, TOX: 0, OXY: 200, CLONE: 0) (cave (29, 103, 3))
ATTACK: *no key*/(rous) has attacked *no key*/(Vereniz Blach) (NEWHP: 100)  (the bog (38, 119, 10))
ATTACK: *no key*/(rous) has attacked *no key*/(Vereniz Blach) (NEWHP: 100)  (the bog (38, 119, 10))
ATTACK: *no key*/(rous) has attacked *no key*/(Vereniz Blach) (NEWHP: 100)  (the bog (38, 119, 10))
ATTACK: *no key*/(rous) has attacked *no key*/(Vereniz Blach) (NEWHP: 100)  (the bog (38, 119, 10))
ATTACK: *no key*/(rous) has attacked *no key*/(Vereniz Blach) (NEWHP: 100)  (the bog (38, 119, 10))
ATTACK: *no key*/(rous) has attacked *no key*/(Vereniz Blach) (NEWHP: 100)  (the bog (38, 119, 10))
ATTACK: *no key*/(rous) has attacked *no key*/(Vereniz Blach) (NEWHP: 100)  (the bog (38, 119, 10))
ATTACK: *no key*/(rous) has attacked *no key*/(Vereniz Blach) (NEWHP: 100)  (the bog (38, 119, 10))
ATTACK: *no key*/(rous) has attacked *no key*/(Vereniz Blach) (NEWHP: 100)  (the bog (38, 119, 10))
ATTACK: *no key*/(rous) has attacked *no key*/(Vereniz Blach) (NEWHP: 100)  (the bog (38, 119, 10))
ATTACK: *no key*/(rous) has attacked *no key*/(Vereniz Blach) (NEWHP: 100)  (the bog (38, 119, 10))
ATTACK: *no key*/(rous) has attacked *no key*/(Vereniz Blach) (NEWHP: 100)  (the bog (38, 119, 10))
ATTACK: *no key*/(rous) has attacked *no key*/(Vereniz Blach) (NEWHP: 100)  (the bog (38, 119, 10))
ATTACK: *no key*/(rous) has attacked *no key*/(Vereniz Blach) (NEWHP: 100)  (the bog (38, 119, 10))
ATTACK: *no key*/(rous) has attacked *no key*/(Vereniz Blach) (NEWHP: 100)  (the bog (38, 119, 10))
ATTACK: *no key*/(rous) has attacked *no key*/(Vereniz Blach) (NEWHP: 100)  (the bog (38, 119, 10))
ATTACK: *no key*/(rous) has attacked *no key*/(Vereniz Blach) (NEWHP: 100)  (the bog (38, 119, 10))
ATTACK: *no key*/(rous) has attacked *no key*/(Vereniz Blach) (NEWHP: 100)  (the bog (38, 119, 10))
ATTACK: *no key*/(rous) has attacked *no key*/(Vereniz Blach) (NEWHP: 100)  (the bog (38, 119, 10))
ATTACK: *no key*/(rous) has attacked *no key*/(Vereniz Blach) (NEWHP: 100)  (the bog (38, 119, 10))
ATTACK: *no key*/(rous) has attacked *no key*/(Vereniz Blach) (NEWHP: 100)  (the bog (38, 119, 10))
ATTACK: *no key*/(rous) has attacked *no key*/(Vereniz Blach) (NEWHP: 100)  (the bog (38, 119, 10))
ATTACK: *no key*/(rous) has attacked *no key*/(Vereniz Blach) (NEWHP: 100)  (the bog (38, 119, 10))
ATTACK: *no key*/(rous) has attacked *no key*/(Vereniz Blach) (NEWHP: 100)  (the bog (38, 119, 10))
ATTACK: *no key*/(rous) has attacked *no key*/(Vereniz Blach) (NEWHP: 100)  (the bog (38, 119, 10))
ATTACK: *no key*/(rous) has attacked *no key*/(Vereniz Blach) (NEWHP: 100)  (the bog (38, 119, 10))
ATTACK: p1wewe/(Veronica) has climbed onto [wooden table] (church (128, 101, 5))
ATTACK: *no key*/(rous) has attacked *no key*/(Vereniz Blach) (NEWHP: 100)  (the bog (38, 119, 10))
ATTACK: *no key*/(rous) has attacked *no key*/(Vereniz Blach) (NEWHP: 100)  (the bog (38, 119, 10))
ATTACK: *no key*/(rous) has attacked *no key*/(Vereniz Blach) (NEWHP: 100)  (the bog (38, 119, 10))
ATTACK: *no key*/(rous) has attacked *no key*/(Vereniz Blach) (NEWHP: 100)  (the bog (38, 119, 10))
ATTACK: *no key*/(rous) has attacked *no key*/(Vereniz Blach) (NEWHP: 100)  (the bog (38, 119, 10))
ATTACK: *no key*/(rous) has attacked *no key*/(Vereniz Blach) (NEWHP: 100)  (the bog (38, 119, 10))
ATTACK: *no key*/(rous) has attacked *no key*/(Vereniz Blach) (NEWHP: 100)  (the bog (38, 119, 10))
ATTACK: *no key*/(rous) has attacked *no key*/(Vereniz Blach) (NEWHP: 100)  (the bog (38, 119, 10))
ATTACK: *no key*/(rous) has attacked *no key*/(Vereniz Blach) (NEWHP: 100)  (the bog (38, 119, 10))
ATTACK: *no key*/(rous) has attacked *no key*/(Vereniz Blach) (NEWHP: 100)  (the bog (38, 119, 10))
ATTACK: *no key*/(rous) has attacked *no key*/(Vereniz Blach) (NEWHP: 100)  (the bog (38, 119, 10))
ATTACK: *no key*/(rous) has attacked *no key*/(Vereniz Blach) (NEWHP: 100)  (the bog (38, 119, 10))
ATTACK: *no key*/(rous) has attacked *no key*/(Vereniz Blach) (NEWHP: 100)  (the bog (38, 119, 10))
ATTACK: *no key*/(rous) has attacked *no key*/(Vereniz Blach) (NEWHP: 100)  (the bog (38, 119, 10))
ATTACK: *no key*/(rous) has attacked *no key*/(Vereniz Blach) (NEWHP: 100)  (the bog (38, 119, 10))
ATTACK: *no key*/(rous) has attacked *no key*/(Vereniz Blach) (NEWHP: 100)  (the bog (38, 119, 10))
ATTACK: *no key*/(rous) has attacked *no key*/(Vereniz Blach) (NEWHP: 100)  (the bog (38, 119, 10))
ATTACK: *no key*/(rous) has attacked *no key*/(Vereniz Blach) (NEWHP: 100)  (the bog (38, 119, 10))
ATTACK: *no key*/(rous) has attacked *no key*/(Vereniz Blach) (NEWHP: 100)  (the bog (38, 119, 10))
ATTACK: *no key*/(rous) has attacked *no key*/(Vereniz Blach) (NEWHP: 100)  (the bog (38, 119, 10))
ATTACK: *no key*/(rous) has attacked *no key*/(Vereniz Blach) (NEWHP: 100)  (the bog (38, 119, 10))
ATTACK: *no key*/(rous) has attacked *no key*/(Vereniz Blach) (NEWHP: 100)  (the bog (38, 119, 10))
ATTACK: *no key*/(rous) has attacked *no key*/(Vereniz Blach) (NEWHP: 100)  (the bog (38, 119, 10))
ATTACK: *no key*/(rous) has attacked *no key*/(Vereniz Blach) (NEWHP: 100)  (the bog (38, 119, 10))
ATTACK: *no key*/(rous) has attacked *no key*/(Vereniz Blach) (NEWHP: 100)  (the bog (38, 119, 10))
ATTACK: *no key*/(rous) has attacked *no key*/(Vereniz Blach) (NEWHP: 100)  (the bog (38, 119, 10))
ATTACK: *no key*/(rous) has attacked *no key*/(Vereniz Blach) (NEWHP: 100)  (the bog (38, 119, 10))
ATTACK: *no key*/(rous) has attacked *no key*/(Vereniz Blach) (NEWHP: 100)  (the bog (38, 119, 10))
ATTACK: *no key*/(rous) has attacked *no key*/(Vereniz Blach) (NEWHP: 100)  (the bog (38, 119, 10))
ATTACK: *no key*/(rous) has attacked *no key*/(Vereniz Blach) (NEWHP: 100)  (the bog (38, 119, 10))
ATTACK: *no key*/(rous) has attacked *no key*/(Vereniz Blach) (NEWHP: 100)  (the bog (38, 119, 10))
ATTACK: *no key*/(rous) has attacked *no key*/(Vereniz Blach) (NEWHP: 100)  (the bog (38, 119, 10))
ATTACK: *no key*/(rous) has attacked *no key*/(Vereniz Blach) (NEWHP: 100)  (the bog (38, 119, 10))
ATTACK: *no key*/(rous) has attacked *no key*/(Vereniz Blach) (NEWHP: 100)  (the bog (38, 119, 10))
ATTACK: *no key*/(rous) has attacked *no key*/(Vereniz Blach) (NEWHP: 100)  (the bog (38, 119, 10))
ATTACK: *no key*/(rous) has attacked *no key*/(Vereniz Blach) (NEWHP: 100)  (the bog (38, 119, 10))
ATTACK: *no key*/(rous) has attacked *no key*/(Vereniz Blach) (NEWHP: 100)  (the bog (38, 119, 10))
ATTACK: *no key*/(rous) has attacked *no key*/(Vereniz Blach) (NEWHP: 100)  (the bog (38, 119, 10))
ATTACK: *no key*/(rous) has attacked *no key*/(Vereniz Blach) (NEWHP: 100)  (the bog (38, 119, 10))
ATTACK: *no key*/(rous) has attacked *no key*/(Vereniz Blach) (NEWHP: 100)  (the bog (38, 119, 10))
ATTACK: *no key*/(rous) has attacked *no key*/(Vereniz Blach) (NEWHP: 100)  (the bog (38, 119, 10))
ATTACK: *no key*/(rous) has attacked *no key*/(Vereniz Blach) (NEWHP: 100)  (the bog (38, 119, 10))
ATTACK: *no key*/(rous) has attacked *no key*/(Vereniz Blach) (NEWHP: 100)  (the bog (38, 119, 10))
ATTACK: *no key*/(rous) has attacked *no key*/(Vereniz Blach) (NEWHP: 100)  (the bog (38, 119, 10))
ATTACK: *no key*/(rous) has attacked *no key*/(Vereniz Blach) (NEWHP: 100)  (the bog (38, 119, 10))
ATTACK: *no key*/(rous) has attacked *no key*/(Vereniz Blach) (NEWHP: 100)  (the bog (38, 119, 10))
ATTACK: *no key*/(rous) has attacked *no key*/(Vereniz Blach) (NEWHP: 100)  (the bog (38, 119, 10))
ATTACK: *no key*/(rous) has attacked *no key*/(Vereniz Blach) (NEWHP: 100)  (the bog (38, 119, 10))
ATTACK: *no key*/(rous) has attacked *no key*/(Vereniz Blach) (NEWHP: 100)  (the bog (38, 119, 10))
ATTACK: *no key*/(rous) has attacked *no key*/(Vereniz Blach) (NEWHP: 100)  (the bog (38, 119, 10))
ATTACK: *no key*/(rous) has attacked *no key*/(Vereniz Blach) (NEWHP: 100)  (the bog (38, 119, 10))
ATTACK: *no key*/(rous) has attacked *no key*/(Vereniz Blach) (NEWHP: 100)  (the bog (38, 119, 10))
ATTACK: *no key*/(rous) has attacked *no key*/(Vereniz Blach) (NEWHP: 100)  (the bog (38, 119, 10))
ATTACK: *no key*/(rous) has attacked *no key*/(Vereniz Blach) (NEWHP: 100)  (the bog (38, 119, 10))
ATTACK: *no key*/(rous) has attacked *no key*/(Vereniz Blach) (NEWHP: 100)  (the bog (38, 119, 10))
ATTACK: *no key*/(rous) has attacked *no key*/(Vereniz Blach) (NEWHP: 100)  (the bog (38, 119, 10))
ATTACK: *no key*/(rous) has attacked *no key*/(Vereniz Blach) (NEWHP: 100)  (the bog (38, 119, 10))
ATTACK: *no key*/(rous) has attacked *no key*/(Vereniz Blach) (NEWHP: 100)  (the bog (38, 119, 10))
ATTACK: *no key*/(rous) has attacked *no key*/(Vereniz Blach) (NEWHP: 100)  (the bog (38, 119, 10))
ATTACK: *no key*/(rous) has attacked *no key*/(Vereniz Blach) (NEWHP: 100)  (the bog (38, 119, 10))
ATTACK: *no key*/(rous) has attacked *no key*/(Vereniz Blach) (NEWHP: 100)  (the bog (38, 119, 10))
ATTACK: *no key*/(rous) has attacked *no key*/(Vereniz Blach) (NEWHP: 100)  (the bog (38, 119, 10))
ATTACK: *no key*/(rous) has attacked *no key*/(Vereniz Blach) (NEWHP: 100)  (the bog (38, 119, 10))
ATTACK: *no key*/(rous) has attacked *no key*/(Vereniz Blach) (NEWHP: 100)  (the bog (38, 119, 10))
ATTACK: *no key*/(rous) has attacked *no key*/(Vereniz Blach) (NEWHP: 100)  (the bog (38, 119, 10))
ATTACK: *no key*/(rous) has attacked *no key*/(Vereniz Blach) (NEWHP: 100)  (the bog (38, 119, 10))
ATTACK: *no key*/(rous) has attacked *no key*/(Vereniz Blach) (NEWHP: 100)  (the bog (38, 119, 10))
ATTACK: *no key*/(rous) has attacked *no key*/(Vereniz Blach) (NEWHP: 100)  (the bog (38, 119, 10))
ATTACK: *no key*/(rous) has attacked *no key*/(Vereniz Blach) (NEWHP: 100)  (the bog (38, 119, 10))
ATTACK: *no key*/(rous) has attacked *no key*/(Vereniz Blach) (NEWHP: 100)  (the bog (38, 119, 10))
ATTACK: *no key*/(rous) has attacked *no key*/(Vereniz Blach) (NEWHP: 100)  (the bog (38, 119, 10))
ATTACK: *no key*/(rous) has attacked *no key*/(Vereniz Blach) (NEWHP: 100)  (the bog (38, 119, 10))
ATTACK: *no key*/(rous) has attacked *no key*/(Vereniz Blach) (NEWHP: 100)  (the bog (38, 119, 10))
ATTACK: *no key*/(rous) has attacked *no key*/(Vereniz Blach) (NEWHP: 100)  (the bog (38, 119, 10))
ATTACK: *no key*/(rous) has attacked *no key*/(Vereniz Blach) (NEWHP: 100)  (the bog (38, 119, 10))
ATTACK: *no key*/(rous) has attacked *no key*/(Vereniz Blach) (NEWHP: 100)  (the bog (38, 119, 10))
ATTACK: *no key*/(rous) has attacked *no key*/(Vereniz Blach) (NEWHP: 100)  (the bog (38, 119, 10))
ATTACK: *no key*/(rous) has attacked *no key*/(Vereniz Blach) (NEWHP: 100)  (the bog (38, 119, 10))
ATTACK: *no key*/(rous) has attacked *no key*/(Vereniz Blach) (NEWHP: 100)  (the bog (38, 119, 10))
ATTACK: *no key*/(rous) has attacked *no key*/(Vereniz Blach) (NEWHP: 100)  (the bog (38, 119, 10))
ATTACK: *no key*/(rous) has attacked *no key*/(Vereniz Blach) (NEWHP: 100)  (the bog (38, 119, 10))
ATTACK: *no key*/(rous) has attacked *no key*/(Vereniz Blach) (NEWHP: 100)  (the bog (38, 119, 10))
ATTACK: *no key*/(rous) has attacked *no key*/(Vereniz Blach) (NEWHP: 100)  (the bog (38, 119, 10))
ATTACK: *no key*/(rous) has attacked *no key*/(Vereniz Blach) (NEWHP: 100)  (the bog (38, 119, 10))
ATTACK: *no key*/(rous) has attacked *no key*/(Vereniz Blach) (NEWHP: 100)  (the bog (38, 119, 10))
ATTACK: *no key*/(rous) has attacked *no key*/(Vereniz Blach) (NEWHP: 100)  (the bog (38, 119, 10))
ATTACK: *no key*/(rous) has attacked *no key*/(Vereniz Blach) (NEWHP: 100)  (the bog (38, 119, 10))
ATTACK: *no key*/(rous) has attacked *no key*/(Vereniz Blach) (NEWHP: 100)  (the bog (38, 119, 10))
ATTACK: *no key*/(rous) has attacked *no key*/(Vereniz Blach) (NEWHP: 100)  (the bog (38, 119, 10))
ATTACK: *no key*/(rous) has attacked *no key*/(Vereniz Blach) (NEWHP: 100)  (the bog (38, 119, 10))
ATTACK: *no key*/(rous) has attacked *no key*/(Vereniz Blach) (NEWHP: 100)  (the bog (38, 119, 10))
ATTACK: *no key*/(rous) has attacked *no key*/(Vereniz Blach) (NEWHP: 100)  (the bog (38, 119, 10))
ATTACK: *no key*/(rous) has attacked *no key*/(Vereniz Blach) (NEWHP: 100)  (the bog (38, 119, 10))
ATTACK: *no key*/(rous) has attacked *no key*/(Vereniz Blach) (NEWHP: 100)  (the bog (38, 119, 10))
ATTACK: *no key*/(rous) has attacked *no key*/(Vereniz Blach) (NEWHP: 100)  (the bog (38, 119, 10))
ATTACK: *no key*/(rous) has attacked *no key*/(Vereniz Blach) (NEWHP: 100)  (the bog (38, 119, 10))
ATTACK: *no key*/(rous) has attacked *no key*/(Vereniz Blach) (NEWHP: 100)  (the bog (38, 119, 10))
ATTACK: *no key*/(rous) has attacked *no key*/(Vereniz Blach) (NEWHP: 100)  (the bog (38, 119, 10))
ATTACK: *no key*/(rous) has attacked *no key*/(Vereniz Blach) (NEWHP: 100)  (the bog (38, 119, 10))
ATTACK: *no key*/(rous) has attacked *no key*/(Vereniz Blach) (NEWHP: 100)  (the bog (38, 119, 10))
ATTACK: *no key*/(rous) has attacked *no key*/(Vereniz Blach) (NEWHP: 100)  (the bog (38, 119, 10))
ATTACK: *no key*/(rous) has attacked *no key*/(Vereniz Blach) (NEWHP: 100)  (the bog (38, 119, 10))
ATTACK: *no key*/(rous) has attacked *no key*/(Vereniz Blach) (NEWHP: 100)  (the bog (38, 119, 10))
ATTACK: *no key*/(rous) has attacked *no key*/(Vereniz Blach) (NEWHP: 100)  (the bog (38, 119, 10))
ATTACK: *no key*/(rous) has attacked *no key*/(Vereniz Blach) (NEWHP: 100)  (the bog (38, 119, 10))
ATTACK: *no key*/(rous) has attacked *no key*/(Vereniz Blach) (NEWHP: 100)  (the bog (38, 119, 10))
ATTACK: *no key*/(rous) has attacked *no key*/(Vereniz Blach) (NEWHP: 100)  (the bog (38, 119, 10))
ATTACK: *no key*/(rous) has attacked *no key*/(Vereniz Blach) (NEWHP: 100)  (the bog (38, 119, 10))
ATTACK: *no key*/(rous) has attacked *no key*/(Vereniz Blach) (NEWHP: 100)  (the bog (38, 119, 10))
ATTACK: *no key*/(rous) has attacked *no key*/(Vereniz Blach) (NEWHP: 100)  (the bog (38, 119, 10))
ATTACK: *no key*/(rous) has attacked *no key*/(Vereniz Blach) (NEWHP: 100)  (the bog (38, 119, 10))
ATTACK: *no key*/(rous) has attacked *no key*/(Vereniz Blach) (NEWHP: 100)  (the bog (38, 119, 10))
ATTACK: *no key*/(rous) has attacked *no key*/(Vereniz Blach) (NEWHP: 100)  (the bog (38, 119, 10))
ATTACK: *no key*/(rous) has attacked *no key*/(Vereniz Blach) (NEWHP: 100)  (the bog (38, 119, 10))
ATTACK: *no key*/(rous) has attacked *no key*/(Vereniz Blach) (NEWHP: 100)  (the bog (38, 119, 10))
ATTACK: *no key*/(rous) has attacked *no key*/(Vereniz Blach) (NEWHP: 100)  (the bog (38, 119, 10))
ATTACK: *no key*/(rous) has attacked *no key*/(Vereniz Blach) (NEWHP: 100)  (the bog (38, 119, 10))
ATTACK: *no key*/(rous) has attacked *no key*/(Vereniz Blach) (NEWHP: 100)  (the bog (38, 119, 10))
ATTACK: *no key*/(rous) has attacked *no key*/(Vereniz Blach) (NEWHP: 100)  (the bog (38, 119, 10))
ATTACK: *no key*/(rous) has attacked *no key*/(Vereniz Blach) (NEWHP: 100)  (the bog (38, 119, 10))
ATTACK: *no key*/(rous) has attacked *no key*/(Vereniz Blach) (NEWHP: 100)  (the bog (38, 119, 10))
ATTACK: *no key*/(rous) has attacked *no key*/(Vereniz Blach) (NEWHP: 100)  (the bog (38, 119, 10))
ATTACK: *no key*/(rous) has attacked *no key*/(Vereniz Blach) (NEWHP: 100)  (the bog (38, 119, 10))
ATTACK: *no key*/(rous) has attacked *no key*/(Vereniz Blach) (NEWHP: 100)  (the bog (38, 119, 10))
ATTACK: *no key*/(rous) has attacked *no key*/(Vereniz Blach) (NEWHP: 100)  (the bog (38, 119, 10))
ATTACK: *no key*/(rous) has attacked *no key*/(Vereniz Blach) (NEWHP: 100)  (the bog (38, 119, 10))
ATTACK: *no key*/(rous) has attacked *no key*/(Vereniz Blach) (NEWHP: 100)  (the bog (38, 119, 10))
ATTACK: *no key*/(rous) has attacked *no key*/(Vereniz Blach) (NEWHP: 100)  (the bog (38, 119, 10))
ATTACK: *no key*/(rous) has attacked *no key*/(Vereniz Blach) (NEWHP: 100)  (the bog (38, 119, 10))
ATTACK: *no key*/(rous) has attacked *no key*/(Vereniz Blach) (NEWHP: 100)  (the bog (38, 119, 10))
ATTACK: *no key*/(rous) has attacked *no key*/(Vereniz Blach) (NEWHP: 100)  (the bog (38, 119, 10))
ATTACK: *no key*/(rous) has attacked *no key*/(Vereniz Blach) (NEWHP: 100)  (the bog (38, 119, 10))
ATTACK: *no key*/(rous) has attacked *no key*/(Vereniz Blach) (NEWHP: 100)  (the bog (38, 119, 10))
ATTACK: *no key*/(rous) has attacked *no key*/(Vereniz Blach) (NEWHP: 100)  (the bog (38, 119, 10))
ATTACK: *no key*/(rous) has attacked *no key*/(Vereniz Blach) (NEWHP: 100)  (the bog (38, 119, 10))
ATTACK: *no key*/(rous) has attacked *no key*/(Vereniz Blach) (NEWHP: 100)  (the bog (38, 119, 10))
ATTACK: *no key*/(rous) has attacked *no key*/(Vereniz Blach) (NEWHP: 100)  (the bog (38, 119, 10))
ATTACK: *no key*/(rous) has attacked *no key*/(Vereniz Blach) (NEWHP: 100)  (the bog (38, 119, 10))
ATTACK: *no key*/(rous) has attacked *no key*/(Vereniz Blach) (NEWHP: 100)  (the bog (38, 119, 10))
ATTACK: *no key*/(rous) has attacked *no key*/(Vereniz Blach) (NEWHP: 100)  (the bog (38, 119, 10))
ATTACK: *no key*/(rous) has attacked *no key*/(Vereniz Blach) (NEWHP: 100)  (the bog (38, 119, 10))
ATTACK: *no key*/(rous) has attacked *no key*/(Vereniz Blach) (NEWHP: 100)  (the bog (38, 119, 10))
ATTACK: *no key*/(rous) has attacked *no key*/(Vereniz Blach) (NEWHP: 100)  (the bog (38, 119, 10))
ATTACK: *no key*/(rous) has attacked *no key*/(Vereniz Blach) (NEWHP: 100)  (the bog (38, 119, 10))
ATTACK: *no key*/(rous) has attacked *no key*/(Vereniz Blach) (NEWHP: 100)  (the bog (38, 119, 10))
ATTACK: *no key*/(rous) has attacked *no key*/(Vereniz Blach) (NEWHP: 100)  (the bog (38, 119, 10))
ATTACK: *no key*/(rous) has attacked *no key*/(Vereniz Blach) (NEWHP: 100)  (the bog (38, 119, 10))
ATTACK: *no key*/(rous) has attacked *no key*/(Vereniz Blach) (NEWHP: 100)  (the bog (38, 119, 10))
ATTACK: *no key*/(rous) has attacked *no key*/(Vereniz Blach) (NEWHP: 100)  (the bog (38, 119, 10))
ATTACK: *no key*/(rous) has attacked *no key*/(Vereniz Blach) (NEWHP: 100)  (the bog (38, 119, 10))
ATTACK: *no key*/(rous) has attacked *no key*/(Vereniz Blach) (NEWHP: 100)  (the bog (38, 119, 10))
ATTACK: *no key*/(Aquila) has died (BRUTE: 143.2, BURN: 0, TOX: 0, OXY: 0, CLONE: 0) (cave (28, 106, 3))
ATTACK: *no key*/(rous) has attacked *no key*/(Vereniz Blach) (NEWHP: 100)  (the bog (38, 119, 10))
ATTACK: *no key*/(rous) has attacked *no key*/(Vereniz Blach) (NEWHP: 100)  (the bog (38, 119, 10))
ATTACK: *no key*/(rous) has attacked *no key*/(Vereniz Blach) (NEWHP: 100)  (the bog (38, 119, 10))
ATTACK: *no key*/(rous) has attacked *no key*/(Vereniz Blach) (NEWHP: 100)  (the bog (38, 119, 10))
ATTACK: *no key*/(rous) has attacked *no key*/(Vereniz Blach) (NEWHP: 100)  (the bog (38, 119, 10))
ATTACK: *no key*/(rous) has attacked *no key*/(Vereniz Blach) (NEWHP: 100)  (the bog (38, 119, 10))
ATTACK: *no key*/(rous) has attacked *no key*/(Vereniz Blach) (NEWHP: 100)  (the bog (38, 119, 10))
ATTACK: *no key*/(rous) has attacked *no key*/(Vereniz Blach) (NEWHP: 100)  (the bog (38, 119, 10))
ATTACK: *no key*/(rous) has attacked *no key*/(Vereniz Blach) (NEWHP: 100)  (the bog (38, 119, 10))
ATTACK: *no key*/(rous) has attacked *no key*/(Vereniz Blach) (NEWHP: 100)  (the bog (38, 119, 10))
ATTACK: *no key*/(rous) has attacked *no key*/(Vereniz Blach) (NEWHP: 100)  (the bog (38, 119, 10))
