Starting up round ID Shroom559-23.13.34.
-------------------------
GAME: Saved mode is 'extended'
GAME: Loaded Station in 7.2s!
GAME: Loaded smallforest in 3.5s!
GAME: Loaded Box Station in 0s!
GAME: Loaded smallswamp in 2.2s!
GAME: Loaded underworld in 0.5s!
EMOTE: *no key*/(saiga) smiles. (rockhill basin (13, 66, 4))
EMOTE: *no key*/(saiga) smiles. (rockhill basin (13, 66, 4))
EMOTE: *no key*/(chicken) smiles. (rockhill basin (60, 56, 4))
EMOTE: *no key*/(chicken) smiles. (rockhill basin (61, 54, 4))
EMOTE: *no key*/(chicken) smiles. (wilderness (66, 100, 8))
EMOTE: *no key*/(chicken) smiles. (wilderness (67, 98, 8))
EMOTE: *no key*/(saiga) smiles. (rockhill basin (66, 69, 8))
EMOTE: *no key*/(saiga) smiles. (rockhill basin (66, 69, 8))
ACCESS: Login: TheGodGuy from 127.0.0.1-2234830288 || BYOND v515.1636
ACCESS: Mob Login: TheGodGuy/(TheGodGuy) was assigned to a /mob/dead/new_player
GAME: TheGodGuy/(TheGodGuy) Client TheGodGuy/(TheGodGuy) has taken ownership of mob TheGodGuy(/mob/dead/new_player) (start area (14, 108, 1))
OOC: TheGodGuy/(TheGodGuy) "kkkkkkk" (start area (14, 108, 1))
GAME: HEY! LISTEN! 4.5 seconds were wasted processing 526 turf(s) (connected to 61686 other turfs) with atmos differences at round start.
OOC: TheGodGuy/(TheGodGuy) "aaaa" (start area (14, 108, 1))
OOC: TheGodGuy/(TheGodGuy) "você já entrou" (start area (14, 108, 1))
OOC: TheGodGuy/(TheGodGuy) "caraca " (start area (14, 108, 1))
OOC: TheGodGuy/(TheGodGuy) "kkkkkkkkkkkk" (start area (14, 108, 1))
GAME: supply boat loaded at 8,8,12
ADMIN: TheGodGuy re-adminned themselves.
ADMIN: TheGodGuy has started the game.
GAME: GAME SETUP: Divide Occupations success
GAME: GAME SETUP: create characters success
GAME: GAME SETUP: collect minds success
GAME: GAME SETUP: equip characters success
GAME: GAME SETUP: manifest success
GAME: GAME SETUP: transfer characters success
GAME: GAME SETUP: round start events success
GAME: GAME SETUP: Game start took 0s
GAME: GAME SETUP: postsetup success
GAME: *no key*/(TheGodGuy) *no key*/(TheGodGuy) is no longer owning mob TheGodGuy(/mob/dead/new_player) (start area (14, 108, 1))
ACCESS: Mob Login: TheGodGuy/(Aquila) was assigned to a /mob/living/carbon/human
GAME: TheGodGuy/(Aquila) Client TheGodGuy/(Aquila) has taken ownership of mob (/mob/living/carbon/human) (start area (14, 108, 1))
ACCESS: Login: P1wewe from 177.50.32.187-607721265 || BYOND v515.1636
ACCESS: Mob Login: P1wewe/(P1wewe) was assigned to a /mob/dead/new_player
GAME: P1wewe/(P1wewe) Client P1wewe/(P1wewe) has taken ownership of mob P1wewe(/mob/dead/new_player) (start area (14, 108, 1))
OOC: P1wewe/(P1wewe) "hihiiiii" (start area (14, 108, 1))
ACCESS: Login: Niconato from 177.137.47.252-2680257055 || BYOND v515.1635
ACCESS: Mob Login: Niconato/(Niconato) was assigned to a /mob/dead/new_player
OOC: P1wewe/(P1wewe) "the weak :(" (start area (14, 108, 1))
GAME: Niconato/(Niconato) Client Niconato/(Niconato) has taken ownership of mob Niconato(/mob/dead/new_player) (start area (14, 108, 1))
OOC: Niconato/(Niconato) "dia" (start area (14, 108, 1))
OOC: P1wewe/(P1wewe) "noitche" (start area (14, 108, 1))
OOC: Niconato/(Niconato) "kkkkkkkkkkk" (start area (14, 108, 1))
OOC: P1wewe/(P1wewe) "q q é incubus?" (start area (14, 108, 1))
OOC: Niconato/(Niconato) "uma demonio da luxuria" (start area (14, 108, 1))
OOC: Niconato/(Niconato) "eu acho..." (start area (14, 108, 1))
OOC: P1wewe/(P1wewe) "gaylord kkkk" (start area (14, 108, 1))
OOC: Niconato/(Niconato) "kkkkkkkkkkkkk" (start area (14, 108, 1))
OOC: P1wewe/(P1wewe) "mano" (start area (14, 108, 1))
OOC: P1wewe/(P1wewe) "tem umas ui q n da pra fechar" (start area (14, 108, 1))
OOC: Niconato/(Niconato) "como eu libero as outras classes?" (start area (14, 108, 1))
OOC: P1wewe/(P1wewe) "abri um livro e tiver q comprimir a janela num cubo e botar no canto" (start area (14, 108, 1))
OOC: P1wewe/(P1wewe) "tem mais classes?" (start area (14, 108, 1))
OOC: Niconato/(Niconato) "sim" (start area (14, 108, 1))
OOC: Niconato/(Niconato) "rei, princessa, empregado e etc.." (start area (14, 108, 1))
SAY: *no key*/(black cat) "Esp!" FORCED by poly (indoors rt (57, 39, 1))
OOC: P1wewe/(P1wewe) "ata" (start area (14, 108, 1))
OOC: P1wewe/(P1wewe) "achei q era de rouge, range" (start area (14, 108, 1))
OOC: Niconato/(Niconato) "kkkkkkkkk" (start area (14, 108, 1))
OOC: P1wewe/(P1wewe) "q q é towner?" (start area (14, 108, 1))
OOC: Niconato/(Niconato) "isso nao sei" (start area (14, 108, 1))
GAME: *no key*/(P1wewe) *no key*/(P1wewe) is no longer owning mob P1wewe(/mob/dead/new_player) (start area (14, 108, 1))
ACCESS: Mob Login: P1wewe/(Vereniz Blach) was assigned to a /mob/living/carbon/human
GAME: P1wewe/(Vereniz Blach) Client P1wewe/(Vereniz Blach) has taken ownership of mob (/mob/living/carbon/human) (start area (14, 108, 1))
SAY: *no key*/(black cat) "HSSSSS" FORCED by poly (indoors rt (57, 39, 1))
SAY: P1wewe/(Vereniz Blach) "fela" (the bog (34, 120, 10))
OOC: Niconato/(Niconato) "tem alguma classe q utiliza magia?" (start area (14, 108, 1))
SAY: *no key*/(Inn cat) "Meow!" FORCED by poly (tavern (62, 96, 5))
SAY: *no key*/(Inn cat) "HSSSSS" FORCED by poly (tavern (62, 96, 5))
ADMINPRIVATE: Ticket #1: P1wewe/(Vereniz Blach): fiz o L - heard by 0 non-AFK admins who have +BAN.
GAME: *no key*/(Niconato) *no key*/(Niconato) is no longer owning mob Niconato(/mob/dead/new_player) (start area (14, 108, 1))
ACCESS: Mob Login: Niconato/(Urima) was assigned to a /mob/living/carbon/human
GAME: Niconato/(Urima) Client Niconato/(Urima) has taken ownership of mob (/mob/living/carbon/human) (start area (14, 108, 1))
SAY: *no key*/(black cat) "Meow!" FORCED by poly (indoors rt (57, 39, 1))
SAY: *no key*/(black cat) "Esp!" FORCED by poly (indoors rt (57, 39, 1))
SAY: Niconato/(Urima) "MERDA!!!" (the bog (93, 75, 10))
SAY: *no key*/(black cat) "Meow!" FORCED by poly (indoors rt (57, 39, 1))
EMOTE: P1wewe/(Vereniz Blach) gasps out her last breath. (the bog (32, 122, 10))
GAME: P1wewe/(Vereniz Blach) has gained antag datum Zombie(/datum/antagonist/zombie)
GAME: *no key*/(Vereniz Blach) *no key*/(Vereniz Blach) is no longer owning mob Unknown(/mob/living/carbon/human) (the bog (32, 122, 10))
ACCESS: Mob Login: p1wewe/(Pilgrim) was assigned to a /mob/living/carbon/spirit
GAME: p1wewe/(Pilgrim) Client p1wewe/(Pilgrim) has taken ownership of mob Pilgrim(/mob/living/carbon/spirit) (underworld (62, 110, 11))
ADMINPRIVATE: PM: TheGodGuy/(Aquila)->P1wewe/(Pilgrim): vo liga
ADMIN: TheGodGuy/(Aquila) toggled OOC.
SAY: *no key*/(Inn cat) "HSSSSS" FORCED by poly (tavern (58, 96, 5))
SAY: *no key*/(Inn cat) "Meow!" FORCED by poly (tavern (58, 96, 5))
GAME: p1wewe/(Pilgrim) respawned from underworld
GAME: *no key*/(Pilgrim) *no key*/(Pilgrim) is no longer owning mob Pilgrim(/mob/living/carbon/spirit) (underworld (61, 115, 11))
ACCESS: Mob Login: p1wewe/(new player) was assigned to a /mob/dead/new_player
GAME: p1wewe/(new player) Client p1wewe/(new player) has taken ownership of mob the new player(/mob/dead/new_player) (start area (14, 108, 1))
EMOTE: TheGodGuy/(Aquila) snores. (cave (29, 103, 3))
EMOTE: TheGodGuy/(Aquila) snores. (cave (29, 103, 3))
ADMINPRIVATE: PM: P1wewe/(new player)->TheGodGuy/(Aquila): consegui dar respawn
EMOTE: TheGodGuy/(Aquila) snores. (cave (29, 103, 3))
SAY: *no key*/(black cat) "HSSSSS" FORCED by poly (indoors rt (56, 41, 1))
EMOTE: TheGodGuy/(Aquila) snores. (cave (29, 103, 3))
EMOTE: TheGodGuy/(Aquila) snores. (cave (29, 103, 3))
ADMINPRIVATE: PM: P1wewe/(new player)->TheGodGuy/(Aquila): mas vo teq espera 670 segundos :O
EMOTE: TheGodGuy/(Aquila) snores. (cave (29, 103, 3))
EMOTE: TheGodGuy/(Aquila) snores. (cave (29, 103, 3))
GAME: *no key*/(new player) *no key*/(new player) is no longer owning mob the new player(/mob/dead/new_player) (start area (14, 108, 1))
ACCESS: Mob Login: p1wewe/(Veronica) was assigned to a /mob/living/carbon/human
GAME: p1wewe/(Veronica) Client p1wewe/(Veronica) has taken ownership of mob (/mob/living/carbon/human) (start area (14, 108, 1))
EMOTE: TheGodGuy/(Aquila) snores. (cave (29, 103, 3))
EMOTE: TheGodGuy/(Aquila) snores. (cave (29, 103, 3))
EMOTE: TheGodGuy/(Aquila) snores. (cave (29, 103, 3))
EMOTE: TheGodGuy/(Aquila) snores. (cave (29, 103, 3))
EMOTE: TheGodGuy/(Aquila) snores. (cave (29, 103, 3))
EMOTE: TheGodGuy/(Aquila) snores. (cave (29, 103, 3))
EMOTE: TheGodGuy/(Aquila) snores. (cave (29, 103, 3))
EMOTE: TheGodGuy/(Aquila) snores. (cave (29, 103, 3))
EMOTE: TheGodGuy/(Aquila) snores. (cave (29, 103, 3))
EMOTE: TheGodGuy/(Aquila) snores. (cave (29, 103, 3))
EMOTE: TheGodGuy/(Aquila) snores. (cave (29, 103, 3))
EMOTE: TheGodGuy/(Aquila) snores. (cave (29, 103, 3))
EMOTE: TheGodGuy/(Aquila) snores. (cave (29, 103, 3))
SAY: *no key*/(Inn cat) "Esp!" FORCED by poly (tavern (58, 94, 5))
EMOTE: p1wewe/(Veronica) screams! (outdoors (78, 63, 4))
EMOTE: TheGodGuy/(Aquila) snores. (cave (29, 103, 3))
EMOTE: TheGodGuy/(Aquila) snores. (cave (29, 103, 3))
EMOTE: TheGodGuy/(Aquila) snores. (cave (29, 103, 3))
EMOTE: TheGodGuy/(Aquila) snores. (cave (29, 103, 3))
EMOTE: TheGodGuy/(Aquila) snores. (cave (29, 103, 3))
EMOTE: TheGodGuy/(Aquila) snores. (cave (29, 103, 3))
EMOTE: TheGodGuy/(Aquila) snores. (cave (29, 103, 3))
EMOTE: TheGodGuy/(Aquila) snores. (cave (29, 103, 3))
EMOTE: TheGodGuy/(Aquila) snores. (cave (29, 103, 3))
EMOTE: TheGodGuy/(Aquila) snores. (cave (29, 103, 3))
EMOTE: TheGodGuy/(Aquila) snores. (cave (29, 103, 3))
EMOTE: TheGodGuy/(Aquila) snores. (cave (29, 103, 3))
EMOTE: TheGodGuy/(Aquila) snores. (cave (29, 103, 3))
EMOTE: TheGodGuy/(Aquila) snores. (cave (29, 103, 3))
EMOTE: TheGodGuy/(Aquila) snores. (cave (29, 103, 3))
SAY: p1wewe/(Veronica) "porra" (outdoors (66, 72, 4))
EMOTE: TheGodGuy/(Aquila) snores. (cave (29, 103, 3))
EMOTE: TheGodGuy/(Aquila) snores. (cave (29, 103, 3))
EMOTE: TheGodGuy/(Aquila) snores. (cave (29, 103, 3))
EMOTE: TheGodGuy/(Aquila) snores. (cave (29, 103, 3))
EMOTE: TheGodGuy/(Aquila) snores. (cave (29, 103, 3))
EMOTE: TheGodGuy/(Aquila) snores. (cave (29, 103, 3))
EMOTE: TheGodGuy/(Aquila) snores. (cave (29, 103, 3))
EMOTE: TheGodGuy/(Aquila) snores. (cave (29, 103, 3))
EMOTE: TheGodGuy/(Aquila) snores. (cave (29, 103, 3))
EMOTE: TheGodGuy/(Aquila) snores. (cave (29, 103, 3))
EMOTE: TheGodGuy/(Aquila) snores. (cave (29, 103, 3))
EMOTE: TheGodGuy/(Aquila) snores. (cave (29, 103, 3))
EMOTE: TheGodGuy/(Aquila) snores. (cave (29, 103, 3))
EMOTE: TheGodGuy/(Aquila) snores. (cave (29, 103, 3))
EMOTE: TheGodGuy/(Aquila) snores. (cave (29, 103, 3))
EMOTE: TheGodGuy/(Aquila) snores. (cave (29, 103, 3))
EMOTE: TheGodGuy/(Aquila) snores. (cave (29, 103, 3))
EMOTE: TheGodGuy/(Aquila) snores. (cave (29, 103, 3))
EMOTE: TheGodGuy/(Aquila) snores. (cave (29, 103, 3))
EMOTE: TheGodGuy/(Aquila) snores. (cave (29, 103, 3))
ADMINPRIVATE: PM: TheGodGuy/(Aquila)->P1wewe/(Veronica): ixi
EMOTE: TheGodGuy/(Aquila) snores. (cave (29, 103, 3))
EMOTE: TheGodGuy/(Aquila) snores. (cave (29, 103, 3))
EMOTE: TheGodGuy/(Aquila) snores. (cave (29, 103, 3))
EMOTE: TheGodGuy/(Aquila) snores. (cave (29, 103, 3))
SAY: Niconato/(Urima) "MERDA!!!" (the bog (14, 114, 10))
SAY: *no key*/(black cat) "Esp!" FORCED by poly (indoors rt (56, 36, 1))
EMOTE: TheGodGuy/(Aquila) snores. (cave (29, 103, 3))
ADMINPRIVATE: PM: P1wewe/(Veronica)->TheGodGuy/(Aquila): nem sei onde é a ferraria
EMOTE: TheGodGuy/(Aquila) snores. (cave (29, 103, 3))
SAY: Niconato/(Urima) "SOCORRO!!!" (the bog (18, 107, 10))
EMOTE: TheGodGuy/(Aquila) snores. (cave (29, 103, 3))
EMOTE: TheGodGuy/(Aquila) snores. (cave (29, 103, 3))
EMOTE: TheGodGuy/(Aquila) snores. (cave (29, 103, 3))
EMOTE: TheGodGuy/(Aquila) snores. (cave (29, 103, 3))
EMOTE: TheGodGuy/(Aquila) snores. (cave (29, 103, 3))
GAME: TheGodGuy/(Aquila) respawned from underworld
GAME: *no key*/(Aquila) *no key*/(Aquila) is no longer owning mob Aquila(/mob/living/carbon/human) (cave (29, 103, 3))
ACCESS: Mob Login: TheGodGuy/(new player) was assigned to a /mob/dead/new_player
GAME: TheGodGuy/(new player) Client TheGodGuy/(new player) has taken ownership of mob the new player(/mob/dead/new_player) (start area (14, 108, 1))
EMOTE: *no key*/(Aquila) snores. (cave (29, 103, 3))
SAY: Niconato/(Urima) "a vida é cruel!!" (the bog (22, 111, 10))
EMOTE: *no key*/(Aquila) snores. (cave (29, 103, 3))
EMOTE: *no key*/(Aquila) snores. (cave (29, 103, 3))
GAME: *no key*/(new player) *no key*/(new player) is no longer owning mob the new player(/mob/dead/new_player) (start area (14, 108, 1))
ACCESS: Mob Login: TheGodGuy/(Gurnar) was assigned to a /mob/living/carbon/human
GAME: TheGodGuy/(Gurnar) Client TheGodGuy/(Gurnar) has taken ownership of mob (/mob/living/carbon/human) (start area (14, 108, 1))
EMOTE: *no key*/(Aquila) snores. (cave (29, 103, 3))
EMOTE: *no key*/(Aquila) snores. (cave (29, 103, 3))
SAY: Niconato/(Urima) "merda..." (the bog (23, 111, 10))
EMOTE: *no key*/(Aquila) snores. (cave (29, 103, 3))
SAY: Niconato/(Urima) "nao sinto minhas perna..." (the bog (23, 111, 10))
EMOTE: *no key*/(Aquila) snores. (cave (29, 103, 3))
EMOTE: *no key*/(Aquila) snores. (cave (29, 103, 3))
EMOTE: *no key*/(Aquila) snores. (cave (29, 103, 3))
EMOTE: *no key*/(Aquila) snores. (cave (29, 103, 3))
EMOTE: *no key*/(Aquila) snores. (cave (29, 103, 3))
EMOTE: *no key*/(Aquila) snores. (cave (29, 103, 3))
EMOTE: *no key*/(Aquila) snores. (cave (29, 103, 3))
EMOTE: *no key*/(Aquila) snores. (cave (29, 103, 3))
EMOTE: *no key*/(Aquila) snores. (cave (29, 103, 3))
EMOTE: *no key*/(Aquila) snores. (cave (29, 103, 3))
EMOTE: *no key*/(Aquila) gasps out his last breath. (cave (29, 103, 3))
GAME: TheGodGuy[DC]/(Aquila) has gained antag datum Zombie(/datum/antagonist/zombie)
EMOTE: TheGodGuy/(Gurnar) gags. (cave (28, 103, 3))
EMOTE: TheGodGuy/(Gurnar) screams in rage! (cave (28, 103, 3))
EMOTE: TheGodGuy/(Gurnar) laughs. (cave (28, 103, 3))
EMOTE: TheGodGuy/(Gurnar) dances. (cave (28, 103, 3))
SAY: p1wewe/(Veronica) "alow!!" (outdoors (83, 93, 4))
ADMIN: TheGodGuy/(Gurnar) teleported TheGodGuy/(Gurnar) to cave (28, 103, 3)
ADMINPRIVATE: PM: TheGodGuy/(Gurnar)->P1wewe/(Veronica): o que?
ADMINPRIVATE: PM: P1wewe/(Veronica)->TheGodGuy/(Gurnar): n sei onde é a ferraria
ADMINPRIVATE: PM: P1wewe/(Veronica)->TheGodGuy/(Gurnar): acho q ja rodei quase tudo
ADMINPRIVATE: PM: TheGodGuy/(Gurnar)->P1wewe/(Veronica): não tem ferraria
SAY: p1wewe/(Veronica) "f" (outdoors (47, 64, 4))
ADMIN: TheGodGuy/(Gurnar) punished *no key*/(Aquila) with Gib.
EMOTE: p1wewe/(Veronica) snores. (indoors (73, 70, 5))
ACCESS: Logout: TheGodGuy/(Gurnar)
GAME: TheGodGuy[DC]/(Gurnar) TheGodGuy[DC]/(Gurnar) is no longer owning mob Gurnar(/mob/living/carbon/human) (cave (27, 106, 3))
EMOTE: p1wewe/(Veronica) snores. (indoors (73, 70, 5))
ACCESS: Logout: P1wewe/(Veronica)
GAME: p1wewe[DC]/(Veronica) p1wewe[DC]/(Veronica) is no longer owning mob Veronica(/mob/living/carbon/human) (indoors (73, 70, 5))
ACCESS: Logout: Niconato/(Urima)
GAME: Niconato[DC]/(Urima) Niconato[DC]/(Urima) is no longer owning mob Urima(/mob/living/carbon/human) (the bog (18, 114, 10))
