Starting up round ID Shroom559-23.13.34.
-------------------------
HREF: TheGodGuy (usr:TheGodGuy[(14,108,1)]) : TheGodGuy src=[mob_20];ready=1
HREF: TheGodGuy (usr:TheGodGuy[(14,108,1)]) : _src_=prefs;preference=name;task=input
HREF: TheGodGuy (usr:TheGodGuy[(14,108,1)]) : TheGodGuy src=[mob_20];late_join=1
HREF: TheGodGuy (usr:TheGodGuy[(14,108,1)]) : TheGodGuy src=[mob_20];SelectedJob=Town%20Guard
HREF: P1wewe (usr:P1wewe[(14,108,1)]) : _src_=prefs;preference=s_tone;task=input
HREF: P1wewe (usr:P1wewe[(14,108,1)]) : _src_=prefs;preference=s_tone;task=input
HREF: Niconato (usr:Niconato[(14,108,1)]) : _src_=prefs;preference=job;task=menu
HREF: P1wewe (usr:P1wewe[(14,108,1)]) : _src_=prefs;preference=s_tone;task=input
HREF: P1wewe (usr:P1wewe[(14,108,1)]) : _src_=prefs;preference=s_tone;task=input
HREF: P1wewe (usr:P1wewe[(14,108,1)]) : _src_=prefs;preference=s_tone;task=input
HREF: P1wewe (usr:P1wewe[(14,108,1)]) : _src_=prefs;preference=s_tone;task=input
HREF: Niconato (usr:Niconato[(14,108,1)]) : _src_=prefs;preference=job;task=close
HREF: P1wewe (usr:P1wewe[(14,108,1)]) : _src_=prefs;preference=s_tone;task=input
HREF: Niconato (usr:Niconato[(14,108,1)]) : Niconato src=[mob_27];late_join=1
HREF: P1wewe (usr:P1wewe[(14,108,1)]) : _src_=prefs;preference=name;task=random
HREF: P1wewe (usr:P1wewe[(14,108,1)]) : _src_=prefs;preference=name;task=random
HREF: P1wewe (usr:P1wewe[(14,108,1)]) : _src_=prefs;preference=name;task=random
HREF: P1wewe (usr:P1wewe[(14,108,1)]) : _src_=prefs;preference=name;task=input
HREF: P1wewe (usr:P1wewe[(14,108,1)]) : _src_=prefs;preference=antag;task=menu
HREF: Niconato (usr:Niconato[(14,108,1)]) : _src_=prefs;preference=job;task=menu
HREF: P1wewe (usr:P1wewe[(14,108,1)]) : _src_=prefs;preference=bdetail;task=input
HREF: P1wewe (usr:P1wewe[(14,108,1)]) : _src_=prefs;preference=triumphs;task=menu
HREF: P1wewe (usr:P1wewe[(14,108,1)]) : _src_=prefs;preference=charflaw;task=input
HREF: P1wewe (usr:P1wewe[(14,108,1)]) : _src_=prefs;preference=antag;task=close
HREF: P1wewe (usr:P1wewe[(14,108,1)]) : _src_=prefs;preference=job;task=menu
HREF: P1wewe (usr:P1wewe[(14,108,1)]) : _src_=prefs;preference=job;task=close
HREF: P1wewe (usr:P1wewe[(14,108,1)]) : _src_=prefs;preference=faith
HREF: P1wewe (usr:P1wewe[(14,108,1)]) : _src_=prefs;preference=playerquality;task=menu
HREF: P1wewe (usr:P1wewe[(14,108,1)]) : _src_=prefs;preference=keybinds;task=menu
HREF: Niconato (usr:Niconato[(14,108,1)]) : _src_=prefs;preference=s_tone;task=input
HREF: Niconato (usr:Niconato[(14,108,1)]) : _src_=prefs;preference=s_tone;task=input
HREF: Niconato (usr:Niconato[(14,108,1)]) : _src_=prefs;preference=s_tone;task=input
HREF: Niconato (usr:Niconato[(14,108,1)]) : _src_=prefs;preference=s_tone;task=input
HREF: Niconato (usr:Niconato[(14,108,1)]) : _src_=prefs;preference=s_tone;task=input
HREF: Niconato (usr:Niconato[(14,108,1)]) : _src_=prefs;preference=job;task=close
HREF: P1wewe (usr:P1wewe[(14,108,1)]) : _src_=prefs;preference=keybinds;task=close
HREF: P1wewe (usr:P1wewe[(14,108,1)]) : P1wewe src=[mob_25];late_join=1
HREF: Niconato (usr:Niconato[(14,108,1)]) : _src_=prefs;preference=bdetail;task=input
HREF: Niconato (usr:Niconato[(14,108,1)]) : _src_=prefs;preference=bdetail;task=input
HREF: Niconato (usr:Niconato[(14,108,1)]) : _src_=prefs;preference=detail;task=input
HREF: Niconato (usr:Niconato[(14,108,1)]) : _src_=prefs;preference=hair;task=input
HREF: Niconato (usr:Niconato[(14,108,1)]) : _src_=prefs;preference=hair;task=input
HREF: P1wewe (usr:P1wewe[(14,108,1)]) : P1wewe src=[mob_25];SelectedJob=Adventurer
HREF: Niconato (usr:Niconato[(14,108,1)]) : _src_=prefs;preference=hair;task=input
HREF: Niconato (usr:Niconato[(14,108,1)]) : _src_=prefs;preference=hair;task=input
HREF: Niconato (usr:Niconato[(14,108,1)]) : _src_=prefs;preference=hairstyle;task=input
HREF: Niconato (usr:Niconato[(14,108,1)]) : _src_=prefs;preference=hairstyle;task=input
HREF: Niconato (usr:Niconato[(14,108,1)]) : _src_=prefs;preference=hairstyle;task=input
HREF: Niconato (usr:Niconato[(14,108,1)]) : _src_=prefs;preference=hairstyle;task=input
HREF: Niconato (usr:Niconato[(14,108,1)]) : _src_=prefs;preference=hairstyle;task=input
HREF: Niconato (usr:Niconato[(14,108,1)]) : _src_=prefs;preference=voice;task=input
HREF: Niconato (usr:Niconato[(14,108,1)]) : _src_=prefs;preference=eyes;task=input
HREF: Niconato (usr:Niconato[(14,108,1)]) : _src_=prefs;preference=age;task=input
HREF: Niconato (usr:Niconato[(14,108,1)]) : _src_=prefs;preference=faith
HREF: Niconato (usr:Niconato[(14,108,1)]) : _src_=prefs;preference=charflaw;task=input
HREF: Niconato (usr:Niconato[(14,108,1)]) : _src_=prefs;preference=faith
HREF: Niconato (usr:Niconato[(14,108,1)]) : _src_=prefs;preference=patron;task=input
HREF: Niconato (usr:Niconato[(14,108,1)]) : _src_=prefs;preference=patron;task=input
HREF: Niconato (usr:Niconato[(14,108,1)]) : _src_=prefs;preference=save
HREF: Niconato (usr:Niconato[(14,108,1)]) : _src_=prefs;preference=save
HREF: Niconato (usr:Niconato[(14,108,1)]) : _src_=prefs;preference=save
HREF: Niconato (usr:Niconato[(14,108,1)]) : _src_=prefs;preference=job;task=menu
HREF: Niconato (usr:Niconato[(14,108,1)]) : _src_=prefs;preference=job;task=setJobLevel;level=4;text=Queen
HREF: Niconato (usr:Niconato[(14,108,1)]) : _src_=prefs;preference=job;task=setJobLevel;level=2;text=Gravedigger
HREF: Niconato (usr:Niconato[(14,108,1)]) : _src_=prefs;preference=job;task=setJobLevel;level=1;text=Gravedigger
HREF: Niconato (usr:Niconato[(14,108,1)]) : _src_=prefs;preference=job;task=setJobLevel;level=4;text=Gravedigger
HREF: Niconato (usr:Niconato[(14,108,1)]) : _src_=prefs;preference=job;task=setJobLevel;level=2;text=Jester
HREF: Niconato (usr:Niconato[(14,108,1)]) : _src_=prefs;preference=job;task=setJobLevel;level=1;text=Jester
HREF: Niconato (usr:Niconato[(14,108,1)]) : _src_=prefs;preference=job;task=setJobLevel;level=4;text=Jester
HREF: Niconato (usr:Niconato[(14,108,1)]) : _src_=prefs;preference=job;task=setJobLevel;level=4;text=Adventurer
HREF: Niconato (usr:Niconato[(14,108,1)]) : _src_=prefs;preference=job;task=setJobLevel;level=4;text=Mercenary
HREF: Niconato (usr:Niconato[(14,108,1)]) : _src_=prefs;preference=job;task=setJobLevel;level=3;text=Bog%20Guard
HREF: Niconato (usr:Niconato[(14,108,1)]) : _src_=prefs;preference=job;task=setJobLevel;level=4;text=Bog%20Guard
HREF: Niconato (usr:Niconato[(14,108,1)]) : _src_=prefs;preference=job;task=setJobLevel;level=1;text=Bog%20Guard
HREF: Niconato (usr:Niconato[(14,108,1)]) : _src_=prefs;preference=job;task=setJobLevel;level=2;text=Bog%20Guard
HREF: Niconato (usr:Niconato[(14,108,1)]) : _src_=prefs;preference=job;task=setJobLevel;level=3;text=Bog%20Guard
HREF: Niconato (usr:Niconato[(14,108,1)]) : _src_=prefs;preference=job;task=setJobLevel;level=4;text=Bog%20Guard
HREF: Niconato (usr:Niconato[(14,108,1)]) : _src_=prefs;preference=job;task=close
HREF: Niconato (usr:Niconato[(14,108,1)]) : Niconato src=[mob_27];late_join=1
HREF: Niconato (usr:Niconato[(14,108,1)]) : Niconato src=[mob_27];SelectedJob=Adventurer
HREF: TheGodGuy (usr:Aquila[(25,55,4)]) : _src_=holder;admin_token=511081047108356741157715410912636324;ahelp=[0x21037506];ahelp_action=reply
HREF: P1wewe (usr:the new player[(14,108,1)]) : The new player src=[mob_34];late_join=1
HREF: P1wewe (usr:the new player[(14,108,1)]) : priv_msg=thegodguy
HREF: P1wewe (usr:the new player[(14,108,1)]) : The new player src=[mob_34];SelectedJob=Adventurer
HREF: P1wewe (usr:the new player[(14,108,1)]) : priv_msg=thegodguy
HREF: P1wewe (usr:the new player[(14,108,1)]) : The new player src=[mob_34];SelectedJob=Adventurer
HREF: P1wewe (usr:the new player[(14,108,1)]) : The new player src=[mob_34];SelectedJob=Towner
HREF: P1wewe (usr:Veronica[(123,67,4)]) : The papyrus src=[0x2001583];close=1
HREF: Niconato (usr:Urima[(117,84,10)]) : The necromancers hood src=[0x2053c00];inspect=1
HREF: Niconato (usr:Urima[(117,84,10)]) : The necromancers hood src=[0x2053c00];inspect=1
HREF: Niconato (usr:Urima[(121,84,10)]) : Urima src=[mob_31];inspect_limb=1
HREF: TheGodGuy (usr:Aquila[(29,103,3)]) : _src_=holder;admin_token=511081047108356741157715410912636324;ahelp=[0x21037506];ahelp_action=reply
HREF: P1wewe (usr:Veronica[(55,73,4)]) : priv_msg=thegodguy
HREF: P1wewe (usr:Veronica[(55,78,4)]) : The tongs src=[0x2053cfe];inspect=1
HREF: TheGodGuy (usr:the new player[(14,108,1)]) : The new player src=[mob_37];late_join=1
HREF: TheGodGuy (usr:the new player[(14,108,1)]) : The new player src=[mob_37];SelectedJob=Mercenary
HREF: P1wewe (usr:Veronica[(55,78,4)]) : The hammer src=[0x2053d02];inspect=1
HREF: TheGodGuy (usr:Gurnar[(28,103,3)]) : _src_=holder;admin_token=511081047108356741157715410912636324;ahelp=[0x21037506];ahelp_action=reply
HREF: P1wewe (usr:Veronica[(67,83,4)]) : priv_msg=thegodguy
HREF: P1wewe (usr:Veronica[(52,83,4)]) : priv_msg=thegodguy
HREF: TheGodGuy (usr:Gurnar[(28,103,3)]) : priv_msg=p1wewe
