Starting up round ID Shroom559-23.13.34.
-------------------------
Running /tg/ revision: 
No commit information
Initialized Title Screen subsystem within 0 seconds!
Initialized Database subsystem within 0 seconds!
Initialized Blackbox subsystem within 0 seconds!
Initialized Server Tasks subsystem within 0 seconds!
Initialized Input subsystem within 0 seconds!
Initialized Vis contents overlays subsystem within 0 seconds!
Initialized Triumphs subsystem within 0 seconds!
Initialized Achievements subsystem within 0 seconds!
Initialized Materials subsystem within 0 seconds!
Initialized Research subsystem within 0 seconds!
Initialized Events subsystem within 0 seconds!
Initialized Jobs subsystem within 0 seconds!
Initialized Quirks subsystem within 0 seconds!
Initialized Ticker subsystem within 0 seconds!
runtime error: json_decode error: Expected comma or } at ",
    "map_file": "smalldecap (character 67)
proc name: LoadConfig (/datum/map_config/proc/LoadConfig)
  source file: code/datums/map_config.dm,65
  usr: null
  src: /datum/map_config (/datum/map_config)
  call stack:
/datum/map_config (/datum/map_config): LoadConfig("_maps/map_files/otherz/smallde...", 1)
load map config("_maps/map_files/otherz/smallde...", null, null, 1)
Mapping (/datum/controller/subsystem/mapping): loadWorld()
Mapping (/datum/controller/subsystem/mapping): Initialize(800153)
Master (/datum/controller/master): Initialize(10, 0, 1)

RED ALERT! The following map files failed to load: _maps/map_files/BoxStation/BoxStation.dmm. Yell at your server host!
Initialized Mapping subsystem within 13.9 seconds!
Initialized Networks subsystem within 0 seconds!
Initialized Economy subsystem within 0 seconds!
Initialized Atoms subsystem within 36.9 seconds!
Initialized Language subsystem within 0 seconds!
Initialized Machines subsystem within 0 seconds!
Initialized treesetup subsystem within 1.2 seconds!
Initialized Skills subsystem within 0 seconds!
Initialized Atmos Adjacency subsystem within 0.7 seconds!
Initialized Disease subsystem within 0 seconds!
Initialized Night Shift subsystem within 0 seconds!
Initialized Parallax subsystem within 0 seconds!
Initialized Runechat subsystem within 0 seconds!
Initialized Traumas subsystem within 0 seconds!
Initialized Weather subsystem within 0 seconds!
Initialized humannpc subsystem within 0 seconds!
Initialized treasury subsystem within 0 seconds!
## WARNING: 
Initialized Atmospherics subsystem within 22 seconds!
Initialized Assets subsystem within 0 seconds!
Initialized Icon Smoothing subsystem within 14.4 seconds!
Initialized Overlay subsystem within 1.9 seconds!
Initialized XKeyScore subsystem within 0 seconds!
Initialized PRISM subsystem within 0 seconds!
Initialized Lighting subsystem within 12.2 seconds!
## WARNING: couldn't find dock with id: supply_home in code/controllers/subsystem/shuttle.dm at line 179 src: Shuttle usr: .
## WARNING: No /obj/docking_port/mobile/arrivals placed on the map! in code/controllers/subsystem/shuttle.dm at line 83 src: Shuttle usr: .
## WARNING: No /obj/docking_port/mobile/emergency placed on the map! in code/controllers/subsystem/shuttle.dm at line 85 src: Shuttle usr: .
Initialized Shuttle subsystem within 0.3 seconds!
Initialized Minor Mapping subsystem within 0.1 seconds!
Initialized Librarian subsystem within 0 seconds!
Initialized Pathfinder subsystem within 0 seconds!
Initialized Discord subsystem within 0 seconds!
Loaded 0 engraved messages on map Roguetown 2
Initialized Persistence subsystem within 0 seconds!
Initialized Chat subsystem within 0 seconds!
Initializations complete within 104 seconds!
## WARNING: couldn't find dock with id: supply_home in code/controllers/subsystem/shuttle.dm at line 179 src: Shuttle usr: .
runtime error: undefined variable /turf/open/floor/rogue/wood/var/STASTR
proc name: get complex damage (/proc/get_complex_damage)
  source file: code/_onclick/item_attack.dm,204
  usr: Aquila (/mob/living/carbon/human)
  src: null
  usr.loc: the floor (28,102,3) (/turf/open/floor/rogue/wood)
  call stack:
get complex damage(the cudgel (/obj/item/rogueweapon/mace/cudgel), the floor (28,102,3) (/turf/open/floor/rogue/wood), null)
the cudgel (/obj/item/rogueweapon/mace/cudgel): get dismemberment chance(the head (/obj/item/bodypart/head))
Humen (/datum/species/human/northern): spec attacked by(the cudgel (/obj/item/rogueweapon/mace/cudgel), Aquila (/mob/living/carbon/human), the head (/obj/item/bodypart/head), strike (/datum/intent/mace/strike), Aquila (/mob/living/carbon/human), "r_eye")
Aquila (/mob/living/carbon/human): attacked by(the cudgel (/obj/item/rogueweapon/mace/cudgel), Aquila (/mob/living/carbon/human))
the cudgel (/obj/item/rogueweapon/mace/cudgel): attack(Aquila (/mob/living/carbon/human), Aquila (/mob/living/carbon/human))
Aquila (/mob/living/carbon/human): attackby(the cudgel (/obj/item/rogueweapon/mace/cudgel), Aquila (/mob/living/carbon/human), "icon-x=15;icon-y=25;left=1;but...")
Aquila (/mob/living/carbon/human): attackby(the cudgel (/obj/item/rogueweapon/mace/cudgel), Aquila (/mob/living/carbon/human), "icon-x=15;icon-y=25;left=1;but...")
Aquila (/mob/living/carbon/human): attackby(the cudgel (/obj/item/rogueweapon/mace/cudgel), Aquila (/mob/living/carbon/human), "icon-x=15;icon-y=25;left=1;but...")
the cudgel (/obj/item/rogueweapon/mace/cudgel): melee attack chain(Aquila (/mob/living/carbon/human), Aquila (/mob/living/carbon/human), "icon-x=15;icon-y=25;left=1;but...")
Aquila (/mob/living/carbon/human): resolveAdjacentClick(Aquila (/mob/living/carbon/human), the cudgel (/obj/item/rogueweapon/mace/cudgel), "icon-x=15;icon-y=25;left=1;but...", null)
Aquila (/mob/living/carbon/human): ClickOn(Aquila (/mob/living/carbon/human), "icon-x=15;icon-y=25;left=1;but...")
Aquila (/mob/living/carbon/human): Click(the floor (28,102,3) (/turf/open/floor/rogue/wood), "mapwindow.map", "icon-x=15;icon-y=25;left=1;but...")
TheGodGuy (/client): Click(Aquila (/mob/living/carbon/human), the floor (28,102,3) (/turf/open/floor/rogue/wood), "mapwindow.map", "icon-x=15;icon-y=25;left=1;but...")

runtime error: undefined variable /turf/open/floor/rogue/wood/var/rmb_intent
proc name: get dismemberment chance (/obj/item/rogueweapon/get_dismemberment_chance)
  source file: code/game/objects/items/rogueweapons/rogueweapon.dm,46
  usr: Aquila (/mob/living/carbon/human)
  src: the cudgel (/obj/item/rogueweapon/mace/cudgel)
  usr.loc: the floor (28,102,3) (/turf/open/floor/rogue/wood)
  src.loc: the floor (28,102,3) (/turf/open/floor/rogue/wood)
  call stack:
the cudgel (/obj/item/rogueweapon/mace/cudgel): get dismemberment chance(the head (/obj/item/bodypart/head))
Humen (/datum/species/human/northern): spec attacked by(the cudgel (/obj/item/rogueweapon/mace/cudgel), Aquila (/mob/living/carbon/human), the head (/obj/item/bodypart/head), strike (/datum/intent/mace/strike), Aquila (/mob/living/carbon/human), "r_eye")
Aquila (/mob/living/carbon/human): attacked by(the cudgel (/obj/item/rogueweapon/mace/cudgel), Aquila (/mob/living/carbon/human))
the cudgel (/obj/item/rogueweapon/mace/cudgel): attack(Aquila (/mob/living/carbon/human), Aquila (/mob/living/carbon/human))
Aquila (/mob/living/carbon/human): attackby(the cudgel (/obj/item/rogueweapon/mace/cudgel), Aquila (/mob/living/carbon/human), "icon-x=15;icon-y=25;left=1;but...")
Aquila (/mob/living/carbon/human): attackby(the cudgel (/obj/item/rogueweapon/mace/cudgel), Aquila (/mob/living/carbon/human), "icon-x=15;icon-y=25;left=1;but...")
Aquila (/mob/living/carbon/human): attackby(the cudgel (/obj/item/rogueweapon/mace/cudgel), Aquila (/mob/living/carbon/human), "icon-x=15;icon-y=25;left=1;but...")
the cudgel (/obj/item/rogueweapon/mace/cudgel): melee attack chain(Aquila (/mob/living/carbon/human), Aquila (/mob/living/carbon/human), "icon-x=15;icon-y=25;left=1;but...")
Aquila (/mob/living/carbon/human): resolveAdjacentClick(Aquila (/mob/living/carbon/human), the cudgel (/obj/item/rogueweapon/mace/cudgel), "icon-x=15;icon-y=25;left=1;but...", null)
Aquila (/mob/living/carbon/human): ClickOn(Aquila (/mob/living/carbon/human), "icon-x=15;icon-y=25;left=1;but...")
Aquila (/mob/living/carbon/human): Click(the floor (28,102,3) (/turf/open/floor/rogue/wood), "mapwindow.map", "icon-x=15;icon-y=25;left=1;but...")
TheGodGuy (/client): Click(Aquila (/mob/living/carbon/human), the floor (28,102,3) (/turf/open/floor/rogue/wood), "mapwindow.map", "icon-x=15;icon-y=25;left=1;but...")

runtime error: Cannot read null.verbs
verb name: {RETURN TO LOBBY} (/mob/verb/returntolobby)
  source file: code/modules/underworld/underworld.dm,70
  usr: (src)
  src: Aquila (/mob/living/carbon/human)
  src.loc: the floor (29,103,3) (/turf/open/floor/rogue/wood)
  call stack:
Aquila (/mob/living/carbon/human): {RETURN TO LOBBY}()
TheGodGuy (/client): Return to Lobby()

