Starting up round ID Pavil401-00.14.07.
-------------------------
GAME: Saved mode is 'extended'
GAME: Loaded Station in 6.6s!
GAME: Loaded smallforest in 3.4s!
GAME: Loaded Box Station in 0s!
GAME: Loaded smallswamp in 2.1s!
GAME: Loaded underworld in 0.5s!
EMOTE: *no key*/(saiga) smiles. (rockhill basin (13, 66, 4))
EMOTE: *no key*/(saiga) smiles. (rockhill basin (13, 66, 4))
EMOTE: *no key*/(chicken) smiles. (rockhill basin (60, 56, 4))
EMOTE: *no key*/(chicken) smiles. (rockhill basin (61, 54, 4))
EMOTE: *no key*/(chicken) smiles. (wilderness (66, 100, 8))
EMOTE: *no key*/(chicken) smiles. (wilderness (67, 98, 8))
EMOTE: *no key*/(saiga) smiles. (rockhill basin (66, 69, 8))
EMOTE: *no key*/(saiga) smiles. (rockhill basin (66, 69, 8))
GAME: HEY! LISTEN! 4.7 seconds were wasted processing 526 turf(s) (connected to 61686 other turfs) with atmos differences at round start.
GAME: supply boat loaded at 8,8,12
ACCESS: Login: P1wewe from 177.50.32.187-607721265 || BYOND v515.1636
ACCESS: Mob Login: P1wewe/(P1wewe) was assigned to a /mob/dead/new_player
GAME: P1wewe/(P1wewe) Client P1wewe/(P1wewe) has taken ownership of mob P1wewe(/mob/dead/new_player) (start area (14, 108, 1))
OOC: P1wewe/(P1wewe) "ow" (start area (14, 108, 1))
OOC: P1wewe/(P1wewe) "ah" (start area (14, 108, 1))
OOC: P1wewe/(P1wewe) "deixa" (start area (14, 108, 1))
OOC: P1wewe/(P1wewe) "eu ia pergunta como lobera classes" (start area (14, 108, 1))
