Starting up round ID Sherax558-20.05.57.
-------------------------
GAME: Saved mode is 'extended'
ACCESS: Login: TheGodGuy from 161.230.138.219-2234830288 || BYOND v515.1636
ACCESS: Mob Login: TheGodGuy/(TheGodGuy) was assigned to a /mob/dead/new_player
ACCESS: Login: Niconato from 177.137.47.252-2680257055 || BYOND v515.1635
ACCESS: Mob Login: Niconato/(Niconato) was assigned to a /mob/dead/new_player
ACCESS: Login: Jesse mller from 152.244.35.218-2331870330 || BYOND v515.1636
ACCESS: Mob Login: Jesse mller/(Jesse mller) was assigned to a /mob/dead/new_player
ACCESS: Login: P1wewe from 177.50.32.66-607721265 || BYOND v515.1636
ACCESS: Mob Login: P1wewe/(P1wewe) was assigned to a /mob/dead/new_player
ACCESS: Login: Hue100 from 126.214.31.252-1479892090 || BYOND v515.1636
ACCESS: Mob Login: Hue100/(Hue100) was assigned to a /mob/dead/new_player
GAME: TheGodGuy/(TheGodGuy) Client TheGodGuy/(TheGodGuy) has taken ownership of mob TheGodGuy(/mob/dead/new_player) (start area (14, 108, 1))
GAME: Hue100/(Hue100) Client Hue100/(Hue100) has taken ownership of mob Hue100(/mob/dead/new_player) (start area (14, 108, 1))
GAME: Niconato/(Niconato) Client Niconato/(Niconato) has taken ownership of mob Niconato(/mob/dead/new_player) (start area (14, 108, 1))
GAME: P1wewe/(P1wewe) Client P1wewe/(P1wewe) has taken ownership of mob P1wewe(/mob/dead/new_player) (start area (14, 108, 1))
GAME: Jesse mller/(Jesse mller) Client Jesse mller/(Jesse mller) has taken ownership of mob Jesse mller(/mob/dead/new_player) (start area (14, 108, 1))
OOC: TheGodGuy/(TheGodGuy) "Gostaram?" (start area (14, 108, 1))
GAME: Loaded Station in 7.1s!
GAME: Loaded smallforest in 3.1s!
GAME: Loaded Box Station in 0s!
GAME: Loaded smallswamp in 2s!
ADMIN: TheGodGuy re-adminned themselves.
GAME: Loaded underworld in 0.6s!
EMOTE: *no key*/(saiga) smiles. (rockhill basin (13, 66, 4))
EMOTE: *no key*/(saiga) smiles. (rockhill basin (13, 66, 4))
EMOTE: *no key*/(chicken) smiles. (rockhill basin (60, 56, 4))
EMOTE: *no key*/(chicken) smiles. (rockhill basin (61, 54, 4))
EMOTE: *no key*/(chicken) smiles. (wilderness (66, 100, 8))
EMOTE: *no key*/(chicken) smiles. (wilderness (67, 98, 8))
EMOTE: *no key*/(saiga) smiles. (rockhill basin (66, 69, 8))
EMOTE: *no key*/(saiga) smiles. (rockhill basin (66, 69, 8))
OOC: Niconato/(Niconato) "opa" (start area (14, 108, 1))
OOC: Niconato/(Niconato) "agora foi" (start area (14, 108, 1))
OOC: TheGodGuy/(TheGodGuy) "e" (start area (14, 108, 1))
OOC: Jesse mller/(Jesse mller) "eae" (start area (14, 108, 1))
OOC: P1wewe/(P1wewe) "opa" (start area (14, 108, 1))
OOC: Jesse mller/(Jesse mller) "kkkkkkk" (start area (14, 108, 1))
OOC: P1wewe/(P1wewe) "virei nyla agora" (start area (14, 108, 1))
OOC: TheGodGuy/(TheGodGuy) "Qual game mode?" (start area (14, 108, 1))
OOC: Niconato/(Niconato) "vamo ir todo mundo junto?" (start area (14, 108, 1))
OOC: Jesse mller/(Jesse mller) "na otem um de se pareca com a estaçao?" (start area (14, 108, 1))
OOC: P1wewe/(P1wewe) "q q é flaws?" (start area (14, 108, 1))
OOC: Niconato/(Niconato) "kkkkkkkkkkkkk" (start area (14, 108, 1))
GAME: HEY! LISTEN! 4.2 seconds were wasted processing 526 turf(s) (connected to 61686 other turfs) with atmos differences at round start.
OOC: Jesse mller/(Jesse mller) "eita" (start area (14, 108, 1))
OOC: Niconato/(Niconato) "sei la" (start area (14, 108, 1))
OOC: P1wewe/(P1wewe) "descobri" (start area (14, 108, 1))
ACCESS: Logout: Jesse mller/(Jesse mller)
GAME: Jesse mller[DC]/(Jesse mller) Jesse mller[DC]/(Jesse mller) is no longer owning mob Jesse mller(/mob/dead/new_player) (start area (14, 108, 1))
OOC: P1wewe/(P1wewe) "é a disgraça q seu persona tem" (start area (14, 108, 1))
OOC: P1wewe/(P1wewe) "o meu n tem um olho" (start area (14, 108, 1))
GAME: supply boat loaded at 8,8,12
OOC: TheGodGuy/(TheGodGuy) "Escolham um mode" (start area (14, 108, 1))
OOC: P1wewe/(P1wewe) "como" (start area (14, 108, 1))
OOC: Niconato/(Niconato) "nao sei quais tem" (start area (14, 108, 1))
OOC: TheGodGuy/(TheGodGuy) "olha o discord." (start area (14, 108, 1))
OOC: TheGodGuy/(TheGodGuy) "Olhem o discord para decidir." (start area (14, 108, 1))
OOC: P1wewe/(P1wewe) "extended" (start area (14, 108, 1))
ACCESS: Login: Jesse mller from 152.244.35.218-2331870330 || BYOND v515.1636
ACCESS: Mob Login: Jesse mller/(Jesse mller) was assigned to a /mob/dead/new_player
GAME: Jesse mller/(Jesse mller) Client Jesse mller/(Jesse mller) has taken ownership of mob Jesse mller(/mob/dead/new_player) (start area (14, 108, 1))
ACCESS: Logout: Hue100/(Hue100)
GAME: Hue100[DC]/(Hue100) Hue100[DC]/(Hue100) is no longer owning mob Hue100(/mob/dead/new_player) (start area (14, 108, 1))
OOC: P1wewe/(P1wewe) "achei as keybinds!" (start area (14, 108, 1))
OOC: Niconato/(Niconato) "qualquer um para mim esta bem" (start area (14, 108, 1))
OOC: P1wewe/(P1wewe) "pra quem quer keybinds, ta no canto superior esquerdo da criação de persona" (start area (14, 108, 1))
OOC: Jesse mller/(Jesse mller) "onde?" (start area (14, 108, 1))
OOC: Niconato/(Niconato) "achou?" (start area (14, 108, 1))
OOC: Niconato/(Niconato) "vou de aventuleiro" (start area (14, 108, 1))
OOC: TheGodGuy/(TheGodGuy) "O que acharam do code?" (start area (14, 108, 1))
OOC: P1wewe/(P1wewe) "muito foda, sei de nada, mas muito foda" (start area (14, 108, 1))
OOC: Niconato/(Niconato) "confuso" (start area (14, 108, 1))
OOC: TheGodGuy/(TheGodGuy) "Ele é medieval e é igualzinho o farweb" (start area (14, 108, 1))
OOC: Jesse mller/(Jesse mller) "meio dificil" (start area (14, 108, 1))
OOC: Jesse mller/(Jesse mller) "ainda mais pra min que na ojogo ss13 a 5 anos" (start area (14, 108, 1))
OOC: Niconato/(Niconato) "acho q hingpop ele é bom" (start area (14, 108, 1))
OOC: TheGodGuy/(TheGodGuy) "Ele é o farweb" (start area (14, 108, 1))
OOC: TheGodGuy/(TheGodGuy) "No caso." (start area (14, 108, 1))
OOC: TheGodGuy/(TheGodGuy) "Mas ele é mais atualizado." (start area (14, 108, 1))
OOC: TheGodGuy/(TheGodGuy) "Tentei várias vezes o farweb" (start area (14, 108, 1))
OOC: TheGodGuy/(TheGodGuy) "Mas não consigo." (start area (14, 108, 1))
ACCESS: Logout: Jesse mller/(Jesse mller)
GAME: Jesse mller[DC]/(Jesse mller) Jesse mller[DC]/(Jesse mller) is no longer owning mob Jesse mller(/mob/dead/new_player) (start area (14, 108, 1))
OOC: TheGodGuy/(TheGodGuy) "Ai desiste." (start area (14, 108, 1))
OOC: P1wewe/(P1wewe) "acontece" (start area (14, 108, 1))
OOC: TheGodGuy/(TheGodGuy) "Criaram já o personagem de vocês?" (start area (14, 108, 1))
OOC: P1wewe/(P1wewe) "n pode falar o qm é qm no ooc?" (start area (14, 108, 1))
OOC: TheGodGuy/(TheGodGuy) "Posso começa?" (start area (14, 108, 1))
OOC: P1wewe/(P1wewe) "sim" (start area (14, 108, 1))
ACCESS: Login: Jesse mller from 152.244.35.218-2331870330 || BYOND v515.1636
ACCESS: Mob Login: Jesse mller/(Jesse mller) was assigned to a /mob/dead/new_player
GAME: Jesse mller/(Jesse mller) Client Jesse mller/(Jesse mller) has taken ownership of mob Jesse mller(/mob/dead/new_player) (start area (14, 108, 1))
OOC: TheGodGuy/(TheGodGuy) "ok" (start area (14, 108, 1))
ADMIN: TheGodGuy has started the game.
GAME: GAME SETUP: Divide Occupations success
GAME: GAME SETUP: create characters success
GAME: GAME SETUP: collect minds success
GAME: GAME SETUP: equip characters success
GAME: GAME SETUP: manifest success
GAME: *no key*/(Niconato) *no key*/(Niconato) is no longer owning mob Niconato(/mob/dead/new_player) (start area (14, 108, 1))
ACCESS: Mob Login: Niconato/(Urima) was assigned to a /mob/living/carbon/human
GAME: Niconato/(Urima) Client Niconato/(Urima) has taken ownership of mob (/mob/living/carbon/human) (wilderness (89, 17, 8))
GAME: GAME SETUP: transfer characters success
GAME: GAME SETUP: round start events success
GAME: GAME SETUP: Game start took 0.2s
GAME: GAME SETUP: postsetup success
GAME: *no key*/(TheGodGuy) *no key*/(TheGodGuy) is no longer owning mob TheGodGuy(/mob/dead/new_player) (start area (14, 108, 1))
ACCESS: Mob Login: TheGodGuy/(Aquila) was assigned to a /mob/living/carbon/human
GAME: TheGodGuy/(Aquila) Client TheGodGuy/(Aquila) has taken ownership of mob (/mob/living/carbon/human) (start area (14, 108, 1))
OOC: P1wewe/(P1wewe) "q q é rowner? pessoa normal de cidade?" (start area (14, 108, 1))
OOC: P1wewe/(P1wewe) "towner" (start area (14, 108, 1))
GAME: *no key*/(Jesse mller) *no key*/(Jesse mller) is no longer owning mob Jesse mller(/mob/dead/new_player) (start area (14, 108, 1))
ACCESS: Mob Login: Jesse mller/(Bronden) was assigned to a /mob/living/carbon/human
GAME: Jesse mller/(Bronden) Client Jesse mller/(Bronden) has taken ownership of mob (/mob/living/carbon/human) (start area (14, 108, 1))
GAME: *no key*/(P1wewe) *no key*/(P1wewe) is no longer owning mob P1wewe(/mob/dead/new_player) (start area (14, 108, 1))
ACCESS: Mob Login: P1wewe/(Chloeyaz) was assigned to a /mob/living/carbon/human
GAME: P1wewe/(Chloeyaz) Client P1wewe/(Chloeyaz) has taken ownership of mob (/mob/living/carbon/human) (start area (14, 108, 1))
EMOTE: TheGodGuy/(Aquila) screams in pain! (cave (40, 111, 3))
SAY: TheGodGuy/(Aquila) "AAAA" (cave (40, 111, 3))
SAY: TheGodGuy/(Aquila) "ME AJUDAAAA" (cave (40, 111, 3))
SAY: P1wewe/(Chloeyaz) "opa" (wilderness (83, 43, 8))
SAY: Niconato/(Urima) "opa" (wilderness (83, 45, 8))
ACCESS: Logout: Jesse mller/(Bronden)
GAME: Jesse mller[DC]/(Bronden) Jesse mller[DC]/(Bronden) is no longer owning mob Bronden(/mob/living/carbon/human) (rockhill basin (23, 65, 4))
SAY: P1wewe/(Chloeyaz) "parceria?" (wilderness (83, 43, 8))
SAY: Niconato/(Urima) "achou ,mais alguem?" (wilderness (83, 45, 8))
SAY: Niconato/(Urima) "sim" (wilderness (83, 45, 8))
SAY: P1wewe/(Chloeyaz) "nop" (wilderness (83, 44, 8))
SAY: Niconato/(Urima) "claro" (wilderness (83, 45, 8))
ACCESS: Login: Jesse mller from 152.244.35.218-2331870330 || BYOND v515.1636
ACCESS: Mob Login: Jesse mller/(Bronden) was assigned to a /mob/living/carbon/human
GAME: Z-TRACKING: Bronden has somehow ended up in Z-level 4 despite being registered in Z-level .
EMOTE: P1wewe/(Chloeyaz) laughs. (wilderness (83, 44, 8))
EMOTE: P1wewe/(Chloeyaz) laughs. (wilderness (83, 44, 8))
GAME: Jesse mller/(Bronden) Client Jesse mller/(Bronden) has taken ownership of mob Bronden(/mob/living/carbon/human) (rockhill basin (23, 65, 4))
SAY: Niconato/(Urima) "vamp para omde?" (wilderness (84, 44, 8))
SAY: P1wewe/(Chloeyaz) "seguir a estrada de pedra" (wilderness (83, 44, 8))
SAY: P1wewe/(Chloeyaz) "é um cu andar no mato" (wilderness (83, 44, 8))
SAY: Niconato/(Urima) "ok ok" (wilderness (81, 43, 8))
SAY: P1wewe/(Chloeyaz) "hm" (wilderness (61, 59, 8))
SAY: Niconato/(Urima) "eita" (wilderness (50, 75, 8))
EMOTE: TheGodGuy/(Aquila) screams in pain! (rockhill basin (12, 110, 4))
EMOTE: TheGodGuy/(Aquila) screams in pain! (rockhill basin (12, 109, 4))
GAME: TheGodGuy/(Aquila) has gained antag datum Zombie(/datum/antagonist/zombie)
SAY: P1wewe/(Chloeyaz) "EI!!" (wilderness (65, 75, 8))
SAY: P1wewe/(Chloeyaz) "CADE VOCÊ!!" (wilderness (53, 77, 8))
ADMIN: TheGodGuy/(Aquila) toggled respawn to Off.
ADMIN: TheGodGuy/(Aquila) toggled respawn to On.
SAY: Niconato/(Urima) "opa" (wilderness (74, 96, 8))
SAY: Niconato/(Urima) "achei uma chave" (wilderness (74, 96, 8))
SAY: P1wewe/(Chloeyaz) "eita" (wilderness (74, 100, 8))
SAY: P1wewe/(Chloeyaz) "achei uma tambem" (wilderness (74, 100, 8))
GAME: TheGodGuy/(Aquila) respawned from underworld
GAME: *no key*/(Aquila) *no key*/(Aquila) is no longer owning mob Unknown(/mob/living/carbon/human) (rockhill basin (12, 106, 4))
ACCESS: Mob Login: TheGodGuy/(new player) was assigned to a /mob/dead/new_player
GAME: TheGodGuy/(new player) Client TheGodGuy/(new player) has taken ownership of mob the new player(/mob/dead/new_player) (start area (14, 108, 1))
SAY: Niconato/(Urima) "a sua é doq?" (wilderness (74, 99, 8))
SAY: P1wewe/(Chloeyaz) "só vleha" (wilderness (74, 100, 8))
GAME: *no key*/(new player) *no key*/(new player) is no longer owning mob the new player(/mob/dead/new_player) (start area (14, 108, 1))
ACCESS: Mob Login: TheGodGuy/(Jonathan) was assigned to a /mob/living/carbon/human
GAME: TheGodGuy/(Jonathan) Client TheGodGuy/(Jonathan) has taken ownership of mob (/mob/living/carbon/human) (start area (14, 108, 1))
SAY: Niconato/(Urima) "sabe fazer uma fogueira?" (wilderness (74, 99, 8))
SAY: P1wewe/(Chloeyaz) "tem uma ali" (wilderness (75, 99, 8))
SAY: P1wewe/(Chloeyaz) "hm" (wilderness (53, 76, 8))
SAY: P1wewe/(Chloeyaz) "aqui" (wilderness (62, 72, 8))
SAY: P1wewe/(Chloeyaz) "vou pegar agua" (wilderness (65, 73, 8))
SAY: Niconato/(Urima) "bora trase a comida para ca" (wilderness (67, 75, 8))
SAY: P1wewe/(Chloeyaz) "ok" (wilderness (65, 73, 8))
SAY: P1wewe/(Chloeyaz) "ja vou" (wilderness (65, 73, 8))
ACCESS: Logout: Jesse mller/(Bronden)
GAME: Jesse mller[DC]/(Bronden) Jesse mller[DC]/(Bronden) is no longer owning mob Bronden(/mob/living/carbon/human) (indoors rt (22, 71, 4))
EMOTE: Niconato/(Urima) smiles. (wilderness (74, 100, 8))
SAY: *no key*/(black cat) "Esp!" FORCED by poly (indoors rt (58, 42, 1))
EMOTE: Jesse mller[DC]/(Bronden) snores. (indoors rt (22, 71, 4))
SAY: P1wewe/(Chloeyaz) "opa" (wilderness (75, 99, 8))
EMOTE: Jesse mller[DC]/(Bronden) snores. (indoors rt (22, 71, 4))
SAY: Niconato/(Urima) "como puxa?" (wilderness (74, 100, 8))
EMOTE: Jesse mller[DC]/(Bronden) snores. (indoors rt (22, 71, 4))
EMOTE: Jesse mller[DC]/(Bronden) snores. (indoors rt (22, 71, 4))
SAY: P1wewe/(Chloeyaz) "só grab uai" (wilderness (74, 99, 8))
SAY: P1wewe/(Chloeyaz) "aqui" (wilderness (75, 93, 8))
SAY: P1wewe/(Chloeyaz) "aqui" (wilderness (74, 92, 8))
EMOTE: Jesse mller[DC]/(Bronden) snores. (indoors rt (22, 71, 4))
EMOTE: Jesse mller[DC]/(Bronden) snores. (indoors rt (22, 71, 4))
EMOTE: Jesse mller[DC]/(Bronden) snores. (indoors rt (22, 71, 4))
SAY: P1wewe/(Chloeyaz) "ipo" (wilderness (65, 76, 8))
SAY: P1wewe/(Chloeyaz) "tipo" (wilderness (65, 76, 8))
SAY: P1wewe/(Chloeyaz) "não sei se a agua ta limpa" (wilderness (65, 76, 8))
EMOTE: Jesse mller[DC]/(Bronden) snores. (indoors rt (22, 71, 4))
SAY: Niconato/(Urima) "vamo na fe" (indoors rt (65, 79, 8))
EMOTE: Jesse mller[DC]/(Bronden) snores. (indoors rt (22, 71, 4))
EMOTE: Jesse mller[DC]/(Bronden) snores. (indoors rt (22, 71, 4))
SAY: Niconato/(Urima) "ta dificil beber" (indoors rt (66, 79, 8))
EMOTE: Jesse mller[DC]/(Bronden) snores. (indoors rt (22, 71, 4))
SAY: Niconato/(Urima) "hahahahha" (indoors rt (66, 79, 8))
EMOTE: Jesse mller[DC]/(Bronden) snores. (indoors rt (22, 71, 4))
EMOTE: Jesse mller[DC]/(Bronden) snores. (indoors rt (22, 71, 4))
SAY: P1wewe/(Chloeyaz) "ahm" (indoors rt (67, 80, 8))
SAY: P1wewe/(Chloeyaz) "como vou dizer" (indoors rt (67, 80, 8))
SAY: Niconato/(Urima) "oq?" (indoors rt (66, 79, 8))
EMOTE: Jesse mller[DC]/(Bronden) snores. (indoors rt (22, 71, 4))
EMOTE: Jesse mller[DC]/(Bronden) snores. (indoors rt (22, 71, 4))
SAY: P1wewe/(Chloeyaz) "clica em feed" (indoors rt (67, 80, 8))
SAY: P1wewe/(Chloeyaz) "e dai em você" (indoors rt (67, 80, 8))
SAY: Niconato/(Urima) "foi valeu" (indoors rt (66, 79, 8))
SAY: P1wewe/(Chloeyaz) "fome" (indoors rt (67, 78, 8))
EMOTE: Jesse mller[DC]/(Bronden) snores. (indoors rt (22, 71, 4))
SAY: P1wewe/(Chloeyaz) "sabe cozinhar?" (indoors rt (66, 78, 8))
EMOTE: Jesse mller[DC]/(Bronden) snores. (indoors rt (22, 71, 4))
SAY: Niconato/(Urima) "sem minima ideia" (wilderness (65, 75, 8))
EMOTE: Jesse mller[DC]/(Bronden) snores. (indoors rt (22, 71, 4))
EMOTE: Jesse mller[DC]/(Bronden) snores. (indoors rt (22, 71, 4))
EMOTE: Jesse mller[DC]/(Bronden) snores. (indoors rt (22, 71, 4))
SAY: P1wewe/(Chloeyaz) "vou ver la em cima" (wilderness (67, 75, 8))
SAY: Niconato/(Urima) "ok ok" (wilderness (66, 74, 8))
EMOTE: Jesse mller[DC]/(Bronden) snores. (indoors rt (22, 71, 4))
EMOTE: Jesse mller[DC]/(Bronden) snores. (indoors rt (22, 71, 4))
EMOTE: Jesse mller[DC]/(Bronden) snores. (indoors rt (22, 71, 4))
ACCESS: Logout: TheGodGuy/(Jonathan)
GAME: TheGodGuy[DC]/(Jonathan) TheGodGuy[DC]/(Jonathan) is no longer owning mob Jonathan(/mob/living/carbon/human) (outdoors (50, 108, 4))
GAME: Niconato/(Urima) splashed (thrown) Water on the floor in indoors rt (66, 80, 8).
EMOTE: Jesse mller[DC]/(Bronden) snores. (indoors rt (22, 71, 4))
EMOTE: Jesse mller[DC]/(Bronden) snores. (indoors rt (22, 71, 4))
EMOTE: Jesse mller[DC]/(Bronden) snores. (indoors rt (22, 71, 4))
EMOTE: Jesse mller[DC]/(Bronden) snores. (indoors rt (22, 71, 4))
EMOTE: Jesse mller[DC]/(Bronden) snores. (indoors rt (22, 71, 4))
SAY: P1wewe/(Chloeyaz) "nada" (wilderness (67, 73, 8))
SAY: Niconato/(Urima) "eita" (wilderness (66, 74, 8))
EMOTE: Jesse mller[DC]/(Bronden) snores. (indoors rt (22, 71, 4))
EMOTE: Jesse mller[DC]/(Bronden) snores. (indoors rt (22, 71, 4))
SAY: P1wewe/(Chloeyaz) "pelo menos não onde olhei" (wilderness (67, 73, 8))
SAY: Niconato/(Urima) "ta tenso" (wilderness (66, 74, 8))
EMOTE: Jesse mller[DC]/(Bronden) snores. (indoors rt (22, 71, 4))
SAY: P1wewe/(Chloeyaz) "o porra" (wilderness (67, 73, 8))
SAY: *no key*/(Inn cat) "Esp!" FORCED by poly (tavern (63, 97, 5))
SAY: Niconato/(Urima) "achou mais alguem nessa cidade morta/" (wilderness (66, 74, 8))
SAY: P1wewe/(Chloeyaz) "nop" (wilderness (70, 79, 8))
EMOTE: Jesse mller[DC]/(Bronden) snores. (indoors rt (22, 71, 4))
EMOTE: Jesse mller[DC]/(Bronden) snores. (indoors rt (22, 71, 4))
EMOTE: Jesse mller[DC]/(Bronden) snores. (indoors rt (22, 71, 4))
SAY: Niconato/(Urima) "parece q isso nao esquenta" (wilderness (66, 74, 8))
EMOTE: Jesse mller[DC]/(Bronden) snores. (indoors rt (22, 71, 4))
EMOTE: TheGodGuy[DC]/(Jonathan) snores. (outdoors (50, 108, 4))
SAY: P1wewe/(Chloeyaz) "puts" (wilderness (69, 74, 8))
SAY: P1wewe/(Chloeyaz) "perdi o galho" (wilderness (69, 74, 8))
EMOTE: Jesse mller[DC]/(Bronden) snores. (indoors rt (22, 71, 4))
EMOTE: Jesse mller[DC]/(Bronden) snores. (indoors rt (22, 71, 4))
SAY: Niconato/(Urima) "hahah" (wilderness (66, 74, 8))
EMOTE: Jesse mller[DC]/(Bronden) snores. (indoors rt (22, 71, 4))
EMOTE: TheGodGuy[DC]/(Jonathan) snores. (outdoors (50, 108, 4))
EMOTE: TheGodGuy[DC]/(Jonathan) snores. (outdoors (50, 108, 4))
EMOTE: Jesse mller[DC]/(Bronden) snores. (indoors rt (22, 71, 4))
SAY: Niconato/(Urima) "parece q nao frita" (wilderness (66, 74, 8))
SAY: P1wewe/(Chloeyaz) "eita" (wilderness (67, 73, 8))
EMOTE: TheGodGuy[DC]/(Jonathan) snores. (outdoors (50, 108, 4))
EMOTE: Jesse mller[DC]/(Bronden) snores. (indoors rt (22, 71, 4))
SAY: P1wewe/(Chloeyaz) "CONSEGUI!!" (wilderness (66, 73, 8))
EMOTE: Jesse mller[DC]/(Bronden) snores. (indoors rt (22, 71, 4))
EMOTE: P1wewe/(Chloeyaz) laughs. (wilderness (67, 73, 8))
SAY: Niconato/(Urima) "COMO?????" (wilderness (65, 74, 8))
EMOTE: TheGodGuy[DC]/(Jonathan) snores. (outdoors (50, 108, 4))
EMOTE: Jesse mller[DC]/(Bronden) snores. (indoors rt (22, 71, 4))
SAY: P1wewe/(Chloeyaz) "é tipo alimentar a fogueira" (wilderness (66, 75, 8))
EMOTE: TheGodGuy[DC]/(Jonathan) snores. (outdoors (50, 108, 4))
EMOTE: Jesse mller[DC]/(Bronden) snores. (indoors rt (22, 71, 4))
EMOTE: TheGodGuy[DC]/(Jonathan) snores. (outdoors (50, 108, 4))
SAY: P1wewe/(Chloeyaz) "ah" (wilderness (66, 75, 8))
SAY: P1wewe/(Chloeyaz) "tem que ser filé" (wilderness (66, 75, 8))
SAY: P1wewe/(Chloeyaz) "eu acho" (wilderness (66, 75, 8))
SAY: Niconato/(Urima) "a" (wilderness (68, 75, 8))
EMOTE: Jesse mller[DC]/(Bronden) snores. (indoors rt (22, 71, 4))
EMOTE: Jesse mller[DC]/(Bronden) snores. (indoors rt (22, 71, 4))
EMOTE: TheGodGuy[DC]/(Jonathan) snores. (outdoors (50, 108, 4))
SAY: P1wewe/(Chloeyaz) "aqui" (wilderness (66, 75, 8))
EMOTE: TheGodGuy[DC]/(Jonathan) snores. (outdoors (50, 108, 4))
SAY: P1wewe/(Chloeyaz) "vem" (wilderness (65, 75, 8))
EMOTE: Jesse mller[DC]/(Bronden) snores. (indoors rt (22, 71, 4))
EMOTE: TheGodGuy[DC]/(Jonathan) snores. (outdoors (50, 108, 4))
EMOTE: TheGodGuy[DC]/(Jonathan) snores. (outdoors (50, 108, 4))
EMOTE: Jesse mller[DC]/(Bronden) snores. (indoors rt (22, 71, 4))
EMOTE: P1wewe/(Chloeyaz) laughs. (indoors rt (64, 82, 8))
EMOTE: TheGodGuy[DC]/(Jonathan) snores. (outdoors (50, 108, 4))
EMOTE: TheGodGuy[DC]/(Jonathan) snores. (outdoors (50, 108, 4))
EMOTE: Niconato/(Urima) smiles. (indoors rt (67, 81, 8))
EMOTE: TheGodGuy[DC]/(Jonathan) snores. (outdoors (50, 108, 4))
SAY: Niconato/(Urima) "como laimenta a fogqueira?" (wilderness (67, 73, 8))
EMOTE: Jesse mller[DC]/(Bronden) snores. (indoors rt (22, 71, 4))
EMOTE: TheGodGuy[DC]/(Jonathan) snores. (outdoors (50, 108, 4))
EMOTE: Jesse mller[DC]/(Bronden) snores. (indoors rt (22, 71, 4))
EMOTE: TheGodGuy[DC]/(Jonathan) snores. (outdoors (50, 108, 4))
EMOTE: Jesse mller[DC]/(Bronden) snores. (indoors rt (22, 71, 4))
SAY: P1wewe/(Chloeyaz) "é só tar com o frango na mão" (wilderness (67, 75, 8))
EMOTE: Jesse mller[DC]/(Bronden) snores. (indoors rt (22, 71, 4))
EMOTE: TheGodGuy[DC]/(Jonathan) snores. (outdoors (50, 108, 4))
EMOTE: Jesse mller[DC]/(Bronden) snores. (indoors rt (22, 71, 4))
EMOTE: TheGodGuy[DC]/(Jonathan) snores. (outdoors (50, 108, 4))
EMOTE: Jesse mller[DC]/(Bronden) snores. (indoors rt (22, 71, 4))
SAY: Niconato/(Urima) "ta foda" (wilderness (68, 74, 8))
SAY: Niconato/(Urima) "hahahah" (wilderness (68, 74, 8))
EMOTE: TheGodGuy[DC]/(Jonathan) snores. (outdoors (50, 108, 4))
EMOTE: Jesse mller[DC]/(Bronden) snores. (indoors rt (22, 71, 4))
SAY: Niconato/(Urima) "eu cotto os frangos e vc frita" (wilderness (68, 74, 8))
SAY: P1wewe/(Chloeyaz) "ok" (wilderness (67, 75, 8))
EMOTE: Jesse mller[DC]/(Bronden) snores. (indoors rt (22, 71, 4))
SAY: P1wewe/(Chloeyaz) "na verdade" (wilderness (67, 75, 8))
SAY: P1wewe/(Chloeyaz) "eu to satisfeita" (wilderness (67, 75, 8))
SAY: Niconato/(Urima) "boa" (wilderness (65, 75, 8))
EMOTE: TheGodGuy[DC]/(Jonathan) snores. (outdoors (50, 108, 4))
SAY: P1wewe/(Chloeyaz) "acho que só um mata a fome" (wilderness (67, 75, 8))
EMOTE: Jesse mller[DC]/(Bronden) snores. (indoors rt (22, 71, 4))
SAY: Niconato/(Urima) "entao bora descansar" (wilderness (65, 75, 8))
EMOTE: Jesse mller[DC]/(Bronden) snores. (indoors rt (22, 71, 4))
SAY: P1wewe/(Chloeyaz) "hhmm" (indoors rt (64, 82, 8))
EMOTE: Jesse mller[DC]/(Bronden) snores. (indoors rt (22, 71, 4))
SAY: P1wewe/(Chloeyaz) "hora de procurar uma casa" (indoors rt (64, 79, 8))
EMOTE: TheGodGuy[DC]/(Jonathan) snores. (outdoors (50, 108, 4))
SAY: P1wewe/(Chloeyaz) "vai procurando" (wilderness (65, 74, 8))
SAY: P1wewe/(Chloeyaz) "vou guardas as coisa" (wilderness (65, 74, 8))
SAY: Niconato/(Urima) "tem uma perto da fazenda" (wilderness (63, 73, 8))
EMOTE: Jesse mller[DC]/(Bronden) snores. (indoors rt (22, 71, 4))
EMOTE: TheGodGuy[DC]/(Jonathan) snores. (outdoors (50, 108, 4))
EMOTE: Jesse mller[DC]/(Bronden) snores. (indoors rt (22, 71, 4))
EMOTE: TheGodGuy[DC]/(Jonathan) snores. (outdoors (50, 108, 4))
EMOTE: Jesse mller[DC]/(Bronden) snores. (indoors rt (22, 71, 4))
EMOTE: Jesse mller[DC]/(Bronden) snores. (indoors rt (22, 71, 4))
EMOTE: TheGodGuy[DC]/(Jonathan) snores. (outdoors (50, 108, 4))
EMOTE: Jesse mller[DC]/(Bronden) snores. (indoors rt (22, 71, 4))
EMOTE: TheGodGuy[DC]/(Jonathan) snores. (outdoors (50, 108, 4))
EMOTE: Jesse mller[DC]/(Bronden) snores. (indoors rt (22, 71, 4))
EMOTE: TheGodGuy[DC]/(Jonathan) snores. (outdoors (50, 108, 4))
EMOTE: TheGodGuy[DC]/(Jonathan) snores. (outdoors (50, 108, 4))
EMOTE: Jesse mller[DC]/(Bronden) snores. (indoors rt (22, 71, 4))
EMOTE: TheGodGuy[DC]/(Jonathan) snores. (outdoors (50, 108, 4))
EMOTE: Jesse mller[DC]/(Bronden) snores. (indoors rt (22, 71, 4))
EMOTE: Jesse mller[DC]/(Bronden) snores. (indoors rt (22, 71, 4))
SAY: P1wewe/(Chloeyaz) "YES!!" (indoors rt (62, 82, 8))
SAY: P1wewe/(Chloeyaz) "DA PRA TRANCAS!!" (indoors rt (62, 82, 8))
EMOTE: P1wewe/(Chloeyaz) laughs. (indoors rt (62, 82, 8))
EMOTE: Jesse mller[DC]/(Bronden) snores. (indoors rt (22, 71, 4))
EMOTE: Jesse mller[DC]/(Bronden) snores. (indoors rt (22, 71, 4))
EMOTE: P1wewe/(Chloeyaz) laughs. (wilderness (70, 76, 8))
SAY: Niconato/(Urima) "eita" (indoors rt (63, 81, 9))
EMOTE: TheGodGuy[DC]/(Jonathan) snores. (outdoors (50, 108, 4))
EMOTE: TheGodGuy[DC]/(Jonathan) snores. (outdoors (50, 108, 4))
EMOTE: Jesse mller[DC]/(Bronden) snores. (indoors rt (22, 71, 4))
EMOTE: TheGodGuy[DC]/(Jonathan) snores. (outdoors (50, 108, 4))
EMOTE: Jesse mller[DC]/(Bronden) snores. (indoors rt (22, 71, 4))
EMOTE: TheGodGuy[DC]/(Jonathan) snores. (outdoors (50, 108, 4))
EMOTE: Jesse mller[DC]/(Bronden) snores. (indoors rt (22, 71, 4))
EMOTE: TheGodGuy[DC]/(Jonathan) snores. (outdoors (50, 108, 4))
SAY: P1wewe/(Chloeyaz) "CADE VOCÊ!!" (wilderness (63, 91, 8))
EMOTE: Jesse mller[DC]/(Bronden) snores. (indoors rt (22, 71, 4))
EMOTE: TheGodGuy[DC]/(Jonathan) snores. (outdoors (50, 108, 4))
EMOTE: Jesse mller[DC]/(Bronden) snores. (indoors rt (22, 71, 4))
SAY: Niconato/(Urima) "segundo andar!!!" (indoors rt (62, 81, 9))
EMOTE: TheGodGuy[DC]/(Jonathan) snores. (outdoors (50, 108, 4))
EMOTE: P1wewe/(Chloeyaz) screams! (wilderness (62, 90, 8))
EMOTE: Jesse mller[DC]/(Bronden) snores. (indoors rt (22, 71, 4))
SAY: *no key*/(black cat) "Purr!" FORCED by poly (indoors rt (60, 39, 1))
SAY: P1wewe/(Chloeyaz) "URIMA!!" (wilderness (64, 85, 8))
EMOTE: Jesse mller[DC]/(Bronden) snores. (indoors rt (22, 71, 4))
EMOTE: Jesse mller[DC]/(Bronden) snores. (indoors rt (22, 71, 4))
SAY: P1wewe/(Chloeyaz) "URIMA!!" (wilderness (60, 86, 8))
SAY: Niconato/(Urima) "oi!!" (wilderness (68, 90, 8))
SAY: P1wewe/(Chloeyaz) "cade a casa" (wilderness (64, 87, 8))
EMOTE: TheGodGuy[DC]/(Jonathan) snores. (outdoors (50, 108, 4))
SAY: P1wewe/(Chloeyaz) "ah" (indoors rt (63, 94, 8))
EMOTE: TheGodGuy[DC]/(Jonathan) snores. (outdoors (50, 108, 4))
EMOTE: Jesse mller[DC]/(Bronden) snores. (indoors rt (22, 71, 4))
SAY: P1wewe/(Chloeyaz) "não tinha visto" (indoors rt (62, 95, 9))
EMOTE: P1wewe/(Chloeyaz) laughs. (indoors rt (61, 96, 9))
EMOTE: Jesse mller[DC]/(Bronden) snores. (indoors rt (22, 71, 4))
SAY: P1wewe/(Chloeyaz) "ah" (indoors rt (61, 96, 9))
EMOTE: TheGodGuy[DC]/(Jonathan) snores. (outdoors (50, 108, 4))
SAY: Niconato/(Urima) "hahaha" (indoors rt (62, 98, 9))
EMOTE: Jesse mller[DC]/(Bronden) snores. (indoors rt (22, 71, 4))
EMOTE: TheGodGuy[DC]/(Jonathan) snores. (outdoors (50, 108, 4))
SAY: Niconato/(Urima) "o bar tbm tem 2 andar" (indoors rt (61, 98, 9))
EMOTE: Jesse mller[DC]/(Bronden) snores. (indoors rt (22, 71, 4))
SAY: P1wewe/(Chloeyaz) "legal" (indoors rt (61, 97, 9))
SAY: P1wewe/(Chloeyaz) "pera" (indoors rt (62, 95, 9))
SAY: P1wewe/(Chloeyaz) "tambem?" (indoors rt (61, 96, 9))
EMOTE: TheGodGuy[DC]/(Jonathan) snores. (outdoors (50, 108, 4))
SAY: Niconato/(Urima) "sim" (indoors rt (61, 98, 9))
EMOTE: Jesse mller[DC]/(Bronden) snores. (indoors rt (22, 71, 4))
SAY: Niconato/(Urima) "mas esta traancado" (indoors rt (61, 98, 9))
EMOTE: Jesse mller[DC]/(Bronden) snores. (indoors rt (22, 71, 4))
SAY: P1wewe/(Chloeyaz) "onde mais tem dois andares" (indoors rt (61, 96, 9))
SAY: Niconato/(Urima) "vem" (indoors rt (61, 97, 9))
EMOTE: TheGodGuy[DC]/(Jonathan) snores. (outdoors (50, 108, 4))
EMOTE: TheGodGuy[DC]/(Jonathan) snores. (outdoors (50, 108, 4))
EMOTE: Jesse mller[DC]/(Bronden) snores. (indoors rt (22, 71, 4))
EMOTE: TheGodGuy[DC]/(Jonathan) snores. (outdoors (50, 108, 4))
SAY: P1wewe/(Chloeyaz) "ah" (indoors rt (63, 78, 8))
EMOTE: Jesse mller[DC]/(Bronden) snores. (indoors rt (22, 71, 4))
SAY: Niconato/(Urima) "aqui" (indoors rt (62, 81, 9))
SAY: P1wewe/(Chloeyaz) "era" (indoors rt (63, 81, 9))
EMOTE: TheGodGuy[DC]/(Jonathan) snores. (outdoors (50, 108, 4))
SAY: P1wewe/(Chloeyaz) "eu tranquei a cozinha" (indoors rt (63, 81, 9))
EMOTE: TheGodGuy[DC]/(Jonathan) snores. (outdoors (50, 108, 4))
SAY: Niconato/(Urima) "oh" (indoors rt (62, 81, 9))
EMOTE: Jesse mller[DC]/(Bronden) snores. (indoors rt (22, 71, 4))
SAY: P1wewe/(Chloeyaz) "NICE!!" (indoors rt (63, 81, 9))
EMOTE: TheGodGuy[DC]/(Jonathan) snores. (outdoors (50, 108, 4))
EMOTE: P1wewe/(Chloeyaz) laughs. (indoors rt (63, 82, 9))
SAY: Niconato/(Urima) "xonsegue abrir?" (indoors rt (62, 81, 9))
EMOTE: Jesse mller[DC]/(Bronden) snores. (indoors rt (22, 71, 4))
EMOTE: Jesse mller[DC]/(Bronden) snores. (indoors rt (22, 71, 4))
SAY: P1wewe/(Chloeyaz) "TA PORRA" (indoors rt (64, 81, 9))
SAY: Niconato/(Urima) "eita" (indoors rt (65, 81, 9))
EMOTE: Jesse mller[DC]/(Bronden) snores. (indoors rt (22, 71, 4))
SAY: P1wewe/(Chloeyaz) "OLHA" (indoors rt (64, 81, 9))
EMOTE: Jesse mller[DC]/(Bronden) snores. (indoors rt (22, 71, 4))
SAY: Niconato/(Urima) "espadona" (indoors rt (65, 81, 9))
EMOTE: TheGodGuy[DC]/(Jonathan) snores. (outdoors (50, 108, 4))
SAY: P1wewe/(Chloeyaz) "CARALHO!!" (indoors rt (65, 81, 9))
SAY: Niconato/(Urima) "top" (indoors rt (66, 80, 9))
EMOTE: TheGodGuy[DC]/(Jonathan) snores. (outdoors (50, 108, 4))
SAY: Niconato/(Urima) "hahhaha" (indoors rt (66, 80, 9))
SAY: P1wewe/(Chloeyaz) "quer?" (indoors rt (65, 81, 9))
SAY: Niconato/(Urima) "nem" (indoors rt (66, 80, 9))
EMOTE: TheGodGuy[DC]/(Jonathan) snores. (outdoors (50, 108, 4))
EMOTE: Jesse mller[DC]/(Bronden) snores. (indoors rt (22, 71, 4))
SAY: Niconato/(Urima) "nao sou forte" (indoors rt (66, 80, 9))
SAY: P1wewe/(Chloeyaz) "hihi" (indoors rt (65, 82, 9))
EMOTE: TheGodGuy[DC]/(Jonathan) snores. (outdoors (50, 108, 4))
EMOTE: Jesse mller[DC]/(Bronden) snores. (indoors rt (22, 71, 4))
SAY: P1wewe/(Chloeyaz) "que armas você tem?" (indoors rt (65, 82, 9))
EMOTE: Jesse mller[DC]/(Bronden) snores. (indoors rt (22, 71, 4))
SAY: P1wewe/(Chloeyaz) "na verdade" (indoors rt (65, 82, 9))
SAY: P1wewe/(Chloeyaz) "vamo resolver isso depois" (indoors rt (65, 82, 9))
EMOTE: TheGodGuy[DC]/(Jonathan) snores. (outdoors (50, 108, 4))
SAY: Niconato/(Urima) "maça e faca" (indoors rt (65, 79, 9))
SAY: P1wewe/(Chloeyaz) "sono" (indoors rt (65, 82, 9))
EMOTE: TheGodGuy[DC]/(Jonathan) snores. (outdoors (50, 108, 4))
EMOTE: Jesse mller[DC]/(Bronden) snores. (indoors rt (22, 71, 4))
EMOTE: TheGodGuy[DC]/(Jonathan) snores. (outdoors (50, 108, 4))
EMOTE: TheGodGuy[DC]/(Jonathan) snores. (outdoors (50, 108, 4))
EMOTE: Jesse mller[DC]/(Bronden) snores. (indoors rt (22, 71, 4))
SAY: Niconato/(Urima) "abre" (indoors rt (63, 81, 9))
EMOTE: Jesse mller[DC]/(Bronden) snores. (indoors rt (22, 71, 4))
EMOTE: TheGodGuy[DC]/(Jonathan) snores. (outdoors (50, 108, 4))
EMOTE: Jesse mller[DC]/(Bronden) snores. (indoors rt (22, 71, 4))
SAY: P1wewe/(Chloeyaz) "hm" (indoors rt (59, 81, 9))
EMOTE: Jesse mller[DC]/(Bronden) snores. (indoors rt (22, 71, 4))
EMOTE: TheGodGuy[DC]/(Jonathan) snores. (outdoors (50, 108, 4))
EMOTE: Jesse mller[DC]/(Bronden) snores. (indoors rt (22, 71, 4))
EMOTE: TheGodGuy[DC]/(Jonathan) snores. (outdoors (50, 108, 4))
EMOTE: Jesse mller[DC]/(Bronden) snores. (indoors rt (22, 71, 4))
EMOTE: TheGodGuy[DC]/(Jonathan) snores. (outdoors (50, 108, 4))
EMOTE: Jesse mller[DC]/(Bronden) snores. (indoors rt (22, 71, 4))
EMOTE: TheGodGuy[DC]/(Jonathan) snores. (outdoors (50, 108, 4))
EMOTE: Jesse mller[DC]/(Bronden) snores. (indoors rt (22, 71, 4))
EMOTE: TheGodGuy[DC]/(Jonathan) snores. (outdoors (50, 108, 4))
SAY: *no key*/(chick) "Cherp?" FORCED by poly (wilderness (67, 100, 8))
SAY: Niconato/(Urima) "cama boa" (indoors rt (59, 79, 9))
EMOTE: TheGodGuy[DC]/(Jonathan) snores. (outdoors (50, 108, 4))
EMOTE: Jesse mller[DC]/(Bronden) snores. (indoors rt (22, 71, 4))
SAY: Niconato/(Urima) "macia e grand" (indoors rt (59, 79, 9))
EMOTE: Jesse mller[DC]/(Bronden) snores. (indoors rt (22, 71, 4))
EMOTE: TheGodGuy[DC]/(Jonathan) snores. (outdoors (50, 108, 4))
EMOTE: Jesse mller[DC]/(Bronden) snores. (indoors rt (22, 71, 4))
EMOTE: Jesse mller[DC]/(Bronden) snores. (indoors rt (22, 71, 4))
EMOTE: TheGodGuy[DC]/(Jonathan) snores. (outdoors (50, 108, 4))
SAY: P1wewe/(Chloeyaz) "ah" (indoors rt (58, 81, 9))
SAY: *no key*/(chick) "Cheep!" FORCED by poly (wilderness (69, 99, 8))
SAY: Niconato/(Urima) "oq?" (indoors rt (59, 79, 9))
EMOTE: TheGodGuy[DC]/(Jonathan) snores. (outdoors (50, 108, 4))
EMOTE: Jesse mller[DC]/(Bronden) snores. (indoors rt (22, 71, 4))
SAY: P1wewe/(Chloeyaz) "chegou o dia" (indoors rt (59, 81, 9))
EMOTE: TheGodGuy[DC]/(Jonathan) snores. (outdoors (50, 108, 4))
SAY: P1wewe/(Chloeyaz) "não to afim de bagunçar meu horario de sono" (indoors rt (60, 81, 9))
EMOTE: TheGodGuy[DC]/(Jonathan) snores. (outdoors (50, 108, 4))
SAY: Niconato/(Urima) "porra" (indoors rt (59, 79, 9))
SAY: P1wewe/(Chloeyaz) "relaxa" (indoors rt (60, 81, 9))
SAY: Niconato/(Urima) "to preso na cama" (indoors rt (59, 79, 9))
EMOTE: Jesse mller[DC]/(Bronden) snores. (indoors rt (22, 71, 4))
SAY: P1wewe/(Chloeyaz) "a gente ta muito bem" (indoors rt (60, 81, 9))
EMOTE: TheGodGuy[DC]/(Jonathan) snores. (outdoors (50, 108, 4))
SAY: Niconato/(Urima) "hahahah" (indoors rt (59, 79, 9))
EMOTE: TheGodGuy[DC]/(Jonathan) snores. (outdoors (50, 108, 4))
EMOTE: TheGodGuy[DC]/(Jonathan) snores. (outdoors (50, 108, 4))
EMOTE: Jesse mller[DC]/(Bronden) snores. (indoors rt (22, 71, 4))
SAY: Niconato/(Urima) "foi" (indoors rt (59, 81, 9))
SAY: Niconato/(Urima) "bora" (indoors rt (59, 81, 9))
SAY: P1wewe/(Chloeyaz) "bem" (indoors rt (65, 79, 8))
EMOTE: *no key*/(chicken) smiles. (wilderness (66, 97, 8))
EMOTE: *no key*/(chicken) smiles. (wilderness (71, 98, 8))
EMOTE: TheGodGuy[DC]/(Jonathan) snores. (outdoors (50, 108, 4))
SAY: Niconato/(Urima) "bem?" (wilderness (63, 73, 8))
SAY: P1wewe/(Chloeyaz) "o que você tem" (wilderness (67, 75, 8))
EMOTE: Jesse mller[DC]/(Bronden) snores. (indoors rt (22, 71, 4))
SAY: P1wewe/(Chloeyaz) "eu tenho uma espada" (wilderness (67, 75, 8))
EMOTE: TheGodGuy[DC]/(Jonathan) snores. (outdoors (50, 108, 4))
SAY: P1wewe/(Chloeyaz) "crosbow" (wilderness (67, 75, 8))
SAY: *no key*/(black cat) "Esp!" FORCED by poly (indoors rt (58, 37, 1))
EMOTE: TheGodGuy[DC]/(Jonathan) snores. (outdoors (50, 108, 4))
EMOTE: Jesse mller[DC]/(Bronden) snores. (indoors rt (22, 71, 4))
SAY: Niconato/(Urima) "eu uma maça e uma faca" (wilderness (65, 75, 8))
SAY: P1wewe/(Chloeyaz) "chave e grana" (wilderness (67, 75, 8))
EMOTE: *no key*/(chicken) smiles. (wilderness (67, 98, 8))
EMOTE: TheGodGuy[DC]/(Jonathan) snores. (outdoors (50, 108, 4))
EMOTE: Jesse mller[DC]/(Bronden) snores. (indoors rt (22, 71, 4))
SAY: *no key*/(black cat) "Meow!" FORCED by poly (indoors rt (58, 37, 1))
EMOTE: Jesse mller[DC]/(Bronden) snores. (indoors rt (22, 71, 4))
SAY: Niconato/(Urima) "e um frango cozido" (wilderness (66, 74, 8))
EMOTE: Jesse mller[DC]/(Bronden) snores. (indoors rt (22, 71, 4))
SAY: Niconato/(Urima) "so isso" (wilderness (66, 74, 8))
EMOTE: TheGodGuy[DC]/(Jonathan) snores. (outdoors (50, 108, 4))
EMOTE: Jesse mller[DC]/(Bronden) snores. (indoors rt (22, 71, 4))
EMOTE: TheGodGuy[DC]/(Jonathan) snores. (outdoors (50, 108, 4))
SAY: P1wewe/(Chloeyaz) "hhmm" (wilderness (67, 75, 8))
EMOTE: Jesse mller[DC]/(Bronden) snores. (indoors rt (22, 71, 4))
EMOTE: TheGodGuy[DC]/(Jonathan) snores. (outdoors (50, 108, 4))
SAY: *no key*/(black cat) "Esp!" FORCED by poly (indoors rt (58, 37, 1))
SAY: P1wewe/(Chloeyaz) "olha suas mochilas" (wilderness (67, 75, 8))
EMOTE: TheGodGuy[DC]/(Jonathan) snores. (outdoors (50, 108, 4))
EMOTE: Jesse mller[DC]/(Bronden) snores. (indoors rt (22, 71, 4))
SAY: P1wewe/(Chloeyaz) "tipo o cinto" (wilderness (67, 75, 8))
SAY: Niconato/(Urima) "so coloquei um frango la" (wilderness (66, 74, 8))
SAY: P1wewe/(Chloeyaz) "ah" (wilderness (67, 75, 8))
SAY: Niconato/(Urima) "hahaha" (wilderness (66, 74, 8))
EMOTE: Jesse mller[DC]/(Bronden) snores. (indoors rt (22, 71, 4))
EMOTE: TheGodGuy[DC]/(Jonathan) snores. (outdoors (50, 108, 4))
SAY: Niconato/(Urima) "vamo para cidade?" (wilderness (66, 74, 8))
EMOTE: TheGodGuy[DC]/(Jonathan) snores. (outdoors (50, 108, 4))
EMOTE: TheGodGuy[DC]/(Jonathan) snores. (outdoors (50, 108, 4))
EMOTE: Jesse mller[DC]/(Bronden) snores. (indoors rt (22, 71, 4))
SAY: P1wewe/(Chloeyaz) "sabe onde fica?" (wilderness (67, 75, 8))
EMOTE: Jesse mller[DC]/(Bronden) snores. (indoors rt (22, 71, 4))
SAY: Niconato/(Urima) "acho q sim" (wilderness (66, 74, 8))
EMOTE: TheGodGuy[DC]/(Jonathan) snores. (outdoors (50, 108, 4))
SAY: Niconato/(Urima) "vem" (wilderness (64, 74, 8))
SAY: P1wewe/(Chloeyaz) "não quer levar nada?" (wilderness (67, 75, 8))
EMOTE: TheGodGuy[DC]/(Jonathan) snores. (outdoors (50, 108, 4))
SAY: Niconato/(Urima) "nem[" (wilderness (64, 74, 8))
EMOTE: Jesse mller[DC]/(Bronden) snores. (indoors rt (22, 71, 4))
EMOTE: TheGodGuy[DC]/(Jonathan) snores. (outdoors (50, 108, 4))
SAY: Niconato/(Urima) "é perto" (wilderness (64, 74, 8))
EMOTE: TheGodGuy[DC]/(Jonathan) snores. (outdoors (50, 108, 4))
EMOTE: Jesse mller[DC]/(Bronden) snores. (indoors rt (22, 71, 4))
SAY: Niconato/(Urima) "eu avho..." (wilderness (64, 74, 8))
SAY: P1wewe/(Chloeyaz) "vo só cozinha o frango" (wilderness (67, 75, 8))
EMOTE: TheGodGuy[DC]/(Jonathan) snores. (outdoors (50, 108, 4))
EMOTE: Jesse mller[DC]/(Bronden) snores. (indoors rt (22, 71, 4))
SAY: Niconato/(Urima) "ok ok" (wilderness (64, 74, 8))
EMOTE: TheGodGuy[DC]/(Jonathan) snores. (outdoors (50, 108, 4))
SAY: Niconato/(Urima) "vou ir verificar p caminho" (wilderness (64, 74, 8))
SAY: P1wewe/(Chloeyaz) "só não morre" (wilderness (67, 73, 8))
EMOTE: Jesse mller[DC]/(Bronden) snores. (indoors rt (22, 71, 4))
EMOTE: Jesse mller[DC]/(Bronden) snores. (indoors rt (22, 71, 4))
SAY: P1wewe/(Chloeyaz) "tenso" (wilderness (67, 73, 8))
SAY: P1wewe/(Chloeyaz) "sis" (wilderness (67, 73, 8))
ACCESS: Login: TheGodGuy from 127.0.0.1-2234830288 || BYOND v515.1636
ACCESS: Mob Login: TheGodGuy/(Jonathan) was assigned to a /mob/living/carbon/human
GAME: Z-TRACKING: Jonathan has somehow ended up in Z-level 4 despite being registered in Z-level .
EMOTE: Jesse mller[DC]/(Bronden) snores. (indoors rt (22, 71, 4))
GAME: TheGodGuy/(Jonathan) Client TheGodGuy/(Jonathan) has taken ownership of mob Jonathan(/mob/living/carbon/human) (outdoors (50, 108, 4))
EMOTE: TheGodGuy/(Jonathan) snores. (outdoors (50, 108, 4))
EMOTE: Jesse mller[DC]/(Bronden) snores. (indoors rt (22, 71, 4))
EMOTE: Jesse mller[DC]/(Bronden) snores. (indoors rt (22, 71, 4))
EMOTE: Jesse mller[DC]/(Bronden) snores. (indoors rt (22, 71, 4))
EMOTE: Jesse mller[DC]/(Bronden) snores. (indoors rt (22, 71, 4))
EMOTE: Jesse mller[DC]/(Bronden) snores. (indoors rt (22, 71, 4))
EMOTE: Jesse mller[DC]/(Bronden) snores. (indoors rt (22, 71, 4))
SAY: Niconato/(Urima) "nao achei a cidade" (wilderness (66, 74, 8))
SAY: P1wewe/(Chloeyaz) "eita" (wilderness (67, 73, 8))
EMOTE: Jesse mller[DC]/(Bronden) snores. (indoors rt (22, 71, 4))
SAY: P1wewe/(Chloeyaz) "nem tinha te visto" (wilderness (67, 73, 8))
EMOTE: Jesse mller[DC]/(Bronden) snores. (indoors rt (22, 71, 4))
SAY: Niconato/(Urima) "hahahha" (wilderness (66, 74, 8))
SAY: *no key*/(black cat) "Purr!" FORCED by poly (indoors rt (61, 38, 1))
SAY: P1wewe/(Chloeyaz) "quer dormir antes?" (wilderness (67, 73, 8))
EMOTE: Jesse mller[DC]/(Bronden) snores. (indoors rt (22, 71, 4))
SAY: Niconato/(Urima) "mehlor" (wilderness (66, 74, 8))
EMOTE: Jesse mller[DC]/(Bronden) snores. (indoors rt (22, 71, 4))
EMOTE: Jesse mller[DC]/(Bronden) snores. (indoors rt (22, 71, 4))
EMOTE: Jesse mller[DC]/(Bronden) snores. (indoors rt (22, 71, 4))
ACCESS: Logout: TheGodGuy/(Jonathan)
GAME: TheGodGuy[DC]/(Jonathan) TheGodGuy[DC]/(Jonathan) is no longer owning mob Jonathan(/mob/living/carbon/human) (sewer (51, 111, 3))
EMOTE: Jesse mller[DC]/(Bronden) snores. (indoors rt (22, 71, 4))
EMOTE: Jesse mller[DC]/(Bronden) snores. (indoors rt (22, 71, 4))
EMOTE: Jesse mller[DC]/(Bronden) snores. (indoors rt (22, 71, 4))
EMOTE: Jesse mller[DC]/(Bronden) snores. (indoors rt (22, 71, 4))
EMOTE: Jesse mller[DC]/(Bronden) snores. (indoors rt (22, 71, 4))
EMOTE: Jesse mller[DC]/(Bronden) snores. (indoors rt (22, 71, 4))
EMOTE: Jesse mller[DC]/(Bronden) snores. (indoors rt (22, 71, 4))
EMOTE: P1wewe/(Chloeyaz) snores. (indoors rt (62, 100, 9))
EMOTE: P1wewe/(Chloeyaz) snores. (indoors rt (62, 100, 9))
EMOTE: TheGodGuy[DC]/(Jonathan) gasps out his last breath. (sewer (51, 111, 3))
EMOTE: P1wewe/(Chloeyaz) snores. (indoors rt (62, 100, 9))
EMOTE: Jesse mller[DC]/(Bronden) snores. (indoors rt (22, 71, 4))
EMOTE: P1wewe/(Chloeyaz) snores. (indoors rt (62, 100, 9))
EMOTE: Jesse mller[DC]/(Bronden) snores. (indoors rt (22, 71, 4))
EMOTE: P1wewe/(Chloeyaz) snores. (indoors rt (62, 100, 9))
EMOTE: Jesse mller[DC]/(Bronden) snores. (indoors rt (22, 71, 4))
ACCESS: Login: TheGodGuy from 127.0.0.1-2234830288 || BYOND v515.1636
ACCESS: Mob Login: TheGodGuy/(Jonathan) was assigned to a /mob/living/carbon/human
EMOTE: P1wewe/(Chloeyaz) snores. (indoors rt (62, 100, 9))
GAME: TheGodGuy/(Jonathan) Client TheGodGuy/(Jonathan) has taken ownership of mob Jonathan(/mob/living/carbon/human) (sewer (51, 111, 3))
EMOTE: Jesse mller[DC]/(Bronden) snores. (indoors rt (22, 71, 4))
EMOTE: Jesse mller[DC]/(Bronden) snores. (indoors rt (22, 71, 4))
EMOTE: Niconato/(Urima) whimpers. (indoors rt (59, 79, 9))
EMOTE: Niconato/(Urima) cries. (indoors rt (59, 79, 9))
EMOTE: Niconato/(Urima) shooshes. (indoors rt (59, 79, 9))
EMOTE: Jesse mller[DC]/(Bronden) snores. (indoors rt (22, 71, 4))
SAY: *no key*/(Inn cat) "HSSSSS" FORCED by poly (tavern (58, 96, 5))
SAY: *no key*/(black cat) "HSSSSS" FORCED by poly (indoors rt (60, 39, 1))
EMOTE: Jesse mller[DC]/(Bronden) snores. (indoors rt (22, 71, 4))
EMOTE: P1wewe/(Chloeyaz) snores. (indoors rt (62, 100, 9))
EMOTE: P1wewe/(Chloeyaz) snores. (indoors rt (62, 100, 9))
EMOTE: Jesse mller[DC]/(Bronden) snores. (indoors rt (22, 71, 4))
EMOTE: Jesse mller[DC]/(Bronden) snores. (indoors rt (22, 71, 4))
EMOTE: P1wewe/(Chloeyaz) snores. (indoors rt (62, 100, 9))
EMOTE: P1wewe/(Chloeyaz) snores. (indoors rt (62, 100, 9))
EMOTE: P1wewe/(Chloeyaz) snores. (indoors rt (62, 100, 9))
SAY: *no key*/(Inn cat) "Purr!" FORCED by poly (tavern (58, 96, 5))
EMOTE: Jesse mller[DC]/(Bronden) snores. (indoors rt (22, 71, 4))
EMOTE: Jesse mller[DC]/(Bronden) snores. (indoors rt (22, 71, 4))
EMOTE: P1wewe/(Chloeyaz) snores. (indoors rt (62, 100, 9))
EMOTE: Jesse mller[DC]/(Bronden) snores. (indoors rt (22, 71, 4))
EMOTE: Jesse mller[DC]/(Bronden) snores. (indoors rt (22, 71, 4))
EMOTE: Jesse mller[DC]/(Bronden) snores. (indoors rt (22, 71, 4))
EMOTE: P1wewe/(Chloeyaz) snores. (indoors rt (62, 100, 9))
EMOTE: Jesse mller[DC]/(Bronden) snores. (indoors rt (22, 71, 4))
EMOTE: P1wewe/(Chloeyaz) snores. (indoors rt (62, 100, 9))
SAY: Niconato/(Urima) "CADE TU!!!!" (wilderness (65, 75, 8))
EMOTE: P1wewe/(Chloeyaz) snores. (indoors rt (62, 100, 9))
EMOTE: Jesse mller[DC]/(Bronden) snores. (indoors rt (22, 71, 4))
EMOTE: P1wewe/(Chloeyaz) snores. (indoors rt (62, 100, 9))
EMOTE: Jesse mller[DC]/(Bronden) snores. (indoors rt (22, 71, 4))
EMOTE: Jesse mller[DC]/(Bronden) snores. (indoors rt (22, 71, 4))
EMOTE: Jesse mller[DC]/(Bronden) snores. (indoors rt (22, 71, 4))
EMOTE: Jesse mller[DC]/(Bronden) snores. (indoors rt (22, 71, 4))
SAY: P1wewe/(Chloeyaz) "opa" (wilderness (71, 76, 8))
SAY: Niconato/(Urima) "opa" (wilderness (67, 75, 8))
SAY: P1wewe/(Chloeyaz) "puts" (wilderness (68, 74, 8))
EMOTE: Jesse mller[DC]/(Bronden) snores. (indoors rt (22, 71, 4))
SAY: Niconato/(Urima) "oq?" (wilderness (67, 75, 8))
SAY: P1wewe/(Chloeyaz) "meu frango estrago" (wilderness (68, 74, 8))
EMOTE: Jesse mller[DC]/(Bronden) snores. (indoors rt (22, 71, 4))
SAY: Niconato/(Urima) "o meu tbm hahahha" (wilderness (67, 75, 8))
EMOTE: P1wewe/(Chloeyaz) cries. (wilderness (68, 74, 8))
EMOTE: Niconato/(Urima) cries. (wilderness (67, 75, 8))
EMOTE: Jesse mller[DC]/(Bronden) snores. (indoors rt (22, 71, 4))
SAY: Niconato/(Urima) "bora jviajar?" (wilderness (69, 74, 8))
SAY: P1wewe/(Chloeyaz) "bora" (wilderness (68, 74, 8))
SAY: P1wewe/(Chloeyaz) "pera" (wilderness (64, 73, 8))
EMOTE: Jesse mller[DC]/(Bronden) snores. (indoors rt (22, 71, 4))
SAY: P1wewe/(Chloeyaz) "bora" (wilderness (66, 75, 8))
EMOTE: Jesse mller[DC]/(Bronden) snores. (indoors rt (22, 71, 4))
SAY: Niconato/(Urima) "ra chovendp" (wilderness (65, 75, 8))
SAY: P1wewe/(Chloeyaz) "eita" (wilderness (66, 74, 8))
SAY: Niconato/(Urima) "ta chovendo haha" (wilderness (65, 75, 8))
EMOTE: Jesse mller[DC]/(Bronden) snores. (indoors rt (22, 71, 4))
SAY: P1wewe/(Chloeyaz) "porra" (wilderness (66, 74, 8))
EMOTE: Jesse mller[DC]/(Bronden) snores. (indoors rt (22, 71, 4))
EMOTE: Jesse mller[DC]/(Bronden) snores. (indoors rt (22, 71, 4))
EMOTE: Jesse mller[DC]/(Bronden) snores. (indoors rt (22, 71, 4))
SAY: P1wewe/(Chloeyaz) "cacete" (indoors rt (65, 79, 8))
EMOTE: Jesse mller[DC]/(Bronden) snores. (indoors rt (22, 71, 4))
SAY: Niconato/(Urima) "oq?" (indoors rt (65, 78, 8))
SAY: P1wewe/(Chloeyaz) "perdi minha tocha" (indoors rt (65, 79, 8))
SAY: Niconato/(Urima) "como????" (indoors rt (65, 78, 8))
EMOTE: Jesse mller[DC]/(Bronden) snores. (indoors rt (22, 71, 4))
SAY: Niconato/(Urima) "hahah" (indoors rt (65, 78, 8))
SAY: P1wewe/(Chloeyaz) "seila" (indoors rt (64, 78, 8))
SAY: Niconato/(Urima) "olha a bols" (indoors rt (65, 78, 8))
EMOTE: Jesse mller[DC]/(Bronden) snores. (indoors rt (22, 71, 4))
SAY: P1wewe/(Chloeyaz) "sumiu" (indoors rt (64, 79, 8))
SAY: Niconato/(Urima) "bolsa" (indoors rt (66, 78, 8))
SAY: Niconato/(Urima) "ou o cinto" (indoors rt (66, 78, 8))
EMOTE: Jesse mller[DC]/(Bronden) snores. (indoors rt (22, 71, 4))
SAY: Niconato/(Urima) "ta ai?" (indoors rt (66, 78, 8))
EMOTE: Jesse mller[DC]/(Bronden) snores. (indoors rt (22, 71, 4))
SAY: P1wewe/(Chloeyaz) "nop" (indoors rt (64, 79, 8))
SAY: Niconato/(Urima) "eita" (indoors rt (67, 80, 8))
SAY: P1wewe/(Chloeyaz) "quer agua?" (indoors rt (59, 82, 8))
SAY: Niconato/(Urima) "tentar esquentar no forno" (indoors rt (61, 82, 8))
SAY: Niconato/(Urima) "sim" (indoors rt (61, 82, 8))
SAY: P1wewe/(Chloeyaz) "vo pega" (indoors rt (59, 83, 8))
EMOTE: Jesse mller[DC]/(Bronden) snores. (indoors rt (22, 71, 4))
GAME: *no key*/(Jonathan) *no key*/(Jonathan) is no longer owning mob Jonathan(/mob/living/carbon/human) (sewer (51, 111, 3))
ACCESS: Mob Login: TheGodGuy/(Jonathan) was assigned to a /mob/dead/observer/rogue
GAME: TheGodGuy/(Jonathan) Client TheGodGuy/(Jonathan) has taken ownership of mob Jonathan(/mob/dead/observer/rogue) (sewer (51, 111, 3))
GAME: *no key*/(Jonathan) *no key*/(Jonathan) is no longer owning mob Jonathan(/mob/dead/observer/rogue) (sewer (50, 132, 3))
ACCESS: Mob Login: thegodguy/(Sorrowful) was assigned to a /mob/living/carbon/spirit
GAME: thegodguy/(Sorrowful) Client thegodguy/(Sorrowful) has taken ownership of mob Sorrowful(/mob/living/carbon/spirit) (underworld (62, 110, 11))
EMOTE: Jesse mller[DC]/(Bronden) snores. (indoors rt (22, 71, 4))
EMOTE: Jesse mller[DC]/(Bronden) snores. (indoors rt (22, 71, 4))
EMOTE: Jesse mller[DC]/(Bronden) snores. (indoors rt (22, 71, 4))
SAY: *no key*/(Inn cat) "HSSSSS" FORCED by poly (tavern (59, 94, 5))
EMOTE: Jesse mller[DC]/(Bronden) snores. (indoors rt (22, 71, 4))
ADMIN: thegodguy/(Sorrowful) failed to create traitors.
SAY: Niconato/(Urima) "como enche?" (wilderness (65, 75, 8))
SAY: *no key*/(Inn cat) "HSSSSS" FORCED by poly (tavern (59, 94, 5))
EMOTE: Jesse mller[DC]/(Bronden) snores. (indoors rt (22, 71, 4))
EMOTE: Jesse mller[DC]/(Bronden) snores. (indoors rt (22, 71, 4))
EMOTE: Jesse mller[DC]/(Bronden) snores. (indoors rt (22, 71, 4))
GAME: thegodguy/(Sorrowful) respawned from underworld
GAME: *no key*/(Sorrowful) *no key*/(Sorrowful) is no longer owning mob Sorrowful(/mob/living/carbon/spirit) (underworld (54, 112, 11))
ACCESS: Mob Login: thegodguy/(new player) was assigned to a /mob/dead/new_player
GAME: thegodguy/(new player) Client thegodguy/(new player) has taken ownership of mob the new player(/mob/dead/new_player) (start area (14, 108, 1))
SAY: Niconato/(Urima) "acabo a chova" (wilderness (65, 75, 8))
SAY: P1wewe/(Chloeyaz) "[finge q é looc, n tanko falar isso em ic kkpra encher é no botão fill]" (wilderness (63, 74, 8))
EMOTE: Jesse mller[DC]/(Bronden) snores. (indoors rt (22, 71, 4))
EMOTE: Jesse mller[DC]/(Bronden) snores. (indoors rt (22, 71, 4))
GAME: *no key*/(new player) *no key*/(new player) is no longer owning mob the new player(/mob/dead/new_player) (start area (14, 108, 1))
ACCESS: Mob Login: thegodguy/(Frank) was assigned to a /mob/living/carbon/human
GAME: thegodguy/(Frank) Client thegodguy/(Frank) has taken ownership of mob (/mob/living/carbon/human) (start area (14, 108, 1))
EMOTE: Jesse mller[DC]/(Bronden) snores. (indoors rt (22, 71, 4))
SAY: Niconato/(Urima) "bora" (wilderness (64, 74, 8))
SAY: Niconato/(Urima) "eita" (wilderness (64, 74, 8))
EMOTE: Jesse mller[DC]/(Bronden) snores. (indoors rt (22, 71, 4))
GAME: thegodguy/(Frank) respawned from underworld
GAME: *no key*/(Frank) *no key*/(Frank) is no longer owning mob Frank(/mob/living/carbon/human) (the bog (91, 113, 10))
ACCESS: Mob Login: thegodguy/(new player) was assigned to a /mob/dead/new_player
GAME: thegodguy/(new player) Client thegodguy/(new player) has taken ownership of mob the new player(/mob/dead/new_player) (start area (14, 108, 1))
SAY: Niconato/(Urima) "podei fogo na agua" (wilderness (64, 74, 8))
EMOTE: P1wewe/(Chloeyaz) laughs. (wilderness (65, 73, 8))
GAME: *no key*/(new player) *no key*/(new player) is no longer owning mob the new player(/mob/dead/new_player) (start area (14, 108, 1))
ACCESS: Mob Login: thegodguy/(Theodal) was assigned to a /mob/living/carbon/human
GAME: thegodguy/(Theodal) Client thegodguy/(Theodal) has taken ownership of mob (/mob/living/carbon/human) (start area (14, 108, 1))
SAY: P1wewe/(Chloeyaz) "acabou a chuva" (wilderness (65, 73, 8))
EMOTE: Jesse mller[DC]/(Bronden) snores. (indoors rt (22, 71, 4))
SAY: P1wewe/(Chloeyaz) "mas ainda ta perdida a minha tocha" (wilderness (65, 73, 8))
EMOTE: Jesse mller[DC]/(Bronden) snores. (indoors rt (22, 71, 4))
SAY: Niconato/(Urima) "faz uma com galhos" (indoors rt (65, 77, 8))
EMOTE: Jesse mller[DC]/(Bronden) snores. (indoors rt (22, 71, 4))
SAY: *no key*/(Inn cat) "Meow!" FORCED by poly (tavern (60, 95, 5))
SAY: P1wewe/(Chloeyaz) "é o jeito" (indoors rt (67, 80, 8))
EMOTE: Jesse mller[DC]/(Bronden) snores. (indoors rt (22, 71, 4))
EMOTE: Jesse mller[DC]/(Bronden) snores. (indoors rt (22, 71, 4))
EMOTE: Jesse mller[DC]/(Bronden) snores. (indoors rt (22, 71, 4))
EMOTE: Jesse mller[DC]/(Bronden) snores. (indoors rt (22, 71, 4))
EMOTE: Jesse mller[DC]/(Bronden) snores. (indoors rt (22, 71, 4))
EMOTE: Jesse mller[DC]/(Bronden) snores. (indoors rt (22, 71, 4))
SAY: P1wewe/(Chloeyaz) "ah" (wilderness (67, 75, 8))
SAY: Niconato/(Urima) "oq?" (wilderness (67, 73, 8))
SAY: P1wewe/(Chloeyaz) "botei na fogueira" (wilderness (67, 75, 8))
EMOTE: Jesse mller[DC]/(Bronden) snores. (indoors rt (22, 71, 4))
SAY: Niconato/(Urima) "hahahha" (wilderness (67, 73, 8))
EMOTE: Jesse mller[DC]/(Bronden) snores. (indoors rt (22, 71, 4))
SAY: P1wewe/(Chloeyaz) "acho que prescisa de mais do que um galho pra fazer tocha" (wilderness (66, 75, 8))
EMOTE: *no key*/(Frank) snores. (the bog (91, 113, 10))
EMOTE: Jesse mller[DC]/(Bronden) snores. (indoors rt (22, 71, 4))
EMOTE: *no key*/(Frank) snores. (the bog (91, 113, 10))
SAY: P1wewe/(Chloeyaz) "prescisa de pano" (wilderness (66, 75, 8))
SAY: P1wewe/(Chloeyaz) "h" (wilderness (65, 75, 8))
EMOTE: Jesse mller[DC]/(Bronden) snores. (indoors rt (22, 71, 4))
SAY: P1wewe/(Chloeyaz) "bora logo" (wilderness (65, 75, 8))
EMOTE: *no key*/(Frank) snores. (the bog (91, 113, 10))
EMOTE: *no key*/(Frank) snores. (the bog (91, 113, 10))
SAY: Niconato/(Urima) "tem no segundo andar" (wilderness (65, 76, 8))
SAY: P1wewe/(Chloeyaz) "depois eu faço" (wilderness (65, 75, 8))
SAY: Niconato/(Urima) "bora" (wilderness (63, 75, 8))
EMOTE: *no key*/(Frank) snores. (the bog (91, 113, 10))
EMOTE: *no key*/(Frank) snores. (the bog (91, 113, 10))
SAY: P1wewe/(Chloeyaz) "ué" (wilderness (48, 83, 8))
SAY: P1wewe/(Chloeyaz) "iga iso ai" (wilderness (48, 83, 8))
SAY: Niconato/(Urima) "oq?" (wilderness (46, 83, 8))
SAY: P1wewe/(Chloeyaz) "a tocha" (wilderness (47, 82, 8))
EMOTE: Jesse mller[DC]/(Bronden) snores. (indoors rt (22, 71, 4))
SAY: P1wewe/(Chloeyaz) "ops" (wilderness (49, 80, 8))
SAY: Niconato/(Urima) "pega uma" (wilderness (49, 81, 8))
EMOTE: P1wewe/(Chloeyaz) laughs. (wilderness (49, 77, 8))
EMOTE: *no key*/(Frank) gasps out his last breath. (the bog (91, 113, 10))
GAME: thegodguy[DC]/(Frank) has gained antag datum Zombie(/datum/antagonist/zombie)
EMOTE: Jesse mller[DC]/(Bronden) snores. (indoors rt (22, 71, 4))
EMOTE: Jesse mller[DC]/(Bronden) snores. (indoors rt (22, 71, 4))
SAY: *no key*/(Inn cat) "Esp!" FORCED by poly (tavern (60, 95, 5))
EMOTE: Jesse mller[DC]/(Bronden) snores. (indoors rt (22, 71, 4))
EMOTE: Jesse mller[DC]/(Bronden) snores. (indoors rt (22, 71, 4))
EMOTE: Jesse mller[DC]/(Bronden) snores. (indoors rt (22, 71, 4))
EMOTE: Jesse mller[DC]/(Bronden) snores. (indoors rt (22, 71, 4))
EMOTE: Jesse mller[DC]/(Bronden) snores. (indoors rt (22, 71, 4))
EMOTE: Jesse mller[DC]/(Bronden) snores. (indoors rt (22, 71, 4))
EMOTE: Jesse mller[DC]/(Bronden) snores. (indoors rt (22, 71, 4))
EMOTE: Jesse mller[DC]/(Bronden) snores. (indoors rt (22, 71, 4))
EMOTE: Jesse mller[DC]/(Bronden) snores. (indoors rt (22, 71, 4))
SAY: *no key*/(black cat) "Purr!" FORCED by poly (indoors rt (56, 37, 1))
EMOTE: Jesse mller[DC]/(Bronden) snores. (indoors rt (22, 71, 4))
SAY: Niconato/(Urima) "nao tem saida?" (wilderness (83, 21, 8))
EMOTE: Jesse mller[DC]/(Bronden) snores. (indoors rt (22, 71, 4))
EMOTE: Jesse mller[DC]/(Bronden) snores. (indoors rt (22, 71, 4))
SAY: P1wewe/(Chloeyaz) "hm" (wilderness (89, 6, 8))
EMOTE: Jesse mller[DC]/(Bronden) snores. (indoors rt (22, 71, 4))
SAY: Niconato/(Urima) "sem saida" (wilderness (84, 9, 8))
EMOTE: Jesse mller[DC]/(Bronden) snores. (indoors rt (22, 71, 4))
SAY: Niconato/(Urima) "oq a gente faz?" (wilderness (93, 24, 8))
SAY: P1wewe/(Chloeyaz) "bora ver isso?" (wilderness (99, 24, 8))
EMOTE: Jesse mller[DC]/(Bronden) snores. (indoors rt (22, 71, 4))
SAY: Niconato/(Urima) "sim" (wilderness (98, 24, 8))
EMOTE: Jesse mller[DC]/(Bronden) snores. (indoors rt (22, 71, 4))
EMOTE: Jesse mller[DC]/(Bronden) snores. (indoors rt (22, 71, 4))
EMOTE: Jesse mller[DC]/(Bronden) snores. (indoors rt (22, 71, 4))
EMOTE: Jesse mller[DC]/(Bronden) snores. (indoors rt (22, 71, 4))
SAY: Niconato/(Urima) "quer tentar na janela?" (wilderness (110, 19, 8))
EMOTE: Jesse mller[DC]/(Bronden) snores. (indoors rt (22, 71, 4))
SAY: P1wewe/(Chloeyaz) "melhor" (wilderness (107, 19, 8))
EMOTE: Jesse mller[DC]/(Bronden) snores. (indoors rt (22, 71, 4))
EMOTE: Jesse mller[DC]/(Bronden) snores. (indoors rt (22, 71, 4))
EMOTE: Jesse mller[DC]/(Bronden) snores. (indoors rt (22, 71, 4))
EMOTE: Jesse mller[DC]/(Bronden) snores. (indoors rt (22, 71, 4))
EMOTE: Jesse mller[DC]/(Bronden) snores. (indoors rt (22, 71, 4))
SAY: P1wewe/(Chloeyaz) "ai" (wilderness (107, 19, 8))
EMOTE: Jesse mller[DC]/(Bronden) snores. (indoors rt (22, 71, 4))
SAY: Niconato/(Urima) "oq ouve?" (wilderness (106, 19, 8))
SAY: P1wewe/(Chloeyaz) "seila" (wilderness (107, 19, 8))
EMOTE: Jesse mller[DC]/(Bronden) snores. (indoors rt (22, 71, 4))
SAY: P1wewe/(Chloeyaz) "nice" (wilderness (107, 19, 8))
SAY: P1wewe/(Chloeyaz) "ata" (wilderness (107, 19, 8))
EMOTE: Jesse mller[DC]/(Bronden) snores. (indoors rt (22, 71, 4))
SAY: P1wewe/(Chloeyaz) "[eu cansei e nem vi]" (indoors rt (106, 21, 8))
EMOTE: Jesse mller[DC]/(Bronden) snores. (indoors rt (22, 71, 4))
SAY: Niconato/(Urima) "consegue abir?" (indoors rt (105, 24, 8))
EMOTE: Jesse mller[DC]/(Bronden) snores. (indoors rt (22, 71, 4))
EMOTE: Jesse mller[DC]/(Bronden) snores. (indoors rt (22, 71, 4))
EMOTE: Jesse mller[DC]/(Bronden) snores. (indoors rt (22, 71, 4))
EMOTE: Jesse mller[DC]/(Bronden) snores. (indoors rt (22, 71, 4))
SAY: P1wewe/(Chloeyaz) "hm" (wilderness (121, 32, 8))
EMOTE: Jesse mller[DC]/(Bronden) snores. (indoors rt (22, 71, 4))
SAY: P1wewe/(Chloeyaz) "depois" (wilderness (122, 33, 8))
EMOTE: Jesse mller[DC]/(Bronden) snores. (indoors rt (22, 71, 4))
SAY: Niconato/(Urima) "eita" (wilderness (123, 35, 8))
EMOTE: Jesse mller[DC]/(Bronden) snores. (indoors rt (22, 71, 4))
EMOTE: Jesse mller[DC]/(Bronden) snores. (indoors rt (22, 71, 4))
SAY: P1wewe/(Chloeyaz) "isso cansa" (wilderness (121, 33, 8))
EMOTE: Jesse mller[DC]/(Bronden) snores. (indoors rt (22, 71, 4))
EMOTE: Jesse mller[DC]/(Bronden) snores. (indoors rt (22, 71, 4))
SAY: Niconato/(Urima) "sim" (wilderness (121, 34, 8))
SAY: Niconato/(Urima) "demais" (wilderness (121, 34, 8))
EMOTE: Jesse mller[DC]/(Bronden) snores. (indoors rt (22, 71, 4))
GAME: thegodguy/(Theodal) respawned from underworld
GAME: *no key*/(Theodal) *no key*/(Theodal) is no longer owning mob Theodal(/mob/living/carbon/human) (wilderness (97, 104, 8))
ACCESS: Mob Login: thegodguy/(new player) was assigned to a /mob/dead/new_player
GAME: thegodguy/(new player) Client thegodguy/(new player) has taken ownership of mob the new player(/mob/dead/new_player) (start area (14, 108, 1))
EMOTE: Jesse mller[DC]/(Bronden) snores. (indoors rt (22, 71, 4))
EMOTE: Jesse mller[DC]/(Bronden) snores. (indoors rt (22, 71, 4))
EMOTE: Jesse mller[DC]/(Bronden) snores. (indoors rt (22, 71, 4))
EMOTE: Jesse mller[DC]/(Bronden) snores. (indoors rt (22, 71, 4))
EMOTE: Jesse mller[DC]/(Bronden) snores. (indoors rt (22, 71, 4))
SAY: Niconato/(Urima) "oq é isso?" (indoors rt (114, 34, 8))
EMOTE: Jesse mller[DC]/(Bronden) snores. (indoors rt (22, 71, 4))
SAY: P1wewe/(Chloeyaz) "u" (indoors rt (115, 33, 8))
SAY: P1wewe/(Chloeyaz) "é corrente" (indoors rt (115, 33, 8))
SAY: P1wewe/(Chloeyaz) "ou" (indoors rt (114, 33, 8))
EMOTE: Jesse mller[DC]/(Bronden) snores. (indoors rt (22, 71, 4))
SAY: P1wewe/(Chloeyaz) "algema" (indoors rt (115, 33, 8))
EMOTE: Jesse mller[DC]/(Bronden) snores. (indoors rt (22, 71, 4))
EMOTE: Jesse mller[DC]/(Bronden) snores. (indoors rt (22, 71, 4))
SAY: P1wewe/(Chloeyaz) "vem ca" (indoors rt (117, 33, 8))
SAY: Niconato/(Urima) "???" (indoors rt (119, 33, 8))
SAY: P1wewe/(Chloeyaz) "é" (indoors rt (118, 33, 8))
SAY: P1wewe/(Chloeyaz) "é algema" (indoors rt (118, 33, 8))
SAY: Niconato/(Urima) "sus" (indoors rt (119, 33, 8))
SAY: Niconato/(Urima) "hahahah" (indoors rt (118, 34, 8))
SAY: P1wewe/(Chloeyaz) "tocha!" (indoors rt (114, 34, 8))
EMOTE: Jesse mller[DC]/(Bronden) snores. (indoors rt (22, 71, 4))
SAY: P1wewe/(Chloeyaz) "tome of justice" (indoors rt (114, 34, 8))
SAY: Niconato/(Urima) "eita" (indoors rt (118, 34, 8))
EMOTE: *no key*/(Theodal) snores. (wilderness (97, 104, 8))
SAY: Niconato/(Urima) "vamos para o travel" (indoors rt (117, 34, 8))
EMOTE: *no key*/(Theodal) snores. (wilderness (97, 104, 8))
EMOTE: *no key*/(Theodal) snores. (wilderness (97, 104, 8))
SAY: *no key*/(chick) "Chirrup." FORCED by poly (wilderness (70, 98, 8))
SAY: *no key*/(black cat) "Esp!" FORCED by poly (indoors rt (57, 36, 1))
EMOTE: *no key*/(Theodal) snores. (wilderness (97, 104, 8))
EMOTE: Jesse mller[DC]/(Bronden) snores. (indoors rt (22, 71, 4))
EMOTE: *no key*/(Theodal) snores. (wilderness (97, 104, 8))
SAY: P1wewe/(Chloeyaz) "pera" (indoors rt (117, 33, 8))
EMOTE: *no key*/(Theodal) snores. (wilderness (97, 104, 8))
SAY: Niconato/(Urima) "ok ok" (indoors rt (120, 33, 8))
EMOTE: Jesse mller[DC]/(Bronden) snores. (indoors rt (22, 71, 4))
EMOTE: Jesse mller[DC]/(Bronden) snores. (indoors rt (22, 71, 4))
EMOTE: Jesse mller[DC]/(Bronden) snores. (indoors rt (22, 71, 4))
EMOTE: *no key*/(Theodal) snores. (wilderness (97, 104, 8))
EMOTE: *no key*/(Theodal) snores. (wilderness (97, 104, 8))
EMOTE: Jesse mller[DC]/(Bronden) snores. (indoors rt (22, 71, 4))
EMOTE: Jesse mller[DC]/(Bronden) snores. (indoors rt (22, 71, 4))
EMOTE: Jesse mller[DC]/(Bronden) snores. (indoors rt (22, 71, 4))
SAY: *no key*/(chick) "Cherp." FORCED by poly (wilderness (70, 100, 8))
EMOTE: *no key*/(Theodal) snores. (wilderness (97, 104, 8))
SAY: P1wewe/(Chloeyaz) "[n sei tirar a ui do livro kkkkk]" (indoors rt (117, 33, 8))
EMOTE: Jesse mller[DC]/(Bronden) snores. (indoors rt (22, 71, 4))
EMOTE: *no key*/(Theodal) snores. (wilderness (97, 104, 8))
SAY: *no key*/(chick) "Cheep!" FORCED by poly (wilderness (69, 100, 8))
SAY: Niconato/(Urima) "[kkkkkkkkkkkkk]" (wilderness (122, 33, 8))
EMOTE: *no key*/(Theodal) snores. (wilderness (97, 104, 8))
EMOTE: *no key*/(Theodal) snores. (wilderness (97, 104, 8))
EMOTE: Jesse mller[DC]/(Bronden) snores. (indoors rt (22, 71, 4))
EMOTE: Jesse mller[DC]/(Bronden) snores. (indoors rt (22, 71, 4))
EMOTE: *no key*/(Theodal) snores. (wilderness (97, 104, 8))
EMOTE: *no key*/(Theodal) snores. (wilderness (97, 104, 8))
EMOTE: Jesse mller[DC]/(Bronden) snores. (indoors rt (22, 71, 4))
EMOTE: Jesse mller[DC]/(Bronden) snores. (indoors rt (22, 71, 4))
EMOTE: Jesse mller[DC]/(Bronden) snores. (indoors rt (22, 71, 4))
EMOTE: *no key*/(chicken) smiles. (wilderness (68, 100, 8))
SAY: Niconato/(Urima) "[conseguiu]?" (wilderness (122, 33, 8))
EMOTE: Jesse mller[DC]/(Bronden) snores. (indoors rt (22, 71, 4))
EMOTE: Jesse mller[DC]/(Bronden) snores. (indoors rt (22, 71, 4))
EMOTE: *no key*/(Theodal) snores. (wilderness (97, 104, 8))
EMOTE: Jesse mller[DC]/(Bronden) snores. (indoors rt (22, 71, 4))
EMOTE: Jesse mller[DC]/(Bronden) snores. (indoors rt (22, 71, 4))
EMOTE: *no key*/(Theodal) snores. (wilderness (97, 104, 8))
SAY: P1wewe/(Chloeyaz) "[não, mas achei um jeito]" (indoors rt (115, 33, 8))
EMOTE: Jesse mller[DC]/(Bronden) snores. (indoors rt (22, 71, 4))
SAY: P1wewe/(Chloeyaz) "bota" (indoors rt (116, 33, 8))
EMOTE: Jesse mller[DC]/(Bronden) snores. (indoors rt (22, 71, 4))
SAY: Niconato/(Urima) "[colocar no canto da tela ne]?" (indoors rt (120, 33, 8))
SAY: P1wewe/(Chloeyaz) "[yes]" (indoors rt (118, 33, 8))
EMOTE: Jesse mller[DC]/(Bronden) snores. (indoors rt (22, 71, 4))
EMOTE: *no key*/(Theodal) snores. (wilderness (97, 104, 8))
EMOTE: Jesse mller[DC]/(Bronden) snores. (indoors rt (22, 71, 4))
EMOTE: Jesse mller[DC]/(Bronden) snores. (indoors rt (22, 71, 4))
EMOTE: *no key*/(Theodal) snores. (wilderness (97, 104, 8))
EMOTE: Jesse mller[DC]/(Bronden) snores. (indoors rt (22, 71, 4))
SAY: P1wewe/(Chloeyaz) "legal" (outdoors (77, 68, 4))
SAY: Niconato/(Urima) "finamente chegamos[" (outdoors (76, 70, 4))
EMOTE: *no key*/(Theodal) snores. (wilderness (97, 104, 8))
SAY: P1wewe/(Chloeyaz) "eita" (outdoors (77, 72, 4))
EMOTE: *no key*/(Theodal) snores. (wilderness (97, 104, 8))
SAY: *no key*/(Inn cat) "Esp!" FORCED by poly (tavern (62, 95, 5))
EMOTE: Jesse mller[DC]/(Bronden) snores. (indoors rt (22, 71, 4))
SAY: Niconato/(Urima) "oh" (outdoors (76, 72, 4))
EMOTE: *no key*/(Theodal) snores. (wilderness (97, 104, 8))
SAY: Niconato/(Urima) "um ultimo duelo?" (outdoors (76, 76, 4))
EMOTE: *no key*/(Theodal) snores. (wilderness (97, 104, 8))
SAY: P1wewe/(Chloeyaz) "que" (outdoors (77, 79, 4))
EMOTE: Jesse mller[DC]/(Bronden) snores. (indoors rt (22, 71, 4))
EMOTE: *no key*/(Theodal) snores. (wilderness (97, 104, 8))
EMOTE: *no key*/(Theodal) snores. (wilderness (97, 104, 8))
SAY: P1wewe/(Chloeyaz) "como assim" (outdoors (77, 79, 4))
EMOTE: *no key*/(Theodal) snores. (wilderness (97, 104, 8))
EMOTE: *no key*/(Theodal) snores. (wilderness (97, 104, 8))
SAY: Niconato/(Urima) "um duelo valendo a vida, ja compri todos os meus objetivo" (outdoors (76, 77, 4))
SAY: P1wewe/(Chloeyaz) "to afim não" (outdoors (77, 79, 4))
EMOTE: *no key*/(Theodal) snores. (wilderness (97, 104, 8))
SAY: Niconato/(Urima) "triste" (outdoors (76, 77, 4))
SAY: Niconato/(Urima) "vou deitar em uma cama, flws" (outdoors (76, 77, 4))
EMOTE: *no key*/(Theodal) snores. (wilderness (97, 104, 8))
EMOTE: *no key*/(Theodal) snores. (wilderness (97, 104, 8))
SAY: P1wewe/(Chloeyaz) "pera" (outdoors (77, 77, 4))
EMOTE: Jesse mller[DC]/(Bronden) snores. (indoors rt (22, 71, 4))
EMOTE: *no key*/(Theodal) snores. (wilderness (97, 104, 8))
EMOTE: P1wewe/(Chloeyaz) cries. (outdoors (64, 84, 4))
EMOTE: Jesse mller[DC]/(Bronden) snores. (indoors rt (22, 71, 4))
EMOTE: *no key*/(Theodal) snores. (wilderness (97, 104, 8))
EMOTE: Jesse mller[DC]/(Bronden) snores. (indoors rt (22, 71, 4))
ADMINPRIVATE: Ticket #1: P1wewe/(Chloeyaz): tem adm? só pra saber - heard by 0 non-AFK admins who have +BAN.
EMOTE: Jesse mller[DC]/(Bronden) snores. (indoors rt (22, 71, 4))
ADMINPRIVATE: PM: TheGodGuy/(new player)->P1wewe/(Chloeyaz): 
e

ACCESS: Logout: Niconato/(Urima)
GAME: Niconato[DC]/(Urima) Niconato[DC]/(Urima) is no longer owning mob Urima(/mob/living/carbon/human) (indoors (73, 64, 4))
EMOTE: Jesse mller[DC]/(Bronden) snores. (indoors rt (22, 71, 4))
EMOTE: *no key*/(Theodal) snores. (wilderness (97, 104, 8))
EMOTE: Jesse mller[DC]/(Bronden) snores. (indoors rt (22, 71, 4))
GAME: *no key*/(new player) *no key*/(new player) is no longer owning mob the new player(/mob/dead/new_player) (start area (14, 108, 1))
ACCESS: Mob Login: thegodguy/(Jarak) was assigned to a /mob/living/carbon/human
GAME: thegodguy/(Jarak) Client thegodguy/(Jarak) has taken ownership of mob (/mob/living/carbon/human) (start area (14, 108, 1))
EMOTE: *no key*/(Theodal) snores. (wilderness (97, 104, 8))
EMOTE: Jesse mller[DC]/(Bronden) snores. (indoors rt (22, 71, 4))
EMOTE: Jesse mller[DC]/(Bronden) snores. (indoors rt (22, 71, 4))
EMOTE: *no key*/(Theodal) snores. (wilderness (97, 104, 8))
EMOTE: *no key*/(Theodal) snores. (wilderness (97, 104, 8))
EMOTE: Jesse mller[DC]/(Bronden) snores. (indoors rt (22, 71, 4))
EMOTE: *no key*/(Theodal) snores. (wilderness (97, 104, 8))
EMOTE: *no key*/(Theodal) snores. (wilderness (97, 104, 8))
EMOTE: Jesse mller[DC]/(Bronden) snores. (indoors rt (22, 71, 4))
EMOTE: Jesse mller[DC]/(Bronden) snores. (indoors rt (22, 71, 4))
EMOTE: *no key*/(Theodal) snores. (wilderness (97, 104, 8))
EMOTE: *no key*/(Theodal) snores. (wilderness (97, 104, 8))
ADMINPRIVATE: PM: P1wewe/(Chloeyaz)->TheGodGuy/(Jarak): sa porra ta viva?
EMOTE: Jesse mller[DC]/(Bronden) snores. (indoors rt (22, 71, 4))
EMOTE: Jesse mller[DC]/(Bronden) snores. (indoors rt (22, 71, 4))
ADMINPRIVATE: PM: TheGodGuy/(Jarak)->P1wewe/(Chloeyaz): Vou trocar de code espera.
EMOTE: *no key*/(Theodal) snores. (wilderness (97, 104, 8))
EMOTE: *no key*/(Theodal) snores. (wilderness (97, 104, 8))
EMOTE: Jesse mller[DC]/(Bronden) snores. (indoors rt (22, 71, 4))
EMOTE: *no key*/(Theodal) snores. (wilderness (97, 104, 8))
EMOTE: Jesse mller[DC]/(Bronden) snores. (indoors rt (22, 71, 4))
ADMINPRIVATE: PM: P1wewe/(Chloeyaz)->TheGodGuy/(Jarak): sério?#poxa, tava legal
EMOTE: Jesse mller[DC]/(Bronden) snores. (indoors rt (22, 71, 4))
EMOTE: Niconato[DC]/(Urima) snores. (indoors (73, 64, 4))
EMOTE: Jesse mller[DC]/(Bronden) snores. (indoors rt (22, 71, 4))
EMOTE: Niconato[DC]/(Urima) snores. (indoors (73, 64, 4))
ADMINPRIVATE: PM: TheGodGuy/(Jarak)->P1wewe/(Chloeyaz): Todo mundo odio.
EMOTE: *no key*/(Theodal) snores. (wilderness (97, 104, 8))
EMOTE: Jesse mller[DC]/(Bronden) snores. (indoors rt (22, 71, 4))
EMOTE: Niconato[DC]/(Urima) snores. (indoors (73, 64, 4))
EMOTE: Jesse mller[DC]/(Bronden) snores. (indoors rt (22, 71, 4))
SAY: *no key*/(black cat) "Esp!" FORCED by poly (indoors rt (55, 36, 1))
ADMINPRIVATE: PM: P1wewe/(Chloeyaz)->TheGodGuy/(Jarak): puts kkkkk
ADMINPRIVATE: PM: TheGodGuy/(Jarak)->P1wewe/(Chloeyaz): Mas relaxa você vai ver o que vai acontewcera
EMOTE: Niconato[DC]/(Urima) snores. (indoors (73, 64, 4))
EMOTE: Jesse mller[DC]/(Bronden) snores. (indoors rt (22, 71, 4))
EMOTE: Niconato[DC]/(Urima) snores. (indoors (73, 64, 4))
EMOTE: *no key*/(Theodal) snores. (wilderness (97, 104, 8))
EMOTE: Jesse mller[DC]/(Bronden) snores. (indoors rt (22, 71, 4))
EMOTE: *no key*/(Theodal) snores. (wilderness (97, 104, 8))
EMOTE: Jesse mller[DC]/(Bronden) snores. (indoors rt (22, 71, 4))
EMOTE: Jesse mller[DC]/(Bronden) snores. (indoors rt (22, 71, 4))
ADMINPRIVATE: PM: P1wewe/(Chloeyaz)->TheGodGuy/(Jarak): pq odiaram?
EMOTE: Jesse mller[DC]/(Bronden) snores. (indoors rt (22, 71, 4))
EMOTE: *no key*/(Theodal) snores. (wilderness (97, 104, 8))
ADMINPRIVATE: PM: TheGodGuy/(Jarak)->P1wewe/(Chloeyaz): Não sabem joga
EMOTE: *no key*/(Theodal) snores. (wilderness (97, 104, 8))
EMOTE: Jesse mller[DC]/(Bronden) snores. (indoors rt (22, 71, 4))
EMOTE: Niconato[DC]/(Urima) snores. (indoors (73, 64, 4))
EMOTE: Jesse mller[DC]/(Bronden) snores. (indoors rt (22, 71, 4))
EMOTE: *no key*/(Theodal) snores. (wilderness (97, 104, 8))
EMOTE: Niconato[DC]/(Urima) snores. (indoors (73, 64, 4))
ADMINPRIVATE: PM: P1wewe/(Chloeyaz)->TheGodGuy/(Jarak): esse povo desiste facil
SAY: *no key*/(black cat) "HSSSSS" FORCED by poly (indoors rt (57, 36, 1))
EMOTE: Jesse mller[DC]/(Bronden) snores. (indoors rt (22, 71, 4))
EMOTE: Niconato[DC]/(Urima) snores. (indoors (73, 64, 4))
EMOTE: *no key*/(Theodal) snores. (wilderness (97, 104, 8))
SAY: P1wewe/(Chloeyaz) "e cralho" (outdoors (79, 105, 4))
EMOTE: Niconato[DC]/(Urima) snores. (indoors (73, 64, 4))
EMOTE: Niconato[DC]/(Urima) snores. (indoors (73, 64, 4))
ADMINPRIVATE: PM: TheGodGuy/(Jarak)->P1wewe/(Chloeyaz): É maluco mas olha seu discord eu vou fazer um outro server mas o tropicalia vai continuar que vai ser esse code.
EMOTE: Jesse mller[DC]/(Bronden) snores. (indoors rt (22, 71, 4))
EMOTE: Niconato[DC]/(Urima) snores. (indoors (73, 64, 4))
EMOTE: *no key*/(Theodal) snores. (wilderness (97, 104, 8))
EMOTE: Niconato[DC]/(Urima) snores. (indoors (73, 64, 4))
EMOTE: Jesse mller[DC]/(Bronden) snores. (indoors rt (22, 71, 4))
EMOTE: Jesse mller[DC]/(Bronden) snores. (indoors rt (22, 71, 4))
ADMINPRIVATE: PM: P1wewe/(Chloeyaz)->TheGodGuy/(Jarak): pera, o tropicalia ou o outro vai ser esse code
EMOTE: Niconato[DC]/(Urima) snores. (indoors (73, 64, 4))
EMOTE: *no key*/(Theodal) snores. (wilderness (97, 104, 8))
EMOTE: Jesse mller[DC]/(Bronden) snores. (indoors rt (22, 71, 4))
EMOTE: Niconato[DC]/(Urima) snores. (indoors (73, 64, 4))
EMOTE: Niconato[DC]/(Urima) snores. (indoors (73, 64, 4))
EMOTE: Jesse mller[DC]/(Bronden) snores. (indoors rt (22, 71, 4))
ADMINPRIVATE: PM: TheGodGuy/(Jarak)->P1wewe/(Chloeyaz): Sim o outro.
EMOTE: *no key*/(Theodal) snores. (wilderness (97, 104, 8))
EMOTE: Niconato[DC]/(Urima) snores. (indoors (73, 64, 4))
EMOTE: *no key*/(Theodal) snores. (wilderness (97, 104, 8))
EMOTE: Niconato[DC]/(Urima) snores. (indoors (73, 64, 4))
EMOTE: Jesse mller[DC]/(Bronden) snores. (indoors rt (22, 71, 4))
EMOTE: *no key*/(Theodal) snores. (wilderness (97, 104, 8))
EMOTE: Jesse mller[DC]/(Bronden) snores. (indoors rt (22, 71, 4))
EMOTE: Jesse mller[DC]/(Bronden) snores. (indoors rt (22, 71, 4))
EMOTE: *no key*/(Theodal) snores. (wilderness (97, 104, 8))
EMOTE: *no key*/(Theodal) snores. (wilderness (97, 104, 8))
EMOTE: Niconato[DC]/(Urima) snores. (indoors (73, 64, 4))
EMOTE: Niconato[DC]/(Urima) snores. (indoors (73, 64, 4))
EMOTE: *no key*/(Theodal) snores. (wilderness (97, 104, 8))
EMOTE: Niconato[DC]/(Urima) snores. (indoors (73, 64, 4))
EMOTE: Jesse mller[DC]/(Bronden) snores. (indoors rt (22, 71, 4))
EMOTE: *no key*/(Theodal) snores. (wilderness (97, 104, 8))
EMOTE: *no key*/(Theodal) snores. (wilderness (97, 104, 8))
EMOTE: Niconato[DC]/(Urima) snores. (indoors (73, 64, 4))
EMOTE: *no key*/(Theodal) snores. (wilderness (97, 104, 8))
EMOTE: Jesse mller[DC]/(Bronden) snores. (indoors rt (22, 71, 4))
EMOTE: Niconato[DC]/(Urima) snores. (indoors (73, 64, 4))
EMOTE: thegodguy/(Jarak) gasps out his last breath. (outdoors (95, 71, 4))
EMOTE: *no key*/(Theodal) snores. (wilderness (97, 104, 8))
ADMINPRIVATE: PM: P1wewe/(Chloeyaz)->TheGodGuy/(Jarak): foda q se ninguem resolver aprender a jogar, ninguem vai entra no outro
EMOTE: Niconato[DC]/(Urima) snores. (indoors (73, 64, 4))
EMOTE: Jesse mller[DC]/(Bronden) snores. (indoors rt (22, 71, 4))
EMOTE: *no key*/(Theodal) snores. (wilderness (97, 104, 8))
EMOTE: Niconato[DC]/(Urima) snores. (indoors (73, 64, 4))
EMOTE: Jesse mller[DC]/(Bronden) snores. (indoors rt (22, 71, 4))
EMOTE: *no key*/(Theodal) snores. (wilderness (97, 104, 8))
EMOTE: *no key*/(Theodal) snores. (wilderness (97, 104, 8))
EMOTE: Jesse mller[DC]/(Bronden) snores. (indoors rt (22, 71, 4))
ADMINPRIVATE: PM: TheGodGuy/(Jarak)->P1wewe/(Chloeyaz): Fodase
ADMINPRIVATE: PM: P1wewe/(Chloeyaz)->TheGodGuy/(Jarak): kkkkkkk
EMOTE: Jesse mller[DC]/(Bronden) snores. (indoors rt (22, 71, 4))
ADMINPRIVATE: PM: TheGodGuy/(Jarak)->P1wewe/(Chloeyaz): A galera do THUX vai querer.
EMOTE: Niconato[DC]/(Urima) snores. (indoors (73, 64, 4))
SAY: *no key*/(black cat) "HSSSSS" FORCED by poly (indoors rt (58, 40, 1))
SAY: *no key*/(Inn cat) "Esp!" FORCED by poly (tavern (60, 94, 5))
EMOTE: *no key*/(Theodal) snores. (wilderness (97, 104, 8))
EMOTE: Niconato[DC]/(Urima) snores. (indoors (73, 64, 4))
EMOTE: Jesse mller[DC]/(Bronden) snores. (indoors rt (22, 71, 4))
EMOTE: Jesse mller[DC]/(Bronden) snores. (indoors rt (22, 71, 4))
EMOTE: *no key*/(Theodal) snores. (wilderness (97, 104, 8))
EMOTE: *no key*/(Theodal) snores. (wilderness (97, 104, 8))
EMOTE: Niconato[DC]/(Urima) snores. (indoors (73, 64, 4))
EMOTE: *no key*/(Theodal) snores. (wilderness (97, 104, 8))
EMOTE: Jesse mller[DC]/(Bronden) snores. (indoors rt (22, 71, 4))
EMOTE: Niconato[DC]/(Urima) snores. (indoors (73, 64, 4))
EMOTE: Jesse mller[DC]/(Bronden) snores. (indoors rt (22, 71, 4))
EMOTE: Jesse mller[DC]/(Bronden) snores. (indoors rt (22, 71, 4))
EMOTE: Jesse mller[DC]/(Bronden) snores. (indoors rt (22, 71, 4))
ADMINPRIVATE: PM: P1wewe/(Chloeyaz)->TheGodGuy/(Jarak): como tira as coisas das pessoas?
EMOTE: Niconato[DC]/(Urima) snores. (indoors (73, 64, 4))
EMOTE: *no key*/(Theodal) snores. (wilderness (97, 104, 8))
EMOTE: Jesse mller[DC]/(Bronden) snores. (indoors rt (22, 71, 4))
EMOTE: Jesse mller[DC]/(Bronden) snores. (indoors rt (22, 71, 4))
EMOTE: *no key*/(Theodal) snores. (wilderness (97, 104, 8))
EMOTE: Jesse mller[DC]/(Bronden) snores. (indoors rt (22, 71, 4))
SAY: *no key*/(black cat) "Meow!" FORCED by poly (indoors rt (58, 40, 1))
EMOTE: Niconato[DC]/(Urima) snores. (indoors (73, 64, 4))
EMOTE: Jesse mller[DC]/(Bronden) snores. (indoors rt (22, 71, 4))
EMOTE: Jesse mller[DC]/(Bronden) snores. (indoors rt (22, 71, 4))
EMOTE: *no key*/(Theodal) snores. (wilderness (97, 104, 8))
EMOTE: Jesse mller[DC]/(Bronden) snores. (indoors rt (22, 71, 4))
EMOTE: *no key*/(Theodal) snores. (wilderness (97, 104, 8))
EMOTE: Niconato[DC]/(Urima) snores. (indoors (73, 64, 4))
SAY: *no key*/(black cat) "Esp!" FORCED by poly (indoors rt (58, 40, 1))
EMOTE: Niconato[DC]/(Urima) snores. (indoors (73, 64, 4))
EMOTE: Jesse mller[DC]/(Bronden) snores. (indoors rt (22, 71, 4))
EMOTE: Jesse mller[DC]/(Bronden) snores. (indoors rt (22, 71, 4))
EMOTE: Jesse mller[DC]/(Bronden) snores. (indoors rt (22, 71, 4))
EMOTE: Jesse mller[DC]/(Bronden) snores. (indoors rt (22, 71, 4))
SAY: *no key*/(Inn cat) "Esp!" FORCED by poly (tavern (60, 94, 5))
EMOTE: Jesse mller[DC]/(Bronden) snores. (indoors rt (22, 71, 4))
EMOTE: Niconato[DC]/(Urima) snores. (indoors (73, 64, 4))
EMOTE: Niconato[DC]/(Urima) snores. (indoors (73, 64, 4))
EMOTE: *no key*/(Theodal) snores. (wilderness (97, 104, 8))
EMOTE: Niconato[DC]/(Urima) snores. (indoors (73, 64, 4))
EMOTE: Jesse mller[DC]/(Bronden) snores. (indoors rt (22, 71, 4))
SAY: *no key*/(Inn cat) "Meow!" FORCED by poly (tavern (60, 94, 5))
EMOTE: *no key*/(Theodal) snores. (wilderness (97, 104, 8))
EMOTE: *no key*/(Theodal) snores. (wilderness (97, 104, 8))
EMOTE: Jesse mller[DC]/(Bronden) snores. (indoors rt (22, 71, 4))
EMOTE: *no key*/(Theodal) snores. (wilderness (97, 104, 8))
EMOTE: Niconato[DC]/(Urima) snores. (indoors (73, 64, 4))
EMOTE: *no key*/(Theodal) snores. (wilderness (97, 104, 8))
EMOTE: Niconato[DC]/(Urima) snores. (indoors (73, 64, 4))
SAY: *no key*/(Inn cat) "Esp!" FORCED by poly (tavern (60, 94, 5))
EMOTE: *no key*/(Theodal) snores. (wilderness (97, 104, 8))
SAY: *no key*/(black cat) "Meow!" FORCED by poly (indoors rt (58, 39, 1))
ACCESS: Logout: P1wewe/(Chloeyaz)
GAME: P1wewe[DC]/(Chloeyaz) P1wewe[DC]/(Chloeyaz) is no longer owning mob Chloeyaz(/mob/living/carbon/human) (outdoors (95, 70, 4))
ACCESS: Logout: TheGodGuy/(Jarak)
GAME: thegodguy[DC]/(Jarak) thegodguy[DC]/(Jarak) is no longer owning mob Jarak(/mob/living/carbon/human) (outdoors (95, 71, 4))
