Starting up round ID Sherax558-20.05.57.
-------------------------
HREF: P1wewe (usr:P1wewe[(14,108,1)]) : _src_=prefs;preference=playerquality;task=menu
HREF: P1wewe (usr:P1wewe[(14,108,1)]) : _src_=prefs;preference=detail;task=input
HREF: P1wewe (usr:P1wewe[(14,108,1)]) : _src_=prefs;preference=bdetail;task=input
HREF: P1wewe (usr:P1wewe[(14,108,1)]) : _src_=prefs;preference=hairstyle;task=input
HREF: P1wewe (usr:P1wewe[(14,108,1)]) : _src_=prefs;preference=charflaw;task=input
HREF: Niconato (usr:Niconato[(14,108,1)]) : _src_=prefs;preference=job;task=menu
HREF: Niconato (usr:Niconato[(14,108,1)]) : _src_=prefs;preference=job;task=setJobLevel;level=2;text=Adventurer
HREF: Niconato (usr:Niconato[(14,108,1)]) : _src_=prefs;preference=job;task=setJobLevel;level=1;text=Adventurer
HREF: Niconato (usr:Niconato[(14,108,1)]) : _src_=prefs;preference=job;task=setJobLevel;level=1;text=Queen
HREF: Niconato (usr:Niconato[(14,108,1)]) : _src_=prefs;preference=job;task=setJobLevel;level=4;text=Queen
HREF: Niconato (usr:Niconato[(14,108,1)]) : _src_=prefs;preference=job;task=setJobLevel;level=1;text=Bog%20Guard
HREF: Niconato (usr:Niconato[(14,108,1)]) : _src_=prefs;preference=job;task=setJobLevel;level=4;text=Bog%20Guard
HREF: P1wewe (usr:P1wewe[(14,108,1)]) : _src_=prefs;preference=eyes;task=input
HREF: P1wewe (usr:P1wewe[(14,108,1)]) : _src_=prefs;preference=s_tone;task=input
HREF: P1wewe (usr:P1wewe[(14,108,1)]) : _src_=prefs;preference=s_tone;task=input
HREF: TheGodGuy (usr:TheGodGuy[(14,108,1)]) : _src_=prefs;preference=name;task=input
HREF: TheGodGuy (usr:TheGodGuy[(14,108,1)]) : _src_=prefs;preference=name;task=input
HREF: TheGodGuy (usr:TheGodGuy[(14,108,1)]) : _src_=prefs;preference=name;task=input
HREF: TheGodGuy (usr:TheGodGuy[(14,108,1)]) : _src_=prefs;preference=name;task=input
HREF: TheGodGuy (usr:TheGodGuy[(14,108,1)]) : _src_=prefs;preference=name;task=input
HREF: TheGodGuy (usr:TheGodGuy[(14,108,1)]) : _src_=prefs;preference=name;task=random
HREF: TheGodGuy (usr:TheGodGuy[(14,108,1)]) : _src_=prefs;preference=name;task=input
HREF: TheGodGuy (usr:TheGodGuy[(14,108,1)]) : _src_=prefs;preference=name;task=input
HREF: TheGodGuy (usr:TheGodGuy[(14,108,1)]) : _src_=prefs;preference=name;task=input
HREF: P1wewe (usr:P1wewe[(14,108,1)]) : _src_=prefs;preference=detail;task=input
HREF: TheGodGuy (usr:TheGodGuy[(14,108,1)]) : TheGodGuy src=[mob_3];ready=1
HREF: TheGodGuy (usr:TheGodGuy[(14,108,1)]) : _src_=prefs;preference=name;task=input
HREF: TheGodGuy (usr:TheGodGuy[(14,108,1)]) : _src_=prefs;preference=name;task=input
HREF: P1wewe (usr:P1wewe[(14,108,1)]) : _src_=prefs;preference=species;task=input
HREF: P1wewe (usr:P1wewe[(14,108,1)]) : _src_=prefs;preference=triumphs;task=menu
HREF: P1wewe (usr:P1wewe[(14,108,1)]) : _src_=prefs;preference=keybinds;task=menu
HREF: TheGodGuy (usr:TheGodGuy[(14,108,1)]) : _src_=prefs;preference=job;task=menu
HREF: TheGodGuy (usr:TheGodGuy[(14,108,1)]) : _src_=prefs;preference=job;task=menu
HREF: TheGodGuy (usr:TheGodGuy[(14,108,1)]) : _src_=prefs;preference=keybinds;task=menu
HREF: TheGodGuy (usr:TheGodGuy[(14,108,1)]) : _src_=prefs;preference=keybinds;task=menu
HREF: TheGodGuy (usr:TheGodGuy[(14,108,1)]) : _src_=prefs;preference=keybinds;task=menu
HREF: Niconato (usr:Niconato[(14,108,1)]) : _src_=prefs;preference=job;task=close
HREF: Niconato (usr:Niconato[(14,108,1)]) : _src_=prefs;preference=keybinds;task=menu
HREF: TheGodGuy (usr:TheGodGuy[(14,108,1)]) : _src_=prefs;preference=job;task=menu
HREF: Jesse mller (usr:Jesse mller[(14,108,1)]) : _src_=prefs;preference=keybinds;task=menu
HREF: TheGodGuy (usr:TheGodGuy[(14,108,1)]) : _src_=prefs;preference=job;task=setJobLevel;level=3;text=Adventurer
HREF: TheGodGuy (usr:TheGodGuy[(14,108,1)]) : _src_=prefs;preference=species;task=input
HREF: TheGodGuy (usr:TheGodGuy[(14,108,1)]) : _src_=prefs;preference=keybinds;task=menu
HREF: TheGodGuy (usr:TheGodGuy[(14,108,1)]) : _src_=prefs;preference=keybinds;task=keybindings_capture;keybinding=swap_hands;old_key=Unbound
HREF: TheGodGuy (usr:TheGodGuy[(14,108,1)]) : _src_=prefs;preference=keybinds;task=keybindings_set;keybinding=swap_hands;old_key=Unbound;clear_key=0;key=CapsLock;alt=0;ctrl=0;shift=0;numpad=0;key_code=20
HREF: TheGodGuy (usr:TheGodGuy[(14,108,1)]) : _src_=prefs;preference=keybinds;task=keybindings_capture;keybinding=swap_hands;old_key=CAPSLOCK
HREF: TheGodGuy (usr:TheGodGuy[(14,108,1)]) : _src_=prefs;preference=keybinds;task=keybindings_set;keybinding=swap_hands;old_key=CAPSLOCK;clear_key=0;key=X;alt=0;ctrl=0;shift=0;numpad=0;key_code=88
HREF: Niconato (usr:Niconato[(14,108,1)]) : _src_=prefs;preference=keybinds;task=close
HREF: TheGodGuy (usr:TheGodGuy[(14,108,1)]) : _src_=prefs;preference=keybinds;task=close
HREF: P1wewe (usr:P1wewe[(14,108,1)]) : P1wewe src=[mob_9];ready=1
HREF: TheGodGuy (usr:TheGodGuy[(14,108,1)]) : _src_=prefs;preference=age;task=input
HREF: Niconato (usr:Niconato[(14,108,1)]) : Niconato src=[mob_5];ready=1
HREF: TheGodGuy (usr:TheGodGuy[(14,108,1)]) : _src_=prefs;preference=s_tone;task=input
HREF: P1wewe (usr:P1wewe[(14,108,1)]) : _src_=prefs;preference=job;task=menu
HREF: Jesse mller (usr:Jesse mller[(14,108,1)]) : Jesse mller src=[mob_31];ready=1
HREF: Jesse mller (usr:Jesse mller[(14,108,1)]) : _src_=prefs;preference=triumphs;task=menu
HREF: Jesse mller (usr:Jesse mller[(14,108,1)]) : _src_=prefs;preference=antag;task=menu
HREF: Niconato (usr:Niconato[(14,108,1)]) : _src_=prefs;preference=job;task=menu
HREF: Jesse mller (usr:Jesse mller[(14,108,1)]) : _src_=prefs;preference=antag;task=be_special;be_special_type=Aspirant
HREF: Jesse mller (usr:Jesse mller[(14,108,1)]) : _src_=prefs;preference=antag;task=be_special;be_special_type=Bandit
HREF: Jesse mller (usr:Jesse mller[(14,108,1)]) : _src_=prefs;preference=antag;task=be_special;be_special_type=Peasant%20Rebel
HREF: Jesse mller (usr:Jesse mller[(14,108,1)]) : _src_=prefs;preference=antag;task=be_special;be_special_type=Maniac
HREF: Jesse mller (usr:Jesse mller[(14,108,1)]) : _src_=prefs;preference=antag;task=be_special;be_special_type=Vampire%20Lord
HREF: Jesse mller (usr:Jesse mller[(14,108,1)]) : _src_=prefs;preference=antag;task=close
HREF: Niconato (usr:Niconato[(14,108,1)]) : _src_=prefs;preference=job;task=close
HREF: P1wewe (usr:P1wewe[(14,108,1)]) : _src_=prefs;preference=job;task=setJobLevel;level=3;text=Merchant
HREF: P1wewe (usr:P1wewe[(14,108,1)]) : _src_=prefs;preference=job;task=setJobLevel;level=2;text=Merchant
HREF: P1wewe (usr:P1wewe[(14,108,1)]) : _src_=prefs;preference=job;task=setJobLevel;level=1;text=Merchant
HREF: P1wewe (usr:P1wewe[(14,108,1)]) : _src_=prefs;preference=job;task=setJobLevel;level=4;text=Merchant
HREF: Jesse mller (usr:Jesse mller[(14,108,1)]) : _src_=prefs;preference=job;task=menu
HREF: P1wewe (usr:P1wewe[(14,108,1)]) : _src_=prefs;preference=job;task=reset
HREF: Jesse mller (usr:Jesse mller[(14,108,1)]) : _src_=prefs;preference=job;task=setJobLevel;level=3;text=Priest
HREF: P1wewe (usr:P1wewe[(14,108,1)]) : _src_=prefs;preference=job;task=setJobLevel;level=3;text=Merchant
HREF: P1wewe (usr:P1wewe[(14,108,1)]) : _src_=prefs;preference=job;task=setJobLevel;level=2;text=Merchant
HREF: P1wewe (usr:P1wewe[(14,108,1)]) : _src_=prefs;preference=job;task=setJobLevel;level=1;text=Merchant
HREF: P1wewe (usr:P1wewe[(14,108,1)]) : _src_=prefs;preference=job;task=setJobLevel;level=4;text=Merchant
HREF: P1wewe (usr:P1wewe[(14,108,1)]) : _src_=prefs;preference=job;task=close
HREF: Jesse mller (usr:Jesse mller[(14,108,1)]) : Jesse mller src=[mob_31];ready=0
HREF: Jesse mller (usr:Jesse mller[(14,108,1)]) : Jesse mller src=[mob_31];ready=1
HREF: P1wewe (usr:P1wewe[(14,108,1)]) : _src_=prefs;preference=keybinds;task=close
HREF: TheGodGuy (usr:TheGodGuy[(14,108,1)]) : TheGodGuy src=[mob_3];late_join=1
HREF: P1wewe (usr:P1wewe[(14,108,1)]) : P1wewe src=[mob_9];late_join=1
HREF: TheGodGuy (usr:TheGodGuy[(14,108,1)]) : _src_=prefs;preference=gender
HREF: TheGodGuy (usr:TheGodGuy[(14,108,1)]) : _src_=prefs;preference=gender
HREF: TheGodGuy (usr:TheGodGuy[(14,108,1)]) : _src_=prefs;preference=name;task=random
HREF: TheGodGuy (usr:TheGodGuy[(14,108,1)]) : _src_=prefs;preference=gender
HREF: TheGodGuy (usr:TheGodGuy[(14,108,1)]) : _src_=prefs;preference=gender
HREF: TheGodGuy (usr:TheGodGuy[(14,108,1)]) : _src_=prefs;preference=name;task=input
HREF: TheGodGuy (usr:TheGodGuy[(14,108,1)]) : _src_=prefs;preference=age;task=input
HREF: TheGodGuy (usr:TheGodGuy[(14,108,1)]) : TheGodGuy src=[mob_3];late_join=1
HREF: Jesse mller (usr:Jesse mller[(14,108,1)]) : Jesse mller src=[mob_33];late_join=1
HREF: TheGodGuy (usr:TheGodGuy[(14,108,1)]) : TheGodGuy src=[mob_3];SelectedJob=Mercenary
HREF: Jesse mller (usr:Jesse mller[(14,108,1)]) : Jesse mller src=[mob_33];late_join=1
HREF: Jesse mller (usr:Jesse mller[(14,108,1)]) : Jesse mller src=[mob_33];late_join=1
HREF: Jesse mller (usr:Jesse mller[(14,108,1)]) : Jesse mller src=[mob_33];late_join=1
HREF: Jesse mller (usr:Jesse mller[(14,108,1)]) : Jesse mller src=[mob_33];late_join=1
HREF: Jesse mller (usr:Jesse mller[(14,108,1)]) : Jesse mller src=[mob_33];late_join=1
HREF: Jesse mller (usr:Jesse mller[(14,108,1)]) : Jesse mller src=[mob_33];late_join=1
HREF: Jesse mller (usr:Jesse mller[(14,108,1)]) : Jesse mller src=[mob_33];late_join=1
HREF: Jesse mller (usr:Jesse mller[(14,108,1)]) : Jesse mller src=[mob_33];late_join=1
HREF: Jesse mller (usr:Jesse mller[(14,108,1)]) : Jesse mller src=[mob_33];late_join=1
HREF: Jesse mller (usr:Jesse mller[(14,108,1)]) : Jesse mller src=[mob_33];late_join=1
HREF: Jesse mller (usr:Jesse mller[(14,108,1)]) : Jesse mller src=[mob_33];late_join=1
HREF: Jesse mller (usr:Jesse mller[(14,108,1)]) : Jesse mller src=[mob_33];late_join=1
HREF: P1wewe (usr:P1wewe[(14,108,1)]) : _src_=prefs;preference=antag;task=menu
HREF: Jesse mller (usr:Jesse mller[(14,108,1)]) : Jesse mller src=[mob_33];SelectedJob=Mercenary
HREF: Jesse mller (usr:[(31,3,4)]) : src=[mob_33];SelectedJob=Mercenary
HREF: P1wewe (usr:P1wewe[(14,108,1)]) : _src_=prefs;preference=job;task=menu
HREF: P1wewe (usr:P1wewe[(14,108,1)]) : _src_=prefs;preference=job;task=close
HREF: P1wewe (usr:P1wewe[(14,108,1)]) : _src_=prefs;preference=antag;task=close
HREF: P1wewe (usr:P1wewe[(14,108,1)]) : _src_=prefs;preference=save
HREF: P1wewe (usr:P1wewe[(14,108,1)]) : P1wewe src=[mob_9];SelectedJob=Adventurer
HREF: TheGodGuy (usr:the new player[(14,108,1)]) : The new player src=[mob_44];late_join=1
HREF: TheGodGuy (usr:the new player[(14,108,1)]) : The new player src=[mob_44];SelectedJob=Town%20Guard
HREF: TheGodGuy (usr:Sorrowful[(54,112,11)]) : thegodguy's admin datum (Host) src=[0x21000b89];admin_token=14981061108061005666201087655724725;makeAntag=traitors
HREF: TheGodGuy (usr:the new player[(14,108,1)]) : The new player src=[mob_57];late_join=1
HREF: TheGodGuy (usr:the new player[(14,108,1)]) : The new player src=[mob_57];SelectedJob=Adventurer
HREF: TheGodGuy (usr:the new player[(14,108,1)]) : _src_=prefs;preference=job;task=menu
HREF: TheGodGuy (usr:the new player[(14,108,1)]) : The new player src=[mob_60];late_join=1
HREF: TheGodGuy (usr:the new player[(14,108,1)]) : The new player src=[mob_60];SelectedJob=Adventurer
HREF: TheGodGuy (usr:the new player[(14,108,1)]) : _src_=holder;admin_token=78812107107611073787798452441084324;ahelp=[0x210375d5];ahelp_action=reply
HREF: TheGodGuy (usr:the new player[(14,108,1)]) : The new player src=[mob_63];late_join=1
HREF: TheGodGuy (usr:the new player[(14,108,1)]) : The new player src=[mob_63];SelectedJob=Bog%20Guard
HREF: P1wewe (usr:Chloeyaz[(76,111,4)]) : priv_msg=thegodguy
HREF: TheGodGuy (usr:Jarak[(120,69,3)]) : priv_msg=p1wewe
HREF: P1wewe (usr:Chloeyaz[(76,111,4)]) : priv_msg=thegodguy
HREF: TheGodGuy (usr:Jarak[(120,69,3)]) : priv_msg=p1wewe
HREF: P1wewe (usr:Chloeyaz[(79,104,4)]) : priv_msg=thegodguy
HREF: TheGodGuy (usr:Jarak[(103,69,4)]) : priv_msg=p1wewe
HREF: P1wewe (usr:Chloeyaz[(80,106,4)]) : priv_msg=thegodguy
HREF: TheGodGuy (usr:Jarak[(97,68,4)]) : priv_msg=p1wewe
HREF: P1wewe (usr:Chloeyaz[(80,103,4)]) : priv_msg=thegodguy
HREF: TheGodGuy (usr:Jarak[(95,71,4)]) : priv_msg=p1wewe
HREF: P1wewe (usr:Chloeyaz[(91,103,4)]) : priv_msg=thegodguy
HREF: TheGodGuy (usr:Jarak[(95,71,4)]) : priv_msg=p1wewe
HREF: P1wewe (usr:Chloeyaz[(95,83,4)]) : priv_msg=thegodguy
HREF: TheGodGuy (usr:Jarak[(95,71,4)]) : priv_msg=p1wewe
HREF: P1wewe (usr:Chloeyaz[(94,71,4)]) : priv_msg=thegodguy
HREF: TheGodGuy (usr:Jarak[(95,71,4)]) : priv_msg=p1wewe
HREF: P1wewe (usr:Chloeyaz[(95,70,4)]) : Jarak src=[mob_66];inspect_limb=1
HREF: P1wewe (usr:Chloeyaz[(95,70,4)]) : priv_msg=thegodguy
HREF: P1wewe (usr:Chloeyaz[(95,70,4)]) : Jarak src=[mob_66];inspect_limb=1
