Starting up round ID Sherax558-20.05.57.
-------------------------
Running /tg/ revision: 
No commit information
Initialized Title Screen subsystem within 0 seconds!
Initialized Database subsystem within 0 seconds!
Initialized Blackbox subsystem within 0 seconds!
Initialized Server Tasks subsystem within 0 seconds!
Initialized Input subsystem within 0 seconds!
Initialized Vis contents overlays subsystem within 0 seconds!
Initialized Triumphs subsystem within 0 seconds!
Initialized Achievements subsystem within 0 seconds!
Initialized Materials subsystem within 0 seconds!
Initialized Research subsystem within 0 seconds!
Initialized Events subsystem within 0 seconds!
Initialized Jobs subsystem within 0 seconds!
Initialized Quirks subsystem within 0 seconds!
Initialized Ticker subsystem within 0 seconds!
runtime error: json_decode error: Expected comma or } at ",
    "map_file": "smalldecap (character 67)
proc name: LoadConfig (/datum/map_config/proc/LoadConfig)
  source file: code/datums/map_config.dm,65
  usr: null
  src: /datum/map_config (/datum/map_config)
  call stack:
/datum/map_config (/datum/map_config): LoadConfig("_maps/map_files/otherz/smallde...", 1)
load map config("_maps/map_files/otherz/smallde...", null, null, 1)
Mapping (/datum/controller/subsystem/mapping): loadWorld()
Mapping (/datum/controller/subsystem/mapping): Initialize(687587)
Master (/datum/controller/master): Initialize(10, 0, 1)

RED ALERT! The following map files failed to load: _maps/map_files/BoxStation/BoxStation.dmm. Yell at your server host!
Initialized Mapping subsystem within 13.4 seconds!
Initialized Networks subsystem within 0 seconds!
Initialized Economy subsystem within 0 seconds!
Initialized Atoms subsystem within 33.3 seconds!
Initialized Language subsystem within 0 seconds!
Initialized Machines subsystem within 0 seconds!
Initialized treesetup subsystem within 1.1 seconds!
Initialized Skills subsystem within 0 seconds!
Initialized Atmos Adjacency subsystem within 0.7 seconds!
Initialized Disease subsystem within 0 seconds!
Initialized Night Shift subsystem within 0 seconds!
Initialized Parallax subsystem within 0 seconds!
Initialized Runechat subsystem within 0 seconds!
Initialized Traumas subsystem within 0 seconds!
Initialized Weather subsystem within 0 seconds!
Initialized humannpc subsystem within 0 seconds!
Initialized treasury subsystem within 0 seconds!
## WARNING: 
Initialized Atmospherics subsystem within 18.8 seconds!
Initialized Assets subsystem within 0 seconds!
Initialized Icon Smoothing subsystem within 12.6 seconds!
Initialized Overlay subsystem within 1.8 seconds!
Initialized XKeyScore subsystem within 0 seconds!
Initialized PRISM subsystem within 0 seconds!
Initialized Lighting subsystem within 10.2 seconds!
## WARNING: couldn't find dock with id: supply_home in code/controllers/subsystem/shuttle.dm at line 179 src: Shuttle usr: .
## WARNING: No /obj/docking_port/mobile/arrivals placed on the map! in code/controllers/subsystem/shuttle.dm at line 83 src: Shuttle usr: .
## WARNING: No /obj/docking_port/mobile/emergency placed on the map! in code/controllers/subsystem/shuttle.dm at line 85 src: Shuttle usr: .
Initialized Shuttle subsystem within 0.3 seconds!
Initialized Minor Mapping subsystem within 0.1 seconds!
Initialized Librarian subsystem within 0 seconds!
Initialized Pathfinder subsystem within 0 seconds!
Initialized Discord subsystem within 0 seconds!
Loaded 0 engraved messages on map Roguetown 2
Initialized Persistence subsystem within 0 seconds!
Initialized Chat subsystem within 0 seconds!
Initializations complete within 92.5 seconds!
## WARNING: couldn't find dock with id: supply_home in code/controllers/subsystem/shuttle.dm at line 179 src: Shuttle usr: .
runtime error: Cannot read null.verbs
verb name: {RETURN TO LOBBY} (/mob/verb/returntolobby)
  source file: code/modules/underworld/underworld.dm,70
  usr: (src)
  src: Unknown (/mob/living/carbon/human)
  src.loc: the dirt (12,106,4) (/turf/open/floor/rogue/dirt/road)
  call stack:
Unknown (/mob/living/carbon/human): {RETURN TO LOBBY}()
TheGodGuy (/client): Return to Lobby()

runtime error: undefined variable /turf/open/water/cleanshallow/var/STASTR
proc name: get complex damage (/proc/get_complex_damage)
  source file: code/_onclick/item_attack.dm,204
  usr: Jonathan (/mob/living/carbon/human)
  src: null
  usr.loc: the water (51,111,3) (/turf/open/water/cleanshallow)
  call stack:
get complex damage(the cudgel (/obj/item/rogueweapon/mace/cudgel), the water (51,111,3) (/turf/open/water/cleanshallow), null)
the cudgel (/obj/item/rogueweapon/mace/cudgel): get dismemberment chance(the head (/obj/item/bodypart/head))
Humen (/datum/species/human/northern): spec attacked by(the cudgel (/obj/item/rogueweapon/mace/cudgel), Jonathan (/mob/living/carbon/human), the head (/obj/item/bodypart/head), strike (/datum/intent/mace/strike), Jonathan (/mob/living/carbon/human), "l_eye")
Jonathan (/mob/living/carbon/human): attacked by(the cudgel (/obj/item/rogueweapon/mace/cudgel), Jonathan (/mob/living/carbon/human))
the cudgel (/obj/item/rogueweapon/mace/cudgel): attack(Jonathan (/mob/living/carbon/human), Jonathan (/mob/living/carbon/human))
Jonathan (/mob/living/carbon/human): attackby(the cudgel (/obj/item/rogueweapon/mace/cudgel), Jonathan (/mob/living/carbon/human), "icon-x=18;icon-y=25;vis-x=26;v...")
Jonathan (/mob/living/carbon/human): attackby(the cudgel (/obj/item/rogueweapon/mace/cudgel), Jonathan (/mob/living/carbon/human), "icon-x=18;icon-y=25;vis-x=26;v...")
Jonathan (/mob/living/carbon/human): attackby(the cudgel (/obj/item/rogueweapon/mace/cudgel), Jonathan (/mob/living/carbon/human), "icon-x=18;icon-y=25;vis-x=26;v...")
the cudgel (/obj/item/rogueweapon/mace/cudgel): melee attack chain(Jonathan (/mob/living/carbon/human), Jonathan (/mob/living/carbon/human), "icon-x=18;icon-y=25;vis-x=26;v...")
Jonathan (/mob/living/carbon/human): resolveAdjacentClick(Jonathan (/mob/living/carbon/human), the cudgel (/obj/item/rogueweapon/mace/cudgel), "icon-x=18;icon-y=25;vis-x=26;v...", null)
Jonathan (/mob/living/carbon/human): ClickOn(Jonathan (/mob/living/carbon/human), "icon-x=18;icon-y=25;vis-x=26;v...")
Jonathan (/mob/living/carbon/human): Click(the water (51,111,3) (/turf/open/water/cleanshallow), "mapwindow.map", "icon-x=18;icon-y=25;vis-x=26;v...")
TheGodGuy (/client): Click(Jonathan (/mob/living/carbon/human), the water (51,111,3) (/turf/open/water/cleanshallow), "mapwindow.map", "icon-x=18;icon-y=25;vis-x=26;v...")

runtime error: undefined variable /turf/open/water/cleanshallow/var/rmb_intent
proc name: get dismemberment chance (/obj/item/rogueweapon/get_dismemberment_chance)
  source file: code/game/objects/items/rogueweapons/rogueweapon.dm,46
  usr: Jonathan (/mob/living/carbon/human)
  src: the cudgel (/obj/item/rogueweapon/mace/cudgel)
  usr.loc: the water (51,111,3) (/turf/open/water/cleanshallow)
  src.loc: the water (51,111,3) (/turf/open/water/cleanshallow)
  call stack:
the cudgel (/obj/item/rogueweapon/mace/cudgel): get dismemberment chance(the head (/obj/item/bodypart/head))
Humen (/datum/species/human/northern): spec attacked by(the cudgel (/obj/item/rogueweapon/mace/cudgel), Jonathan (/mob/living/carbon/human), the head (/obj/item/bodypart/head), strike (/datum/intent/mace/strike), Jonathan (/mob/living/carbon/human), "l_eye")
Jonathan (/mob/living/carbon/human): attacked by(the cudgel (/obj/item/rogueweapon/mace/cudgel), Jonathan (/mob/living/carbon/human))
the cudgel (/obj/item/rogueweapon/mace/cudgel): attack(Jonathan (/mob/living/carbon/human), Jonathan (/mob/living/carbon/human))
Jonathan (/mob/living/carbon/human): attackby(the cudgel (/obj/item/rogueweapon/mace/cudgel), Jonathan (/mob/living/carbon/human), "icon-x=18;icon-y=25;vis-x=26;v...")
Jonathan (/mob/living/carbon/human): attackby(the cudgel (/obj/item/rogueweapon/mace/cudgel), Jonathan (/mob/living/carbon/human), "icon-x=18;icon-y=25;vis-x=26;v...")
Jonathan (/mob/living/carbon/human): attackby(the cudgel (/obj/item/rogueweapon/mace/cudgel), Jonathan (/mob/living/carbon/human), "icon-x=18;icon-y=25;vis-x=26;v...")
the cudgel (/obj/item/rogueweapon/mace/cudgel): melee attack chain(Jonathan (/mob/living/carbon/human), Jonathan (/mob/living/carbon/human), "icon-x=18;icon-y=25;vis-x=26;v...")
Jonathan (/mob/living/carbon/human): resolveAdjacentClick(Jonathan (/mob/living/carbon/human), the cudgel (/obj/item/rogueweapon/mace/cudgel), "icon-x=18;icon-y=25;vis-x=26;v...", null)
Jonathan (/mob/living/carbon/human): ClickOn(Jonathan (/mob/living/carbon/human), "icon-x=18;icon-y=25;vis-x=26;v...")
Jonathan (/mob/living/carbon/human): Click(the water (51,111,3) (/turf/open/water/cleanshallow), "mapwindow.map", "icon-x=18;icon-y=25;vis-x=26;v...")
TheGodGuy (/client): Click(Jonathan (/mob/living/carbon/human), the water (51,111,3) (/turf/open/water/cleanshallow), "mapwindow.map", "icon-x=18;icon-y=25;vis-x=26;v...")

runtime error: Cannot read null.verbs
verb name: {RETURN TO LOBBY} (/mob/verb/returntolobby)
  source file: code/modules/underworld/underworld.dm,70
  usr: (src)
  src: Frank (/mob/living/carbon/human)
  src.loc: the murk (91,113,10) (/turf/open/water/swamp)
  call stack:
Frank (/mob/living/carbon/human): {RETURN TO LOBBY}()
TheGodGuy (/client): Return to Lobby()

runtime error: Cannot read null.verbs
verb name: {RETURN TO LOBBY} (/mob/verb/returntolobby)
  source file: code/modules/underworld/underworld.dm,70
  usr: (src)
  src: Theodal (/mob/living/carbon/human)
  src.loc: the grass (97,104,8) (/turf/open/floor/rogue/grass)
  call stack:
Theodal (/mob/living/carbon/human): {RETURN TO LOBBY}()
TheGodGuy (/client): Return to Lobby()

runtime error: undefined variable /turf/open/floor/rogue/cobble/var/STASTR
proc name: get complex damage (/proc/get_complex_damage)
  source file: code/_onclick/item_attack.dm,204
  usr: Jarak (/mob/living/carbon/human)
  src: null
  usr.loc: the floor (97,69,4) (/turf/open/floor/rogue/cobble)
  call stack:
get complex damage(the sword (/obj/item/rogueweapon/sword), the floor (97,69,4) (/turf/open/floor/rogue/cobble), null)
the sword (/obj/item/rogueweapon/sword): get dismemberment chance(the right leg (/obj/item/bodypart/r_leg))
Humen (/datum/species/human/northern): spec attacked by(the sword (/obj/item/rogueweapon/sword), Jarak (/mob/living/carbon/human), the right leg (/obj/item/bodypart/r_leg), strike (/datum/intent/sword/cut), Jarak (/mob/living/carbon/human), "r_leg")
Jarak (/mob/living/carbon/human): attacked by(the sword (/obj/item/rogueweapon/sword), Jarak (/mob/living/carbon/human))
the sword (/obj/item/rogueweapon/sword): attack(Jarak (/mob/living/carbon/human), Jarak (/mob/living/carbon/human))
Jarak (/mob/living/carbon/human): attackby(the sword (/obj/item/rogueweapon/sword), Jarak (/mob/living/carbon/human), "icon-x=19;icon-y=4;left=1;butt...")
Jarak (/mob/living/carbon/human): attackby(the sword (/obj/item/rogueweapon/sword), Jarak (/mob/living/carbon/human), "icon-x=19;icon-y=4;left=1;butt...")
Jarak (/mob/living/carbon/human): attackby(the sword (/obj/item/rogueweapon/sword), Jarak (/mob/living/carbon/human), "icon-x=19;icon-y=4;left=1;butt...")
the sword (/obj/item/rogueweapon/sword): melee attack chain(Jarak (/mob/living/carbon/human), Jarak (/mob/living/carbon/human), "icon-x=19;icon-y=4;left=1;butt...")
Jarak (/mob/living/carbon/human): resolveAdjacentClick(Jarak (/mob/living/carbon/human), the sword (/obj/item/rogueweapon/sword), "icon-x=19;icon-y=4;left=1;butt...", null)
Jarak (/mob/living/carbon/human): ClickOn(Jarak (/mob/living/carbon/human), "icon-x=19;icon-y=4;left=1;butt...")
Jarak (/mob/living/carbon/human): Click(the floor (97,69,4) (/turf/open/floor/rogue/cobble), "mapwindow.map", "icon-x=19;icon-y=4;left=1;butt...")
TheGodGuy (/client): Click(Jarak (/mob/living/carbon/human), the floor (97,69,4) (/turf/open/floor/rogue/cobble), "mapwindow.map", "icon-x=19;icon-y=4;left=1;butt...")

runtime error: undefined variable /turf/open/floor/rogue/cobble/var/rmb_intent
proc name: get dismemberment chance (/obj/item/rogueweapon/get_dismemberment_chance)
  source file: code/game/objects/items/rogueweapons/rogueweapon.dm,46
  usr: Jarak (/mob/living/carbon/human)
  src: the sword (/obj/item/rogueweapon/sword)
  usr.loc: the floor (97,69,4) (/turf/open/floor/rogue/cobble)
  src.loc: the floor (97,69,4) (/turf/open/floor/rogue/cobble)
  call stack:
the sword (/obj/item/rogueweapon/sword): get dismemberment chance(the right leg (/obj/item/bodypart/r_leg))
Humen (/datum/species/human/northern): spec attacked by(the sword (/obj/item/rogueweapon/sword), Jarak (/mob/living/carbon/human), the right leg (/obj/item/bodypart/r_leg), strike (/datum/intent/sword/cut), Jarak (/mob/living/carbon/human), "r_leg")
Jarak (/mob/living/carbon/human): attacked by(the sword (/obj/item/rogueweapon/sword), Jarak (/mob/living/carbon/human))
the sword (/obj/item/rogueweapon/sword): attack(Jarak (/mob/living/carbon/human), Jarak (/mob/living/carbon/human))
Jarak (/mob/living/carbon/human): attackby(the sword (/obj/item/rogueweapon/sword), Jarak (/mob/living/carbon/human), "icon-x=19;icon-y=4;left=1;butt...")
Jarak (/mob/living/carbon/human): attackby(the sword (/obj/item/rogueweapon/sword), Jarak (/mob/living/carbon/human), "icon-x=19;icon-y=4;left=1;butt...")
Jarak (/mob/living/carbon/human): attackby(the sword (/obj/item/rogueweapon/sword), Jarak (/mob/living/carbon/human), "icon-x=19;icon-y=4;left=1;butt...")
the sword (/obj/item/rogueweapon/sword): melee attack chain(Jarak (/mob/living/carbon/human), Jarak (/mob/living/carbon/human), "icon-x=19;icon-y=4;left=1;butt...")
Jarak (/mob/living/carbon/human): resolveAdjacentClick(Jarak (/mob/living/carbon/human), the sword (/obj/item/rogueweapon/sword), "icon-x=19;icon-y=4;left=1;butt...", null)
Jarak (/mob/living/carbon/human): ClickOn(Jarak (/mob/living/carbon/human), "icon-x=19;icon-y=4;left=1;butt...")
Jarak (/mob/living/carbon/human): Click(the floor (97,69,4) (/turf/open/floor/rogue/cobble), "mapwindow.map", "icon-x=19;icon-y=4;left=1;butt...")
TheGodGuy (/client): Click(Jarak (/mob/living/carbon/human), the floor (97,69,4) (/turf/open/floor/rogue/cobble), "mapwindow.map", "icon-x=19;icon-y=4;left=1;butt...")

